"../../../../../../AReproposta/Content/Animations/LS_ScoreBoard_01.uasset" 0
"../../../../../../AReproposta/Content/Animations/LS_ScoreBoard_02.uasset" 1
"../../../../../../AReproposta/Content/Animations/LS_ScoreBoard_03.uasset" 2
"../../../../../../AReproposta/Content/Animations/LS_StartGame_01.uasset" 3
"../../../../../../AReproposta/Content/Animations/LS_StartGame_02.uasset" 4
"../../../../../../AReproposta/Content/Animations/LS_StartGame_03.uasset" 5
"../../../../../../AReproposta/Content/UI/T_Missile.uasset" 6
"../../../Engine/Content/Functions/Engine_MaterialFunctions01/Opacity/CameraDepthFade.uasset" 7
"../../../Engine/Content/EngineMaterials/T_Default_Material_Grid_M.uasset" 8
"../../../Engine/Content/EngineMaterials/T_Default_Material_Grid_N.uasset" 9
"../../../Engine/Content/EngineMaterials/WorldGridMaterial.uasset" 10
"../../../Engine/Content/ArtTools/RenderToTexture/Meshes/S_1_Unit_Plane.uasset" 11
"../../../Engine/Content/EngineMaterials/DefaultMaterial.uasset" 12
"../../../Engine/Content/BasicShapes/Cone.uasset" 13
"../../../Engine/Content/BasicShapes/Cylinder.uasset" 14
"../../../Engine/Content/EditorLandscapeResources/DataLayer.uasset" 15
"../../../Engine/Content/EditorMaterials/GizmoMaterial.uasset" 16
"../../../Engine/Content/EditorMaterials/MAT_Groups_Toggle.uasset" 17
"../../../Engine/Content/EditorMaterials/MAT_Groups_Visibility.uasset" 18
"../../../Engine/Content/EditorMaterials/PreviewShadowIndicator.uasset" 19
"../../../Engine/Content/EditorMaterials/PreviewShadowIndicatorMaterial.uasset" 20
"../../../Engine/Content/EditorMaterials/MatineeGroups/MAT_ColorTrack.uasset" 21
"../../../Engine/Content/EditorMaterials/MatineeGroups/MAT_Groups_Anim.uasset" 22
"../../../Engine/Content/EditorMaterials/MatineeGroups/MAT_Groups_AudioMaster.uasset" 23
"../../../Engine/Content/EditorMaterials/MatineeGroups/MAT_Groups_Director.uasset" 24
"../../../Engine/Content/EditorMaterials/MatineeGroups/MAT_Groups_Event.uasset" 25
"../../../Engine/Content/EditorMaterials/MatineeGroups/MAT_Groups_Fade.uasset" 26
"../../../Engine/Content/EditorMaterials/MatineeGroups/MAT_Groups_Float.uasset" 27
"../../../Engine/Content/EditorMaterials/MatineeGroups/MAT_Groups_Move.uasset" 28
"../../../Engine/Content/EditorMaterials/MatineeGroups/MAT_Groups_Slomo.uasset" 29
"../../../Engine/Content/EditorMaterials/MatineeGroups/MAT_Groups_Sound.uasset" 30
"../../../Engine/Content/EditorMaterials/MatineeGroups/MAT_Groups_Vector.uasset" 31
"../../../Engine/Content/EditorMaterials/ParticleSystems/PSysThumbnail_NoImage.uasset" 32
"../../../Engine/Content/EditorMaterials/ParticleSystems/PSysThumbnail_OOD.uasset" 33
"../../../Engine/Content/EditorMaterials/Camera/CineMat.uasset" 34
"../../../Engine/Content/EditorMaterials/Camera/MI_CineMat_Rig.uasset" 35
"../../../Engine/Content/EditorMeshes/Camera/SM_CraneRig_Arm.uasset" 36
"../../../Engine/Content/EditorMeshes/Camera/SM_CraneRig_Base.uasset" 37
"../../../Engine/Content/EditorMeshes/Camera/SM_CraneRig_Body.uasset" 38
"../../../Engine/Content/EditorMeshes/Camera/SM_CraneRig_Mount.uasset" 39
"../../../Engine/Content/EditorMeshes/Camera/SM_RailRig_Mount.uasset" 40
"../../../Engine/Content/EditorMeshes/Camera/SM_RailRig_Track.uasset" 41
"../../../Engine/Content/EditorResources/BSPVertex.uasset" 42
"../../../Engine/Content/EditorResources/EmptyActor.uasset" 43
"../../../Engine/Content/EditorResources/S_Actor.uasset" 44
"../../../Engine/Content/EditorResources/S_Trigger.uasset" 45
"../../../Engine/Content/EditorResources/LightIcons/S_LightError.uasset" 46
"../../../Engine/Content/EditorResources/SequenceRecorder/Countdown.uasset" 47
"../../../Engine/Content/EditorResources/SequenceRecorder/RecordingIndicator.uasset" 48
"../../../Engine/Content/EditorSounds/Notifications/CompileFailed.uasset" 49
"../../../Engine/Content/EditorSounds/Notifications/CompileFailed_Cue.uasset" 50
"../../../Engine/Content/EditorSounds/Notifications/CompileSuccess.uasset" 51
"../../../Engine/Content/EditorSounds/Notifications/CompileStart_Cue.uasset" 52
"../../../Engine/Content/EditorSounds/Notifications/CompileSuccess_Cue.uasset" 53
"../../../Engine/Content/EngineDamageTypes/DmgTypeBP_Environmental.uasset" 54
"../../../Engine/Content/EngineDebugMaterials/HeatmapGradient.uasset" 55
"../../../Engine/Content/EngineDebugMaterials/BoneWeightMaterial.uasset" 56
"../../../Engine/Content/EngineDebugMaterials/ClothMaterial.uasset" 57
"../../../Engine/Content/EngineDebugMaterials/ClothMaterial_WF.uasset" 58
"../../../Engine/Content/EngineDebugMaterials/DebugEditorMaterial.uasset" 59
"../../../Engine/Content/EngineDebugMaterials/DebugMeshMaterial.uasset" 60
"../../../Engine/Content/EngineDebugMaterials/GeomMaterial.uasset" 61
"../../../Engine/Content/EngineDebugMaterials/M_SimpleTranslucent.uasset" 62
"../../../Engine/Content/EngineFonts/Faces/RobotoBold.uasset" 63
"../../../Engine/Content/EngineFonts/Faces/RobotoBoldItalic.uasset" 64
"../../../Engine/Content/EngineFonts/Faces/RobotoItalic.uasset" 65
"../../../Engine/Content/EngineFonts/Faces/RobotoLight.uasset" 66
"../../../Engine/Content/EngineFonts/Faces/RobotoRegular.uasset" 67
"../../../Engine/Content/EngineFonts/Roboto.uasset" 68
"../../../Engine/Content/EngineFonts/Faces/RobotoTiny.uasset" 69
"../../../Engine/Content/EngineFonts/RobotoTiny.uasset" 70
"../../../Engine/Content/EngineMaterials/BaseFlattenDiffuseMap.uasset" 71
"../../../Engine/Content/EngineMaterials/BaseFlattenEmissiveMap.uasset" 72
"../../../Engine/Content/EngineMaterials/BaseFlattenGrayscaleMap.uasset" 73
"../../../Engine/Content/EngineMaterials/BaseFlattenNormalMap.uasset" 74
"../../../Engine/Content/EngineMaterials/BaseFlattenMaterial.uasset" 75
"../../../Engine/Content/EngineMaterials/DefaultBloomKernel.uasset" 76
"../../../Engine/Content/EngineMaterials/DefaultBokeh.uasset" 77
"../../../Engine/Content/EngineMaterials/DefaultDiffuse.uasset" 78
"../../../Engine/Content/EngineMaterials/DefaultDeferredDecalMaterial.uasset" 79
"../../../Engine/Content/EngineMaterials/DefaultLightFunctionMaterial.uasset" 80
"../../../Engine/Content/EngineMaterials/DefaultPhysicalMaterial.uasset" 81
"../../../Engine/Content/Functions/Engine_MaterialFunctions02/Utility/BreakOutFloat2Components.uasset" 82
"../../../Engine/Content/EngineMaterials/DefaultPostProcessMaterial.uasset" 83
"../../../Engine/Content/EngineFonts/RobotoDistanceField.uasset" 84
"../../../Engine/Content/EngineMaterials/DefaultTextMaterialOpaque.uasset" 85
"../../../Engine/Content/EngineMaterials/DefaultWhiteGrid.uasset" 86
"../../../Engine/Content/EngineMaterials/EditorBrushMaterial.uasset" 87
"../../../Engine/Content/EngineMaterials/Good64x64TilingNoiseHighFreq.uasset" 88
"../../../Engine/Content/EngineMaterials/MiniFont.uasset" 89
"../../../Engine/Content/EngineMaterials/InvalidLightmapSettings.uasset" 90
"../../../Engine/Content/EngineMaterials/M_InvalidLightmapSettings.uasset" 91
"../../../Engine/Content/Functions/Engine_MaterialFunctions02/WorldPositionOffset/CameraOffset.uasset" 92
"../../../Engine/Content/EngineMaterials/PhAT_JointLimitMaterial.uasset" 93
"../../../Engine/Content/EngineMaterials/PreintegratedSkinBRDF.uasset" 94
"../../../Engine/Content/EngineMaterials/RemoveSurfaceMaterial.uasset" 95
"../../../Engine/Content/EngineMaterials/WeightMapPlaceholderTexture.uasset" 96
"../../../Engine/Content/EngineResources/WhiteSquareTexture.uasset" 97
"../../../Engine/Content/EngineMaterials/Widget3DPassThrough.uasset" 98
"../../../Engine/Content/EngineMaterials/Widget3DPassThrough_Masked.uasset" 99
"../../../Engine/Content/EngineMaterials/Widget3DPassThrough_Opaque.uasset" 100
"../../../Engine/Content/EngineMaterials/Widget3DPassThrough_Masked_OneSided.uasset" 101
"../../../Engine/Content/EngineMaterials/Widget3DPassThrough_Opaque_OneSided.uasset" 102
"../../../Engine/Content/EngineMaterials/Widget3DPassThrough_Translucent.uasset" 103
"../../../Engine/Content/EngineMaterials/Widget3DPassThrough_Translucent_OneSided.uasset" 104
"../../../Engine/Content/EngineMeshes/Cylinder.uasset" 105
"../../../Engine/Content/EngineMeshes/Sphere.uasset" 106
"../../../Engine/Content/EngineResources/Black.uasset" 107
"../../../Engine/Content/EngineResources/DefaultTexture.uasset" 108
"../../../Engine/Content/EngineResources/DefaultTextureCube.uasset" 109
"../../../Engine/Content/EngineResources/DefaultVolumeTexture2D.uasset" 110
"../../../Engine/Content/EngineResources/DefaultVolumeTexture.uasset" 111
"../../../Engine/Content/EngineResources/GradientTexture0.uasset" 112
"../../../Engine/Content/EngineSounds/Master.uasset" 113
"../../../Engine/Content/Functions/Engine_MaterialFunctions01/Shading/ConvertFromDiffSpec.uasset" 114
"../../../Engine/Content/Functions/Engine_MaterialFunctions01/Shading/PowerToRoughness.uasset" 115
"../../../Engine/Content/Maps/Templates/Thumbnails/Default.uasset" 116
"../../../Engine/Content/Maps/Templates/Thumbnails/VR-Basic.uasset" 117
"../../../Engine/Content/MobileResources/T_MobileControls_texture.uasset" 118
"../../../Engine/Content/MobileResources/T_MobileMenu2.uasset" 119
"../../../Engine/Content/MobileResources/HUD/AnalogHat.uasset" 120
"../../../Engine/Content/MobileResources/HUD/VirtualJoystick_Background.uasset" 121
"../../../Engine/Content/MobileResources/HUD/VirtualJoystick_Thumb.uasset" 122
"../../../Engine/Content/MobileResources/HUD/DefaultVirtualJoysticks.uasset" 123
"../../../Engine/Content/MobileResources/HUD/LeftVirtualJoystickOnly.uasset" 124
"../../../Engine/Content/MobileResources/HUD/MobileHUDButton1_off.uasset" 125
"../../../Engine/Content/MobileResources/HUD/MobileHUDButton1_on.uasset" 126
"../../../Engine/Content/MobileResources/HUD/MobileHUDButton2_off.uasset" 127
"../../../Engine/Content/MobileResources/HUD/MobileHUDButton2_on.uasset" 128
"../../../Engine/Content/MobileResources/HUD/MobileHUDButton3.uasset" 129
"../../../Engine/Content/MobileResources/HUD/MobileHUDButtonFire.uasset" 130
"../../../Engine/Content/MobileResources/HUD/MobileHUDDirectionPad.uasset" 131
"../../../Engine/Content/MobileResources/HUD/MobileHUDDirectionPad2.uasset" 132
"../../../Engine/Content/MobileResources/HUD/MobileHUDDirectionPad3.uasset" 133
"../../../Engine/Content/MobileResources/HUD/MobileHUDDirectionStick.uasset" 134
"../../../Engine/Content/MobileResources/HUD/T_Castle_ThumbstickInner.uasset" 135
"../../../Engine/Content/MobileResources/HUD/T_Castle_ThumbstickOutter.uasset" 136
"../../../Engine/Content/Tutorial/ContentIntroCurve.uasset" 137
"../../../Engine/Content/VREditor/LaserPointer/VR_LaserPower_01.uasset" 138
"../../../Engine/Content/VREditor/TransformGizmo/TransformGizmoMaterial.uasset" 139
"../../../Engine/Content/VREditor/TransformGizmo/TranslucentTransformGizmoMaterial.uasset" 140
"../../../Engine/Content/VREditor/TransformGizmo/BoundingBoxCorner.uasset" 141
"../../../Engine/Content/VREditor/TransformGizmo/BoundingBoxEdge.uasset" 142
"../../../Engine/Content/VREditor/TransformGizmo/PlaneTranslationHandle.uasset" 143
"../../../Engine/Content/VREditor/TransformGizmo/Main.uasset" 144
"../../../Engine/Content/VREditor/TransformGizmo/Xray.uasset" 145
"../../../Engine/Content/VREditor/TransformGizmo/SM_Sequencer_Key.uasset" 146
"../../../Engine/Content/VREditor/TransformGizmo/SM_Sequencer_Node.uasset" 147
"../../Plugins/2D/Paper2D/Content/PlaceholderTextures/DummySpriteTexture.uasset" 148
"../../Plugins/2D/Paper2D/Content/DummySprite.uasset" 149
"../../Plugins/2D/Paper2D/Content/DefaultPaperTerrainMaterial.uasset" 150
"../../Plugins/2D/Paper2D/Content/DefaultSpriteMaterial.uasset" 151
"../../Plugins/2D/Paper2D/Content/MaskedUnlitSpriteMaterial.uasset" 152
"../../Plugins/2D/Paper2D/Content/OpaqueUnlitSpriteMaterial.uasset" 153
"../../Plugins/Runtime/Oculus/OculusVR/Content/Materials/PokeAHoleMaterial.uasset" 154
"../../Plugins/Runtime/Oculus/OculusVR/Content/Textures/GearVRController_AO.uasset" 155
"../../Plugins/Runtime/Oculus/OculusVR/Content/Textures/GearVRController_Color.uasset" 156
"../../Plugins/Runtime/Oculus/OculusVR/Content/Textures/GearVRController_Normal.uasset" 157
"../../Plugins/Runtime/Oculus/OculusVR/Content/Materials/GearVRControllerMaterial.uasset" 158
"../../Plugins/Runtime/Oculus/OculusVR/Content/Meshes/GearVrController.uasset" 159
"../../Plugins/Runtime/Oculus/OculusVR/Content/Textures/touchController_albedo.uasset" 160
"../../Plugins/Runtime/Oculus/OculusVR/Content/Textures/touchController_controlmap.uasset" 161
"../../Plugins/Runtime/Oculus/OculusVR/Content/Materials/touchController_mat.uasset" 162
"../../Plugins/Runtime/Oculus/OculusVR/Content/Meshes/LeftTouchController.uasset" 163
"../../Plugins/Runtime/Oculus/OculusVR/Content/Meshes/RiftHMD.uasset" 164
"../../Plugins/Runtime/Oculus/OculusVR/Content/Meshes/RightTouchController.uasset" 165
"../../../../../../AReproposta/Content/Map/00MainMenu_BuiltData.uasset" 166
"../../../../../../AReproposta/Content/UI/T_AProposta.uasset" 167
"../../../../../../AReproposta/Content/UI/T_Backgorund.uasset" 168
"../../../../../../AReproposta/Content/UI/T_NovoJogo.uasset" 169
"../../../../../../AReproposta/Content/UI/T_Sair.uasset" 170
"../../../../../../AReproposta/Content/UI/WBP_MainMenu.uasset" 171
"../../../../../../AReproposta/Content/Map/00MainMenu.umap" 172
"../../../Engine/Content/EditorBlueprintResources/StandardMacros.uasset" 173
"../../../Engine/Content/EngineSky/C_Sky_Cloud_Color.uasset" 174
"../../../Engine/Content/EngineSky/C_Sky_Horizon_Color.uasset" 175
"../../../Engine/Content/EngineSky/C_Sky_Zenith_Color.uasset" 176
"../../../Engine/Content/EngineSky/T_Sky_Blue.uasset" 177
"../../../Engine/Content/EngineSky/T_Sky_Clouds_M.uasset" 178
"../../../Engine/Content/EngineSky/T_Sky_Stars.uasset" 179
"../../../Engine/Content/EngineSky/M_Sky_Panning_Clouds2.uasset" 180
"../../../Engine/Content/EngineSky/SM_SkySphere.uasset" 181
"../../../Engine/Content/EngineSky/BP_Sky_Sphere.uasset" 182
"../../../../../../AReproposta/Content/UI/WBP_GameOver.uasset" 183
"../../../../../../AReproposta/Content/UI/Font_VCR_OSD_MONO_1_001.uasset" 184
"../../../../../../AReproposta/Content/UI/Font_VCR_OSD_MONO_1_001_Font.uasset" 185
"../../../../../../AReproposta/Content/UI/T_Heart_01.uasset" 186
"../../../../../../AReproposta/Content/UI/T_Heart_02.uasset" 187
"../../../../../../AReproposta/Content/UI/T_MissileImage.uasset" 188
"../../../../../../AReproposta/Content/UI/WBP_HUD.uasset" 189
"../../../../../../AReproposta/Content/Blueprints/GameMode_BP.uasset" 190
"../../../../../../AReproposta/Content/StarterContent/Textures/T_Burst_M.uasset" 191
"../../../../../../AReproposta/Content/StarterContent/Particles/Materials/M_Burst.uasset" 192
"../../../../../../AReproposta/Content/StarterContent/Textures/T_Explosion_SubUV.uasset" 193
"../../../../../../AReproposta/Content/StarterContent/Particles/Materials/M_explosion_subUV.uasset" 194
"../../../../../../AReproposta/Content/StarterContent/Particles/Materials/m_flare_01.uasset" 195
"../../../Engine/Content/Functions/Engine_MaterialFunctions01/Gradient/RadialGradient.uasset" 196
"../../../../../../AReproposta/Content/StarterContent/Particles/Materials/M_radial_ramp.uasset" 197
"../../../../../../AReproposta/Content/Particle/P_BossExplosion.uasset" 198
"../../../../../../AReproposta/Content/PlayerAirship/T_PlayerAirship_D.uasset" 199
"../../../../../../AReproposta/Content/PlayerAirship/T_PlayerAirship_N.uasset" 200
"../../../../../../AReproposta/Content/PlayerAirship/T_PlayerAirship_O.uasset" 201
"../../../../../../AReproposta/Content/PlayerAirship/M_PlayerAirship.uasset" 202
"../../../../../../AReproposta/Content/PicksUps/Bomb/PHYS_Bomb.uasset" 203
"../../../../../../AReproposta/Content/PicksUps/Bomb/SKEL_Bomb.uasset" 204
"../../../../../../AReproposta/Content/PicksUps/Bomb/SK_Bomb.uasset" 205
"../../../../../../AReproposta/Content/Soundtracks/Tiros/A_Test_Explosion_02.uasset" 206
"../../../../../../AReproposta/Content/PicksUps/Bomb/BP_Bomb.uasset" 207
"../../../../../../AReproposta/Content/PlayerAirship/M_Projectile_Default.uasset" 208
"../../../../../../AReproposta/Content/Particle/P_Sparks_With_Explosions.uasset" 209
"../../../../../../AReproposta/Content/PlayerAirship/S_Projectile.uasset" 210
"../../../../../../AReproposta/Content/StarterContent/Materials/M_Basic_Wall.uasset" 211
"../../../../../../AReproposta/Content/StarterContent/Shapes/Shape_Cube.uasset" 212
"../../../../../../AReproposta/Content/PlayerAirship/BP_Projectile_Default.uasset" 213
"../../../../../../AReproposta/Content/PlayerAirship/M_Projectile_MachineGun.uasset" 214
"../../../../../../AReproposta/Content/PlayerAirship/BP_Projectile_MachineGun.uasset" 215
"../../../../../../AReproposta/Content/PlayerAirship/M_Projectile_Spread.uasset" 216
"../../../../../../AReproposta/Content/PlayerAirship/BP_Projectile_Spread.uasset" 217
"../../../../../../AReproposta/Content/StarterContent/Textures/T_Smoke_SubUV.uasset" 218
"../../../../../../AReproposta/Content/StarterContent/Textures/T_Smoke_Tiled_D.uasset" 219
"../../../../../../AReproposta/Content/Particle/M_smoke_subUV.uasset" 220
"../../../../../../AReproposta/Content/Particle/Nave/P_Propulsion.uasset" 221
"../../../../../../AReproposta/Content/Particle/Nave_Invicible/T_Blast.uasset" 222
"../../../../../../AReproposta/Content/Particle/Nave_Invicible/M_Invicible.uasset" 223
"../../../../../../AReproposta/Content/Particle/Nave_Invicible/T_Smoke_Tile_01.uasset" 224
"../../../../../../AReproposta/Content/Particle/Nave_Invicible/T_Soft_Smoke2_Dup.uasset" 225
"../../../../../../AReproposta/Content/Particle/Nave_Invicible/M_Nave_Material01.uasset" 226
"../../../Engine/Content/Functions/Engine_MaterialFunctions01/Density/ExponentialDensity.uasset" 227
"../../../Engine/Content/Functions/Engine_MaterialFunctions01/Gradient/RadialGradientExponential.uasset" 228
"../../../../../../AReproposta/Content/Particle/Nave_Invicible/M_Nave_smoke.uasset" 229
"../../../../../../AReproposta/Content/Particle/Nave_Invicible/P_Ring.uasset" 230
"../../../../../../AReproposta/Content/PlayerAirship/M_PlayerAirship_Glass.uasset" 231
"../../../../../../AReproposta/Content/PlayerAirship/PHYS_PlayerAirship.uasset" 232
"../../../../../../AReproposta/Content/PlayerAirship/SKEL_PlayerAirship.uasset" 233
"../../../../../../AReproposta/Content/PlayerAirship/SK_PlayerAirship.uasset" 234
"../../../../../../AReproposta/Content/PlayerAirship/PHYS_Weapon.uasset" 235
"../../../../../../AReproposta/Content/PlayerAirship/SKEL_Weapon.uasset" 236
"../../../../../../AReproposta/Content/PlayerAirship/SK_Weapon.uasset" 237
"../../../../../../AReproposta/Content/Soundtracks/Tiros/435201__mattix__game-over-01-voices.uasset" 238
"../../../../../../AReproposta/Content/Soundtracks/Tiros/A_Test_Shield_01.uasset" 239
"../../../../../../AReproposta/Content/Soundtracks/Tiros/mixkit-cartoon-blow-impact-2654.uasset" 240
"../../../../../../AReproposta/Content/Soundtracks/Tiros/Sound_2019_06_30_10_59_56_639__online-audio-converter_com_.uasset" 241
"../../../../../../AReproposta/Content/UI/Font_VCR_OSD_MONO_1_001_Font1.uasset" 242
"../../../../../../AReproposta/Content/UI/WBP_PauseMenu.uasset" 243
"../../../../../../AReproposta/Content/PlayerAirship/BP_PlayerAirship.uasset" 244
"../../../../../../AReproposta/Content/Enemys/EnemyMelee/T_EnemyMelee_D.uasset" 245
"../../../../../../AReproposta/Content/Enemys/EnemyMelee/T_EnemyMelee_N.uasset" 246
"../../../../../../AReproposta/Content/Enemys/EnemyMelee/T_EnemyMelee_R.uasset" 247
"../../../../../../AReproposta/Content/Enemys/EnemyMelee/M_EnemyMelee.uasset" 248
"../../../../../../AReproposta/Content/Enemys/EnemyMelee/T_AlphaEfect.uasset" 249
"../../../../../../AReproposta/Content/Enemys/EnemyMelee/M_EnemyMelee_Blade.uasset" 250
"../../../../../../AReproposta/Content/Enemys/EnemyMelee/M_EnemyMelee_Bright.uasset" 251
"../../../../../../AReproposta/Content/Enemys/EnemyMelee/PHYS_EnemyMelee.uasset" 252
"../../../../../../AReproposta/Content/Enemys/EnemyMelee/SKEL_EnemyMelee.uasset" 253
"../../../../../../AReproposta/Content/Enemys/EnemyMelee/SK_EnemyMelee.uasset" 254
"../../../../../../AReproposta/Content/Soundtracks/Tiros/A_Test_Impact_03.uasset" 255
"../../../../../../AReproposta/Content/Enemys/EnemyMelee/BP_EnemyMelee.uasset" 256
"../../../../../../AReproposta/Content/Enemys/EnemyMelee/BP_EnemyMeleeSpawner.uasset" 257
"../../../Engine/Content/Functions/Engine_MaterialFunctions01/WorldPositionOffset/SimpleGrassWind.uasset" 258
"../../../../../../AReproposta/Content/Enemys/EnemyRanged/M_EnemyProjectile.uasset" 259
"../../../../../../AReproposta/Content/Enemys/EnemyRanged/SM_EnemyProjectile.uasset" 260
"../../../../../../AReproposta/Content/Soundtracks/Tiros/A_Test_Impact_02.uasset" 261
"../../../../../../AReproposta/Content/Enemys/EnemyRanged/BP_EnemyRanged_Projectile.uasset" 262
"../../../../../../AReproposta/Content/Enemys/EnemyRanged/T_EnemyRanged_D.uasset" 263
"../../../../../../AReproposta/Content/Enemys/EnemyRanged/T_EnemyRanged_N.uasset" 264
"../../../../../../AReproposta/Content/Enemys/EnemyRanged/T_EnemyRanged_O.uasset" 265
"../../../../../../AReproposta/Content/Enemys/EnemyRanged/M_EnemyRanged.uasset" 266
"../../../../../../AReproposta/Content/Enemys/EnemyRanged/M_EnemyRanged_Glass.uasset" 267
"../../../../../../AReproposta/Content/Enemys/EnemyRanged/PHYS_EnemyRanged.uasset" 268
"../../../../../../AReproposta/Content/Enemys/EnemyRanged/SKEL_EnemyRanged.uasset" 269
"../../../../../../AReproposta/Content/Enemys/EnemyRanged/SK_EnemyRanged.uasset" 270
"../../../../../../AReproposta/Content/Soundtracks/Tiros/146730__leszek-szary__shoot.uasset" 271
"../../../../../../AReproposta/Content/Enemys/EnemyRanged/BP_EnemyRanged.uasset" 272
"../../../../../../AReproposta/Content/Enemys/EnemyRanged/BP_EnemyRangedSpawner.uasset" 273
"../../../../../../AReproposta/Content/Map/T_Sky_01.uasset" 274
"../../../../../../AReproposta/Content/Map/M_Sky_01.uasset" 275
"../../../../../../AReproposta/Content/Map/T_Space_01.uasset" 276
"../../../../../../AReproposta/Content/Map/T_Stars_01.uasset" 277
"../../../../../../AReproposta/Content/Map/M_Space_01.uasset" 278
"../../../../../../AReproposta/Content/Map/T_Space_02.uasset" 279
"../../../../../../AReproposta/Content/Map/M_Space_02.uasset" 280
"../../../Engine/Content/BasicShapes/Cube.uasset" 281
"../../../../../../AReproposta/Content/StarterContent/Particles/Materials/M_smoke_subUV.uasset" 282
"../../../../../../AReproposta/Content/StarterContent/Particles/P_Steam_Lit.uasset" 283
"../../../../../../AReproposta/Content/Map/BP_01Fase_Sky.uasset" 284
"../../../../../../AReproposta/Content/Map/01Fase_BuiltData.uasset" 285
"../../../../../../AReproposta/Content/UI/WBP_ScoreBoard.uasset" 286
"../../../../../../AReproposta/Content/Soundtracks/428858__supervanz__duskwalkin-loop.uasset" 287
"../../../../../../AReproposta/Content/Soundtracks/Battle_Boss.uasset" 288
"../../../../../../AReproposta/Content/Soundtracks/Sound_Ceu.uasset" 289
"../../../../../../AReproposta/Content/Soundtracks/Sound_Fase02.uasset" 290
"../../../../../../AReproposta/Content/Soundtracks/Fase01_Sound.uasset" 291
"../../../../../../AReproposta/Content/Map/01Fase.umap" 292
"../../../../../../AReproposta/Content/PicksUps/Bomb/T_BombPickup_D.uasset" 293
"../../../../../../AReproposta/Content/PicksUps/Bomb/T_BombPickup_M.uasset" 294
"../../../../../../AReproposta/Content/PicksUps/Bomb/T_BombPickup_N.uasset" 295
"../../../../../../AReproposta/Content/PicksUps/Bomb/T_BombPickup_R.uasset" 296
"../../../../../../AReproposta/Content/PicksUps/Bomb/M_PickupBomb.uasset" 297
"../../../../../../AReproposta/Content/PicksUps/Utility/T_PowerUp_Halo.uasset" 298
"../../../../../../AReproposta/Content/PicksUps/Utility/M_Powerup.uasset" 299
"../../../../../../AReproposta/Content/Particle/P_Powerup.uasset" 300
"../../../../../../AReproposta/Content/PicksUps/Utility/M_Pickup_Base.uasset" 301
"../../../../../../AReproposta/Content/PicksUps/Utility/SM_Pickup_Base.uasset" 302
"../../../../../../AReproposta/Content/PicksUps/Bomb/BP_BombPickup.uasset" 303
"../../../../../../AReproposta/Content/PicksUps/MachineGun/T_MachineGunPickup_D.uasset" 304
"../../../../../../AReproposta/Content/PicksUps/MachineGun/T_MachineGunPickup_M.uasset" 305
"../../../../../../AReproposta/Content/PicksUps/MachineGun/T_MachineGunPickup_N.uasset" 306
"../../../../../../AReproposta/Content/PicksUps/MachineGun/T_MachineGunPickup_R.uasset" 307
"../../../../../../AReproposta/Content/PicksUps/MachineGun/M_MachineGunPickup.uasset" 308
"../../../../../../AReproposta/Content/PicksUps/MachineGun/BP_MachineGunPickup.uasset" 309
"../../../../../../AReproposta/Content/PicksUps/SpreadGun/T_SpreadPickup_D.uasset" 310
"../../../../../../AReproposta/Content/PicksUps/SpreadGun/T_SpreadPickup_M.uasset" 311
"../../../../../../AReproposta/Content/PicksUps/SpreadGun/T_SpreadPickup_N.uasset" 312
"../../../../../../AReproposta/Content/PicksUps/SpreadGun/T_SpreadPickup_R.uasset" 313
"../../../../../../AReproposta/Content/PicksUps/SpreadGun/M_SpreadPickup.uasset" 314
"../../../../../../AReproposta/Content/PicksUps/SpreadGun/BP_SpreadPickup.uasset" 315
"../../../Engine/Content/Functions/Engine_MaterialFunctions02/Utility/BlendAngleCorrectedNormals.uasset" 316
"../../../../../../AReproposta/Content/StarterContent/Textures/T_Detail_Rocky_N.uasset" 317
"../../../../../../AReproposta/Content/StarterContent/Textures/T_Rock_Basalt_D.uasset" 318
"../../../../../../AReproposta/Content/StarterContent/Textures/T_RockMesh_M.uasset" 319
"../../../../../../AReproposta/Content/StarterContent/Textures/T_RockMesh_N.uasset" 320
"../../../../../../AReproposta/Content/StarterContent/Props/Materials/M_Rock.uasset" 321
"../../../../../../AReproposta/Content/Enemys/Meteor/M_Meteor.uasset" 322
"../../../../../../AReproposta/Content/Enemys/Meteor/PHYS_Meteor_01.uasset" 323
"../../../../../../AReproposta/Content/Enemys/Meteor/SKEL_Meteor.uasset" 324
"../../../../../../AReproposta/Content/Enemys/Meteor/SK_Meteor_01.uasset" 325
"../../../../../../AReproposta/Content/Soundtracks/Tiros/A_Test_Shield_02.uasset" 326
"../../../../../../AReproposta/Content/StarterContent/Particles/P_Explosion.uasset" 327
"../../../../../../AReproposta/Content/Enemys/Meteor/BP_Meteor_01.uasset" 328
"../../../../../../AReproposta/Content/Enemys/Meteor/PHYS_Meteor_02.uasset" 329
"../../../../../../AReproposta/Content/Enemys/Meteor/SK_Meteor_02.uasset" 330
"../../../../../../AReproposta/Content/Enemys/Meteor/BP_Meteor_02.uasset" 331
"../../../../../../AReproposta/Content/Enemys/Meteor/PHYS_Meteor_03.uasset" 332
"../../../../../../AReproposta/Content/Enemys/Meteor/SK_Meteor_03.uasset" 333
"../../../../../../AReproposta/Content/Enemys/Meteor/BP_Meteor_03.uasset" 334
"../../../../../../AReproposta/Content/Enemys/Meteor/BP_MeteorSpawner.uasset" 335
"../../../../../../AReproposta/Content/Map/02Fase_BuiltData.uasset" 336
"../../../Engine/Content/BasicShapes/Plane.uasset" 337
"../../../../../../AReproposta/Content/Soundtracks/Fase02_sound.uasset" 338
"../../../../../../AReproposta/Content/Map/02Fase.umap" 339
"../../../../../../AReproposta/Content/Enemys/Boss/SKEL_BossHead.uasset" 340
"../../../../../../AReproposta/Content/Enemys/Boss/AS_BossHead_Idle.uasset" 341
"../../../../../../AReproposta/Content/Enemys/Boss/ABP_Boss.uasset" 342
"../../../../../../AReproposta/Content/Enemys/Boss/M_Projectile_01.uasset" 343
"../../../Engine/Content/BasicShapes/Sphere.uasset" 344
"../../../../../../AReproposta/Content/Enemys/Boss/BP_Projectile_01.uasset" 345
"../../../../../../AReproposta/Content/Enemys/Boss/M_Projectile_02.uasset" 346
"../../../../../../AReproposta/Content/Enemys/Boss/BP_Projectile_02.uasset" 347
"../../../../../../AReproposta/Content/StarterContent/Textures/T_Fire_SubUV.uasset" 348
"../../../../../../AReproposta/Content/Enemys/Boss/M_FiresubUV.uasset" 349
"../../../../../../AReproposta/Content/Enemys/Boss/P_BossEyes.uasset" 350
"../../../../../../AReproposta/Content/Enemys/Boss/T_BossHead_D.uasset" 351
"../../../../../../AReproposta/Content/Enemys/Boss/T_BossHead_N.uasset" 352
"../../../../../../AReproposta/Content/Enemys/Boss/T_BossHead_O.uasset" 353
"../../../../../../AReproposta/Content/Enemys/Boss/M_BossHead.uasset" 354
"../../../../../../AReproposta/Content/Enemys/Boss/PHYS_BossHead.uasset" 355
"../../../../../../AReproposta/Content/Enemys/Boss/SK_BossHead.uasset" 356
"../../../Engine/Content/Functions/Engine_MaterialFunctions01/Gradient/LinearGradient.uasset" 357
"../../../Engine/Content/Functions/Engine_MaterialFunctions01/Gradient/DiamondGradient.uasset" 358
"../../../../../../AReproposta/Content/Particle/BossProjectileSpawnParticles/M_Diamond.uasset" 359
"../../../../../../AReproposta/Content/Particle/BossProjectileSpawnParticles/T_RingAlpha.uasset" 360
"../../../../../../AReproposta/Content/Particle/BossProjectileSpawnParticles/M_Ring.uasset" 361
"../../../../../../AReproposta/Content/Particle/BossProjectileSpawnParticles/M_Smoke.uasset" 362
"../../../../../../AReproposta/Content/Particle/BossProjectileSpawnParticles/T_Smoke1.uasset" 363
"../../../../../../AReproposta/Content/Particle/BossProjectileSpawnParticles/T_Smoke2.uasset" 364
"../../../../../../AReproposta/Content/Particle/BossProjectileSpawnParticles/M_Smoke1.uasset" 365
"../../../../../../AReproposta/Content/Particle/BossProjectileSpawnParticles/T_Smoke.uasset" 366
"../../../../../../AReproposta/Content/Particle/BossProjectileSpawnParticles/M_Smoke2.uasset" 367
"../../../../../../AReproposta/Content/Particle/BossProjectileSpawnParticles/P_RingSpawnter.uasset" 368
"../../../../../../AReproposta/Content/Soundtracks/Tiros/A_Test_Explosion_01.uasset" 369
"../../../../../../AReproposta/Content/Enemys/Boss/BP_Boss.uasset" 370
"../../../../../../AReproposta/Content/Map/03Fase_BuiltData.uasset" 371
"../../../../../../AReproposta/Content/UI/WBP_ScoreBoardBoss.uasset" 372
"../../../../../../AReproposta/Content/Soundtracks/Fase03_Sound.uasset" 373
"../../../../../../AReproposta/Content/UI/WBP_HUD_Boss.uasset" 374
"../../../../../../AReproposta/Content/Map/03Fase.umap" 375
"../../../Engine/Content/Maps/Entry_BuiltData.uasset" 376
"../../../Engine/Content/Maps/Entry.umap" 377
