Log file open, 06/26/19 14:46:50
LogWindows: Failed to load 'aqProf.dll' (GetLastError=126)
LogWindows: File 'aqProf.dll' does not exist
LogWindows: Failed to load 'VSPerf140.dll' (GetLastError=126)
LogWindows: File 'VSPerf140.dll' does not exist
LogWindows: Failed to load 'VtuneApi.dll' (GetLastError=126)
LogWindows: File 'VtuneApi.dll' does not exist
LogWindows: Failed to load 'VtuneApi32e.dll' (GetLastError=126)
LogWindows: File 'VtuneApi32e.dll' does not exist
LogInit: Display: Running engine for game: AReporpostaProj
LogPlatformFile: Not using cached read wrapper
LogTaskGraph: Started task graph with 5 named threads and 23 total threads with 3 sets of task threads.
LogStats: Stats thread started at 0.266948
LogD3D11RHI: Loaded GFSDK_Aftermath_Lib.x64.dll
LogICUInternationalization: Display: ICU TimeZone Detection - Raw Offset: -3:00, Platform Override: ''
LogPluginManager: Mounting plugin Paper2D
LogPluginManager: Mounting plugin AISupport
LogPluginManager: Mounting plugin LightPropagationVolume
LogPluginManager: Mounting plugin CLionSourceCodeAccess
LogPluginManager: Mounting plugin CodeLiteSourceCodeAccess
LogPluginManager: Mounting plugin GitSourceControl
LogPluginManager: Mounting plugin KDevelopSourceCodeAccess
LogPluginManager: Mounting plugin NullSourceCodeAccess
LogPluginManager: Mounting plugin PerforceSourceControl
LogPluginManager: Mounting plugin SubversionSourceControl
LogPluginManager: Mounting plugin UObjectPlugin
LogPluginManager: Mounting plugin VisualStudioCodeSourceCodeAccess
LogPluginManager: Mounting plugin VisualStudioSourceCodeAccess
LogPluginManager: Mounting plugin XCodeSourceCodeAccess
LogPluginManager: Mounting plugin AssetManagerEditor
LogPluginManager: Mounting plugin CryptoKeys
LogPluginManager: Mounting plugin DataValidation
LogPluginManager: Mounting plugin FacialAnimation
LogPluginManager: Mounting plugin GameplayTagsEditor
LogPluginManager: Mounting plugin MacGraphicsSwitching
LogPluginManager: Mounting plugin MeshEditor
LogPluginManager: Mounting plugin MobileLauncherProfileWizard
LogPluginManager: Mounting plugin PluginBrowser
LogPluginManager: Mounting plugin SpeedTreeImporter
LogPluginManager: Mounting plugin DatasmithContent
LogPluginManager: Mounting plugin AlembicImporter
LogPluginManager: Mounting plugin AppleImageUtils
LogPluginManager: Mounting plugin AppleVision
LogPluginManager: Mounting plugin BackChannel
LogPluginManager: Mounting plugin CharacterAI
LogPluginManager: Mounting plugin GeometryCache
LogPluginManager: Mounting plugin HTML5Networking
LogPluginManager: Mounting plugin ProxyLODPlugin
LogPluginManager: Mounting plugin MagicLeap
LogPluginManager: Mounting plugin MagicLeapEmulator
LogPluginManager: Mounting plugin MagicLeapMedia
LogPluginManager: Mounting plugin AndroidMedia
LogPluginManager: Mounting plugin AvfMedia
LogPluginManager: Mounting plugin ImgMedia
LogPluginManager: Mounting plugin LinearTimecode
LogPluginManager: Mounting plugin MediaCompositing
LogPluginManager: Mounting plugin MediaPlayerEditor
LogPluginManager: Mounting plugin WmfMedia
LogPluginManager: Mounting plugin TcpMessaging
LogPluginManager: Mounting plugin UdpMessaging
LogPluginManager: Mounting plugin ActorSequence
LogPluginManager: Mounting plugin LevelSequenceEditor
LogPluginManager: Mounting plugin MatineeToLevelSequence
LogPluginManager: Mounting plugin NetcodeUnitTest
LogPluginManager: Mounting plugin NUTUnrealEngine4
LogPluginManager: Mounting plugin OnlineSubsystemGooglePlay
LogPluginManager: Mounting plugin OnlineSubsystemIOS
LogPluginManager: Mounting plugin OnlineSubsystem
LogPluginManager: Mounting plugin OnlineSubsystemNull
LogPluginManager: Mounting plugin OnlineSubsystemUtils
LogPluginManager: Mounting plugin LauncherChunkInstaller
LogPluginManager: Mounting plugin AndroidDeviceProfileSelector
LogPluginManager: Mounting plugin AndroidMoviePlayer
LogPluginManager: Mounting plugin AndroidPermission
LogPluginManager: Mounting plugin AppleMoviePlayer
LogPluginManager: Mounting plugin ArchVisCharacter
LogPluginManager: Mounting plugin AudioCapture
LogPluginManager: Mounting plugin CableComponent
LogPluginManager: Mounting plugin CustomMeshComponent
LogPluginManager: Mounting plugin EditableMesh
LogPluginManager: Mounting plugin ExampleDeviceProfileSelector
LogPluginManager: Mounting plugin GoogleCloudMessaging
LogPluginManager: Mounting plugin ImmediatePhysics
LogPluginManager: Mounting plugin IOSDeviceProfileSelector
LogPluginManager: Mounting plugin LinuxDeviceProfileSelector
LogPluginManager: Mounting plugin LocationServicesBPLibrary
LogPluginManager: Mounting plugin MobilePatchingUtils
LogPluginManager: Mounting plugin OculusVR
LogPluginManager: Plugin shader directory ../../../Engine/Plugins/Runtime/Oculus/OculusVR/Shaders found
LogPluginManager: Mapping shader source directory ../../../Engine/Plugins/Runtime/Oculus/OculusVR/Shaders to virtual directory /Plugin/OculusVR
LogPluginManager: Mounting plugin PhysXVehicles
LogPluginManager: Mounting plugin ProceduralMeshComponent
LogPluginManager: Mounting plugin RuntimePhysXCooking
LogPluginManager: Mounting plugin SteamVR
LogPluginManager: Mounting plugin WindowsMoviePlayer
LogStreaming: Display: Took  0.092s to configure plugins.
LogInit: Using libcurl 7.55.1-DEV
LogInit:  - built for x86_64-pc-win32
LogInit:  - supports SSL with OpenSSL/1.0.2h
LogInit:  - supports HTTP deflate (compression) using libz 1.2.8
LogInit:  - other features:
LogInit:      CURL_VERSION_SSL
LogInit:      CURL_VERSION_LIBZ
LogInit:      CURL_VERSION_IPV6
LogInit:      CURL_VERSION_ASYNCHDNS
LogInit:      CURL_VERSION_LARGEFILE
LogInit:      CURL_VERSION_IDN
LogInit:  CurlRequestOptions (configurable via config and command line):
LogInit:  - bVerifyPeer = false  - Libcurl will NOT verify peer certificate
LogInit:  - bUseHttpProxy = false  - Libcurl will NOT use HTTP proxy
LogInit:  - bDontReuseConnections = false  - Libcurl will reuse connections
LogInit:  - CertBundlePath = nullptr  - Libcurl will use whatever was configured at build time.
LogInit:  - MaxHostConnections = 16  - Libcurl will limit the number of connections to a host
LogInit:  - LocalHostAddr = Default
LogInit:  - BufferSize = 65536
LogInit: WinSock: version 1.1 (2.2), MaxSocks=32767, MaxUdp=65467
LogInit: Build: ++UE4+Release-4.20-CL-4369336
LogInit: Engine Version: 4.20.3-4369336+++UE4+Release-4.20
LogInit: Compatible Engine Version: 4.20.0-4212847+++UE4+Release-4.20
LogInit: Net CL: 4212847
LogInit: OS: Windows 10 (), CPU: Intel(R) Core(TM) i7-6700K CPU @ 4.00GHz, GPU: NVIDIA GeForce GTX 1050 Ti
LogInit: Compiled (64-bit): Sep 17 2018 12:26:19
LogInit: Compiled with Visual C++: 19.13.26129.00
LogInit: Build Configuration: Development
LogInit: Branch Name: ++UE4+Release-4.20
LogInit: Command Line: 
LogInit: Base Directory: C:/Program Files/Epic Games/UE_4.20/Engine/Binaries/Win64/
LogInit: Installed Engine Build: 1
LogDevObjectVersion: Number of dev versions registered: 20
LogDevObjectVersion:   Dev-Blueprints (B0D832E4-1F89-4F0D-ACCF-7EB736FD4AA2): 10
LogDevObjectVersion:   Dev-Build (E1C64328-A22C-4D53-A36C-8E866417BD8C): 0
LogDevObjectVersion:   Dev-Core (375EC13C-06E4-48FB-B500-84F0262A717E): 2
LogDevObjectVersion:   Dev-Editor (E4B068ED-F494-42E9-A231-DA0B2E46BB41): 24
LogDevObjectVersion:   Dev-Framework (CFFC743F-43B0-4480-9391-14DF171D2073): 34
LogDevObjectVersion:   Dev-Mobile (B02B49B5-BB20-44E9-A304-32B752E40360): 2
LogDevObjectVersion:   Dev-Networking (A4E4105C-59A1-49B5-A7C5-40C4547EDFEE): 0
LogDevObjectVersion:   Dev-Online (39C831C9-5AE6-47DC-9A44-9C173E1C8E7C): 0
LogDevObjectVersion:   Dev-Physics (78F01B33-EBEA-4F98-B9B4-84EACCB95AA2): 0
LogDevObjectVersion:   Dev-Platform (6631380F-2D4D-43E0-8009-CF276956A95A): 0
LogDevObjectVersion:   Dev-Rendering (12F88B9F-8875-4AFC-A67C-D90C383ABD29): 26
LogDevObjectVersion:   Dev-Sequencer (7B5AE74C-D270-4C10-A958-57980B212A5A): 9
LogDevObjectVersion:   Dev-VR (D7296918-1DD6-4BDD-9DE2-64A83CC13884): 2
LogDevObjectVersion:   Dev-LoadTimes (C2A15278-BFE7-4AFE-6C17-90FF531DF755): 1
LogDevObjectVersion:   Private-Geometry (6EACA3D4-40EC-4CC1-B786-8BED09428FC5): 3
LogDevObjectVersion:   Dev-AnimPhys (29E575DD-E0A3-4627-9D10-D276232CDCEA): 17
LogDevObjectVersion:   Dev-ReflectionCapture (6B266CEC-1EC7-4B8F-A30B-E4D90942FC07): 1
LogDevObjectVersion:   Dev-Automation (0DF73D61-A23F-47EA-B727-89E90C41499A): 1
LogDevObjectVersion:   FortniteMain (601D1886-AC64-4F84-AA16-D3DE0DEAC7D6): 12
LogDevObjectVersion:   Dev-Enterprise (9DFFBCD6-494F-0158-E221-12823C92A888): 1
LogStreaming: Display: Took  0.005s to delete old logs.
LogInit: Presizing for max 8388607 objects, including 0 objects not considered by GC, pre-allocating 0 bytes for permanent pool.
LogInit: Object subsystem initialized
[2019.06.26-17.46.50:348][  0]LogInit: Selected Device Profile: [Windows]
[2019.06.26-17.46.50:348][  0]LogInit: Applying CVar settings loaded from the selected device profile: [Windows]
[2019.06.26-17.46.50:360][  0]LogHAL: Display: Platform has ~ 16 GB [17123594240 / 17179869184 / 16], which maps to Larger [LargestMinGB=32, LargerMinGB=12, DefaultMinGB=8, SmallerMinGB=6, SmallestMinGB=0)
[2019.06.26-17.46.50:360][  0]LogInit: Setting Device Profile CVar: [[r.Vulkan.UseRealUBs:1]]
[2019.06.26-17.46.50:361][  0]LogInit: Going up to parent DeviceProfile []
[2019.06.26-17.46.50:361][  0]LogInit: Computer: DESKTOP-INFGEQ6
[2019.06.26-17.46.50:361][  0]LogInit: User: Keigo
[2019.06.26-17.46.50:361][  0]LogInit: CPU Page size=4096, Cores=4
[2019.06.26-17.46.50:361][  0]LogInit: High frequency timer resolution =10.000000 MHz
[2019.06.26-17.46.50:361][  0]LogMemory: Memory total: Physical=15.9GB (16GB approx)
[2019.06.26-17.46.50:361][  0]LogMemory: Platform Memory Stats for Windows
[2019.06.26-17.46.50:361][  0]LogMemory: Process Physical Memory: 102.38 MB used, 102.39 MB peak
[2019.06.26-17.46.50:361][  0]LogMemory: Process Virtual Memory: 90.33 MB used, 90.33 MB peak
[2019.06.26-17.46.50:361][  0]LogMemory: Physical Memory: 5475.69 MB used,  10854.64 MB free, 16330.33 MB total
[2019.06.26-17.46.50:361][  0]LogMemory: Virtual Memory: 4642.10 MB used,  10854.64 MB free, 134217728.00 MB total
[2019.06.26-17.46.50:381][  0]LogInit: Overriding language with editor language configuration option (en).
[2019.06.26-17.46.50:381][  0]LogInit: Overriding locale with editor locale configuration option (en).
[2019.06.26-17.46.50:739][  0]LogStreaming: Display: Took  0.358s to InitEngineTextLocalization.
[2019.06.26-17.46.50:739][  0]LogInit: Setting process to per monitor DPI aware
[2019.06.26-17.46.50:777][  0]LogSlate: New Slate User Created.  User Index 0, Is Virtual User: 0
[2019.06.26-17.46.50:777][  0]LogSlate: Slate User Registered.  User Index 0, Is Virtual User: 0
[2019.06.26-17.46.50:935][  0]LogHMD: Failed to initialize OpenVR with code 110
[2019.06.26-17.46.50:935][  0]LogD3D11RHI: D3D11 adapters:
[2019.06.26-17.46.50:987][  0]LogD3D11RHI:    0. 'NVIDIA GeForce GTX 1050 Ti' (Feature Level 11_0)
[2019.06.26-17.46.50:987][  0]LogD3D11RHI:       4018/0/8165 MB DedicatedVideo/DedicatedSystem/SharedSystem, Outputs:1, VendorId:0x10de
[2019.06.26-17.46.50:989][  0]LogD3D11RHI:    1. 'Microsoft Basic Render Driver' (Feature Level 11_0)
[2019.06.26-17.46.50:989][  0]LogD3D11RHI:       0/0/8165 MB DedicatedVideo/DedicatedSystem/SharedSystem, Outputs:0, VendorId:0x1414
[2019.06.26-17.46.50:989][  0]LogD3D11RHI: Chosen D3D11 Adapter: 0
[2019.06.26-17.46.50:995][  0]LogD3D11RHI: Creating new Direct3DDevice
[2019.06.26-17.46.50:995][  0]LogD3D11RHI:     GPU DeviceId: 0x1c82 (for the marketing name, search the web for "GPU Device Id")
[2019.06.26-17.46.50:995][  0]LogWindows: EnumDisplayDevices:
[2019.06.26-17.46.50:995][  0]LogWindows:    0. 'NVIDIA GeForce GTX 1050 Ti' (P:1 D:1)
[2019.06.26-17.46.50:996][  0]LogWindows:    1. 'NVIDIA GeForce GTX 1050 Ti' (P:0 D:0)
[2019.06.26-17.46.50:996][  0]LogWindows:    2. 'NVIDIA GeForce GTX 1050 Ti' (P:0 D:0)
[2019.06.26-17.46.50:997][  0]LogWindows:    3. 'NVIDIA GeForce GTX 1050 Ti' (P:0 D:0)
[2019.06.26-17.46.50:997][  0]LogWindows: DebugString: FoundDriverCount:4 
[2019.06.26-17.46.50:997][  0]LogD3D11RHI:     Adapter Name: NVIDIA GeForce GTX 1050 Ti
[2019.06.26-17.46.50:997][  0]LogD3D11RHI:   Driver Version: 430.86 (internal:26.21.14.3086, unified:430.86)
[2019.06.26-17.46.50:997][  0]LogD3D11RHI:      Driver Date: 5-22-2019
[2019.06.26-17.46.50:997][  0]LogRHI: Texture pool is 2812 MB (70% of 4018 MB)
[2019.06.26-17.46.51:030][  0]LogD3D11RHI: Async texture creation enabled
[2019.06.26-17.46.51:051][  0]LogD3D11RHI: GPU Timing Frequency: 1000.000000 (Debug: 2 1)
[2019.06.26-17.46.51:101][  0]LogShaderCompilers: Guid format shader working directory is -3 characters bigger than the processId version (../../../../../../Users/Keigo/Desktop/AReproposta/Intermediate/Shaders/WorkingDirectory/2636/).
[2019.06.26-17.46.51:101][  0]LogShaderCompilers: Cleaned the shader compiler working directory 'C:/Users/Keigo/AppData/Local/Temp/UnrealShaderWorkingDir/C502288E45DFDE4C7915B79A594B91DC/'.
[2019.06.26-17.46.51:351][  0]LogTemp: Display: Loaded TP AllDesktopTargetPlatform
[2019.06.26-17.46.51:362][  0]LogTemp: Display: Loaded TP MacClientTargetPlatform
[2019.06.26-17.46.51:373][  0]LogTemp: Display: Loaded TP MacNoEditorTargetPlatform
[2019.06.26-17.46.51:386][  0]LogTemp: Display: Loaded TP MacServerTargetPlatform
[2019.06.26-17.46.51:399][  0]LogTemp: Display: Loaded TP MacTargetPlatform
[2019.06.26-17.46.51:417][  0]LogTemp: Display: Loaded TP WindowsClientTargetPlatform
[2019.06.26-17.46.51:430][  0]LogTemp: Display: Loaded TP WindowsNoEditorTargetPlatform
[2019.06.26-17.46.51:446][  0]LogTemp: Display: Loaded TP WindowsServerTargetPlatform
[2019.06.26-17.46.51:452][  0]LogTemp: Display: Loaded TP WindowsTargetPlatform
[2019.06.26-17.46.51:517][  0]LogTemp: Display: Loaded TP AndroidTargetPlatform
[2019.06.26-17.46.51:517][  0]LogTemp: Display: Loaded TP AndroidTargetPlatform
[2019.06.26-17.46.51:517][  0]LogTemp: Display: Loaded TP AndroidTargetPlatform
[2019.06.26-17.46.51:517][  0]LogTemp: Display: Loaded TP AndroidTargetPlatform
[2019.06.26-17.46.51:517][  0]LogTemp: Display: Loaded TP AndroidTargetPlatform
[2019.06.26-17.46.51:517][  0]LogTemp: Display: Loaded TP AndroidTargetPlatform
[2019.06.26-17.46.51:517][  0]LogTemp: Display: Loaded TP AndroidTargetPlatform
[2019.06.26-17.46.51:517][  0]LogTemp: Display: Loaded TP AndroidTargetPlatform
[2019.06.26-17.46.51:517][  0]LogTemp: Display: Loaded TP AndroidTargetPlatform
[2019.06.26-17.46.51:517][  0]LogTemp: Display: Loaded TP AndroidTargetPlatform
[2019.06.26-17.46.51:517][  0]LogTemp: Display: Loaded TP AndroidTargetPlatform
[2019.06.26-17.46.51:517][  0]LogTemp: Display: Loaded TP AndroidTargetPlatform
[2019.06.26-17.46.51:517][  0]LogTemp: Display: Loaded TP AndroidTargetPlatform
[2019.06.26-17.46.51:517][  0]LogTemp: Display: Loaded TP AndroidTargetPlatform
[2019.06.26-17.46.51:517][  0]LogTemp: Display: Loaded TP AndroidTargetPlatform
[2019.06.26-17.46.51:517][  0]LogTemp: Display: Loaded TP AndroidTargetPlatform
[2019.06.26-17.46.51:517][  0]LogTemp: Display: Loaded TP AndroidTargetPlatform
[2019.06.26-17.46.51:517][  0]LogTemp: Display: Loaded TP AndroidTargetPlatform
[2019.06.26-17.46.51:518][  0]LogTemp: Display: Loaded TP HTML5TargetPlatform
[2019.06.26-17.46.51:574][  0]LogTemp: Display: Loaded TP IOSTargetPlatform
[2019.06.26-17.46.51:574][  0]LogTemp: Display: Loaded TP IOSTargetPlatform
[2019.06.26-17.46.51:594][  0]LogTemp: Display: Loaded TP TVOSTargetPlatform
[2019.06.26-17.46.51:594][  0]LogTemp: Display: Loaded TP TVOSTargetPlatform
[2019.06.26-17.46.51:605][  0]LogTemp: Display: Loaded TP LinuxClientTargetPlatform
[2019.06.26-17.46.51:615][  0]LogTemp: Display: Loaded TP LinuxNoEditorTargetPlatform
[2019.06.26-17.46.51:625][  0]LogTemp: Display: Loaded TP LinuxServerTargetPlatform
[2019.06.26-17.46.51:636][  0]LogTemp: Display: Loaded TP LinuxTargetPlatform
[2019.06.26-17.46.51:644][  0]LogTemp: Display: Loaded TP LuminTargetPlatform
[2019.06.26-17.46.51:644][  0]LogTargetPlatformManager: Display: Building Assets For Windows
[2019.06.26-17.46.51:691][  0]LogXGEController: Cannot use XGE Controller as Incredibuild is not installed on this machine.
[2019.06.26-17.46.51:692][  0]LogShaderCompilers: Cannot use XGE Shader Compiler as Incredibuild is not installed on this machine.
[2019.06.26-17.46.51:692][  0]LogShaderCompilers: Display: Using Local Shader Compiler.
[2019.06.26-17.46.52:321][  0]LogDerivedDataCache: Display: Max Cache Size: 512 MB
[2019.06.26-17.46.52:371][  0]LogDerivedDataCache: Loaded boot cache 0.05s 71MB C:/Users/Keigo/AppData/Local/UnrealEngine/4.20/DerivedDataCache/Boot.ddc.
[2019.06.26-17.46.52:372][  0]LogDerivedDataCache: Display: Loaded Boot cache: C:/Users/Keigo/AppData/Local/UnrealEngine/4.20/DerivedDataCache/Boot.ddc
[2019.06.26-17.46.52:372][  0]LogDerivedDataCache: FDerivedDataBackendGraph:  Pak pak cache file ../../../../../../Users/Keigo/Desktop/AReproposta/DerivedDataCache/DDC.ddp not found, will not use a pak cache.
[2019.06.26-17.46.52:372][  0]LogDerivedDataCache: Unable to find inner node Pak for hierarchical cache Hierarchy.
[2019.06.26-17.46.52:372][  0]LogDerivedDataCache: FDerivedDataBackendGraph:  CompressedPak pak cache file ../../../../../../Users/Keigo/Desktop/AReproposta/DerivedDataCache/Compressed.ddp not found, will not use a pak cache.
[2019.06.26-17.46.52:372][  0]LogDerivedDataCache: Unable to find inner node CompressedPak for hierarchical cache Hierarchy.
[2019.06.26-17.46.52:385][  0]LogDerivedDataCache: Display: Pak cache opened for reading ../../../Engine/DerivedDataCache/Compressed.ddp.
[2019.06.26-17.46.52:397][  0]LogDerivedDataCache: Using Local data cache path C:/Users/Keigo/AppData/Local/UnrealEngine/Common/DerivedDataCache: Writable
[2019.06.26-17.46.52:397][  0]LogDerivedDataCache: Shared data cache path not found in *engine.ini, will not use an Shared cache.
[2019.06.26-17.46.52:397][  0]LogDerivedDataCache: Unable to find inner node Shared for hierarchical cache Hierarchy.
[2019.06.26-17.46.52:413][  0]LogMaterial: Verifying Global Shaders for PCD3D_SM5
[2019.06.26-17.46.52:414][  0]LogSlate: Using FreeType 2.6.0
[2019.06.26-17.46.52:414][  0]LogSlate: SlateFontServices - WITH_FREETYPE: 1, WITH_HARFBUZZ: 1
[2019.06.26-17.46.52:478][  0]LogAssetRegistry: FAssetRegistry took 0.0255 seconds to start up
[2019.06.26-17.46.52:747][  0]LogInit: Selected Device Profile: [Windows]
[2019.06.26-17.46.52:857][  0]LogSimplygon: Simplygon DLL not present - disabling.
[2019.06.26-17.46.52:860][  0]LogMeshReduction: Using SimplygonSwarm for distributed automatic mesh merging
[2019.06.26-17.46.52:860][  0]LogMeshReduction: Using ProxyLODMeshReduction for automatic mesh merging
[2019.06.26-17.46.52:860][  0]LogMeshReduction: Using QuadricMeshReduction for automatic static mesh reduction
[2019.06.26-17.46.52:860][  0]LogMeshReduction: No automatic skeletal mesh reduction module available
[2019.06.26-17.46.52:875][  0]LogNetVersion: AReporpostaProj 1.0.0, NetCL: 4212847, EngineNetVer: 5, GameNetVer: 0 (Checksum: 3188191889)
[2019.06.26-17.46.53:248][  0]LogPackageLocalizationCache: Processed 11 localized package path(s) for 1 prioritized culture(s) in 0.042283 seconds
[2019.06.26-17.46.53:254][  0]LogUObjectArray: 38425 objects as part of root set at end of initial load.
[2019.06.26-17.46.53:254][  0]LogUObjectAllocator: 6690864 out of 0 bytes used by permanent object pool.
[2019.06.26-17.46.53:254][  0]LogUObjectArray: CloseDisregardForGC: 0/0 objects in disregard for GC pool
[2019.06.26-17.46.53:952][  0]LogTcpMessaging: Initializing TcpMessaging bridge
[2019.06.26-17.46.53:965][  0]LogUdpMessaging: Initializing bridge on interface 0.0.0.0:0 to multicast group 230.0.0.1:6666.
[2019.06.26-17.46.54:137][  0]SourceControl: Source control is disabled
[2019.06.26-17.46.54:687][  0]LogAndroidPermission: UAndroidPermissionCallbackProxy::GetInstance
[2019.06.26-17.46.54:771][  0]LogOcInput: OculusInput pre-init called
[2019.06.26-17.46.54:822][  0]LogEngine: Initializing Engine...
[2019.06.26-17.46.54:823][  0]LogHMD: Failed to initialize OpenVR with code 110
[2019.06.26-17.46.54:824][  0]LogStats: UGameplayTagsManager::ConstructGameplayTagTree: ImportINI prefixes -  0.000 s
[2019.06.26-17.46.54:824][  0]LogStats: UGameplayTagsManager::ConstructGameplayTagTree: Construct from data asset -  0.000 s
[2019.06.26-17.46.54:824][  0]LogStats: UGameplayTagsManager::ConstructGameplayTagTree: ImportINI -  0.000 s
[2019.06.26-17.46.54:824][  0]LogStats: UGameplayTagsManager::ConstructGameplayTagTree: GameplayTagTreeChangedEvent.Broadcast -  0.000 s
[2019.06.26-17.46.55:005][  0]LogInit: Initializing FReadOnlyCVARCache
[2019.06.26-17.46.55:018][  0]LogAIModule: Creating AISystem for world Untitled
[2019.06.26-17.46.55:032][  0]LogInit: XAudio2 using 'Alto-falantes (2- Logicool G430 Gaming Headset)' : 2 channels at 48 kHz using 16 bits per sample (channel mask 0x3)
[2019.06.26-17.46.55:044][  0]LogInit: FAudioDevice initialized.
[2019.06.26-17.46.55:045][  0]LogNetVersion: Set ProjectVersion to 1.0.0.0. Version Checksum will be recalculated on next use.
[2019.06.26-17.46.55:170][  0]LogDerivedDataCache: Saved boot cache 0.13s 71MB C:/Users/Keigo/AppData/Local/UnrealEngine/4.20/DerivedDataCache/Boot.ddc.
[2019.06.26-17.46.55:202][  0]LogInit: Texture streaming: Enabled
[2019.06.26-17.46.55:222][  0]LogEngineSessionManager: EngineSessionManager initialized
[2019.06.26-17.46.55:234][  0]LogInit: Transaction tracking system initialized
[2019.06.26-17.46.55:254][  0]BlueprintLog: New page: Editor Load
[2019.06.26-17.46.55:322][  0]LocalizationService: Localization service is disabled
[2019.06.26-17.46.55:591][  0]LogCook: Display: Max memory allowance for cook 16384mb min free memory 0mb
[2019.06.26-17.46.55:591][  0]LogCook: Display: Mobile HDR setting 1
[2019.06.26-17.46.55:591][  0]LogGameplayTags: Display: UGameplayTagsManager::DoneAddingNativeTags. DelegateIsBound: 0
[2019.06.26-17.46.55:591][  0]LogStats: UGameplayTagsManager::ConstructGameplayTagTree: ImportINI prefixes -  0.000 s
[2019.06.26-17.46.55:591][  0]LogStats: UGameplayTagsManager::ConstructGameplayTagTree: Construct from data asset -  0.000 s
[2019.06.26-17.46.55:591][  0]LogStats: UGameplayTagsManager::ConstructGameplayTagTree: ImportINI -  0.000 s
[2019.06.26-17.46.55:591][  0]LogStats: UGameplayTagsManager::ConstructGameplayTagTree: GameplayTagTreeChangedEvent.Broadcast -  0.000 s
[2019.06.26-17.46.55:638][  0]LogFileCache: Scanning file cache for directory 'C:/Users/Keigo/Desktop/AReproposta/Content/' took 0.02s
[2019.06.26-17.46.55:729][  0]Cmd: MAP LOAD FILE="../../../../../../Users/Keigo/Desktop/AReproposta/Content/Map/Fase01.umap" TEMPLATE=0 SHOWPROGRESS=1 FEATURELEVEL=3
[2019.06.26-17.46.55:730][  0]LightingResults: New page: Lighting Build
[2019.06.26-17.46.55:732][  0]MapCheck: New page: Map Check
[2019.06.26-17.46.55:732][  0]LightingResults: New page: Lighting Build
[2019.06.26-17.46.56:013][  0]LogBlueprint: Error: [Compiler BP_Nave_Proposta] Spawn node  SpawnActor NONE  must have a  Class  specified.
[2019.06.26-17.46.56:013][  0]LogBlueprint: Error: [Compiler BP_Nave_Proposta] In use pin  Projectile Colour  no longer exists on node  SpawnActor NONE . Please refresh node or break links to remove pin.
[2019.06.26-17.46.56:013][  0]LogBlueprint: Error: [Compiler BP_Nave_Proposta] In use pin  Instigator  no longer exists on node  SpawnActor NONE . Please refresh node or break links to remove pin.
[2019.06.26-17.46.56:014][  0]LogBlueprint: Error: [Compiler BP_Nave_Proposta] Spawn node  SpawnActor NONE  must have a  Class  specified.
[2019.06.26-17.46.56:014][  0]LogBlueprint: Error: [Compiler BP_Nave_Proposta] In use pin  Projectile Colour  no longer exists on node  SpawnActor NONE . Please refresh node or break links to remove pin.
[2019.06.26-17.46.56:014][  0]LogBlueprint: Error: [Compiler BP_Nave_Proposta] In use pin  Instigator  no longer exists on node  SpawnActor NONE . Please refresh node or break links to remove pin.
[2019.06.26-17.46.56:046][  0]LogBlueprint: Warning: [Compiler BP_Nave_Proposta] [0007.15] Compile of BP_Nave_Proposta failed. 6 Fatal Issue(s) 0 Warning(s) [in 92 ms] (/Game/NAVE_PROPOSTA/BP_Nave_Proposta.BP_Nave_Proposta)
[2019.06.26-17.46.56:150][  0]LogLinker: Warning: Can't find file '/Game/Inimigos/AI/Teste(Ranger)/Spawn/TriggerBox_Blueprint'
[2019.06.26-17.46.56:150][  0]LogLinker: Warning: Can't find file for asset '/Game/Inimigos/AI/Teste(Ranger)/Spawn/TriggerBox_Blueprint' while loading ../../../../../../Users/Keigo/Desktop/AReproposta/Content/Map/Fase01.umap.
[2019.06.26-17.46.56:150][  0]LoadErrors: Error: /Game/Map/Fase01 : Can't find file for asset. /Game/Inimigos/AI/Teste(Ranger)/Spawn/TriggerBox_Blueprint
[2019.06.26-17.46.56:150][  0]LogLinker: Warning: Can't find file '/Game/Inimigos/AI/Teste(Ranger)/Spawn/TriggerBox_Blueprint'
[2019.06.26-17.46.56:150][  0]LogLinker: Warning: Can't find file for asset '/Game/Inimigos/AI/Teste(Ranger)/Spawn/TriggerBox_Blueprint' while loading ../../../../../../Users/Keigo/Desktop/AReproposta/Content/Map/Fase01.umap.
[2019.06.26-17.46.56:150][  0]LoadErrors: Error: /Game/Map/Fase01 : Can't find file for asset. /Game/Inimigos/AI/Teste(Ranger)/Spawn/TriggerBox_Blueprint
[2019.06.26-17.46.56:177][  0]LogLinker: Warning: Can't find file '/Game/Inimigos/AI/Teste(Ranger)/Spawn/TriggerBox_Blueprint'
[2019.06.26-17.46.56:177][  0]LogLinker: Warning: Can't find file for asset '/Game/Inimigos/AI/Teste(Ranger)/Spawn/TriggerBox_Blueprint' while loading ../../../../../../Users/Keigo/Desktop/AReproposta/Content/Map/Fase01.umap.
[2019.06.26-17.46.56:178][  0]LoadErrors: Error: /Game/Map/Fase01 : Can't find file for asset. /Game/Inimigos/AI/Teste(Ranger)/Spawn/TriggerBox_Blueprint
[2019.06.26-17.46.56:183][  0]LogLinker: Warning: Can't find file '/Game/Inimigos/AI/Teste(Ranger)/Spawn/TriggerBox_Blueprint'
[2019.06.26-17.46.56:184][  0]LogLinker: Warning: Can't find file for asset '/Game/Inimigos/AI/Teste(Ranger)/Spawn/TriggerBox_Blueprint' while loading ../../../../../../Users/Keigo/Desktop/AReproposta/Content/Map/Fase01.umap.
[2019.06.26-17.46.56:184][  0]LoadErrors: Error: /Game/Map/Fase01 : Can't find file for asset. /Game/Inimigos/AI/Teste(Ranger)/Spawn/TriggerBox_Blueprint
[2019.06.26-17.46.56:185][  0]LogLinker: Warning: Can't find file '/Game/Inimigos/AI/Teste(Ranger)/Spawn/TriggerBox_Blueprint'
[2019.06.26-17.46.56:185][  0]LogLinker: Warning: Can't find file for asset '/Game/Inimigos/AI/Teste(Ranger)/Spawn/TriggerBox_Blueprint' while loading ../../../../../../Users/Keigo/Desktop/AReproposta/Content/Map/Fase01.umap.
[2019.06.26-17.46.56:185][  0]LoadErrors: Error: /Game/Map/Fase01 : Can't find file for asset. /Game/Inimigos/AI/Teste(Ranger)/Spawn/TriggerBox_Blueprint
[2019.06.26-17.46.56:186][  0]LogLinker: Warning: Can't find file '/Game/Inimigos/AI/Teste(Ranger)/Spawn/TriggerBox_Blueprint'
[2019.06.26-17.46.56:186][  0]LogLinker: Warning: Can't find file for asset '/Game/Inimigos/AI/Teste(Ranger)/Spawn/TriggerBox_Blueprint' while loading NULL.
[2019.06.26-17.46.56:186][  0]LogLinker: Warning: Can't find file '/Game/Inimigos/AI/Teste(Ranger)/Spawn/TriggerBox_Blueprint'
[2019.06.26-17.46.56:186][  0]LogLinker: Warning: Can't find file for asset '/Game/Inimigos/AI/Teste(Ranger)/Spawn/TriggerBox_Blueprint' while loading NULL.
[2019.06.26-17.46.56:186][  0]LogLinker: Warning: Can't find file '/Game/Inimigos/AI/Teste(Ranger)/Spawn/TriggerBox_Blueprint'
[2019.06.26-17.46.56:186][  0]LogLinker: Warning: Can't find file for asset '/Game/Inimigos/AI/Teste(Ranger)/Spawn/TriggerBox_Blueprint' while loading NULL.
[2019.06.26-17.46.56:186][  0]LogLinker: Warning: Can't find file '/Game/Inimigos/AI/Teste(Ranger)/Spawn/TriggerBox_Blueprint'
[2019.06.26-17.46.56:187][  0]LogLinker: Warning: Can't find file for asset '/Game/Inimigos/AI/Teste(Ranger)/Spawn/TriggerBox_Blueprint' while loading NULL.
[2019.06.26-17.46.56:187][  0]LogLinker: Warning: Can't find file '/Game/Inimigos/AI/Teste(Ranger)/Spawn/TriggerBox_Blueprint'
[2019.06.26-17.46.56:187][  0]LogLinker: Warning: Can't find file for asset '/Game/Inimigos/AI/Teste(Ranger)/Spawn/TriggerBox_Blueprint' while loading NULL.
[2019.06.26-17.46.56:191][  0]LogLinker: Warning: Can't find file '/Game/Inimigos/AI/Teste(Ranger)/Spawn/TriggerBox_Blueprint'
[2019.06.26-17.46.56:191][  0]LogLinker: Warning: Can't find file for asset '/Game/Inimigos/AI/Teste(Ranger)/Spawn/TriggerBox_Blueprint' while loading NULL.
[2019.06.26-17.46.56:191][  0]LogLinker: Warning: Can't find file '/Game/Inimigos/AI/Teste(Ranger)/Spawn/TriggerBox_Blueprint'
[2019.06.26-17.46.56:191][  0]LogLinker: Warning: Can't find file for asset '/Game/Inimigos/AI/Teste(Ranger)/Spawn/TriggerBox_Blueprint' while loading NULL.
[2019.06.26-17.46.56:582][  0]LogAIModule: Creating AISystem for world Fase01
[2019.06.26-17.46.56:599][  0]LogEditorServer: Finished looking for orphan Actors (0.000 secs)
[2019.06.26-17.46.56:626][  0]Cmd: MAP CHECKDEP NOCLEARLOG
[2019.06.26-17.46.56:704][  0]MapCheck: Map check complete: 0 Error(s), 0 Warning(s), took 78.912ms to complete.
[2019.06.26-17.46.56:704][  0]LogFileHelpers: Loading map 'Fase01' took 0.975
[2019.06.26-17.46.57:808][  0]LogSlate: Only BGRA pngs, bmps or icos are supported in by External Image Picker
[2019.06.26-17.46.57:879][  0]LogSlate: Updating window title bar state: overlay mode, drag disabled, window buttons hidden, title bar hidden
[2019.06.26-17.46.57:891][  0]LogTemp: Executing iPhonePackager certificates Engine -bundlename com.YourCompany.AReporpostaProj
[2019.06.26-17.46.57:891][  0]LogTemp: CWD: C:\Program Files\Epic Games\UE_4.20\Engine\Binaries\DotNET\IOS
[2019.06.26-17.46.57:891][  0]LogTemp: Initial Dir: C:\Program Files\Epic Games\UE_4.20
[2019.06.26-17.46.57:891][  0]LogTemp: Env CWD: C:\Program Files\Epic Games\UE_4.20\Engine\Binaries\DotNET\IOS
[2019.06.26-17.46.57:891][  0]LogTemp: BranchPath = DESKTOP-INFGEQ6/C/Program Files/Epic Games/UE_4.20/Engine/Binaries --- GameBranchPath = DESKTOP-INFGEQ6/C/Program Files/Epic Games/UE_4.20/Engine/Binaries
[2019.06.26-17.46.57:891][  0]LogSlate: Updating window title bar state: overlay mode, drag disabled, window buttons hidden, title bar hidden
[2019.06.26-17.46.57:904][  0]LogSlate: Updating window title bar state: overlay mode, drag disabled, window buttons hidden, title bar hidden
[2019.06.26-17.46.57:916][  0]LogTemp: IPP ERROR: Could not find provision directory 'C:\Users\Keigo\AppData\Local/Apple Computer/MobileDevice/Provisioning Profiles/'.
[2019.06.26-17.46.57:916][  0]LogSlate: Updating window title bar state: overlay mode, drag disabled, window buttons hidden, title bar hidden
[2019.06.26-17.46.57:922][  0]LogCollectionManager: Loaded 0 collections in 0.001617 seconds
[2019.06.26-17.46.57:964][  0]LogFileCache: Scanning file cache for directory 'C:/Users/Keigo/Desktop/AReproposta/Saved/Collections/' took 0.01s
[2019.06.26-17.46.57:964][  0]LogFileCache: Scanning file cache for directory 'C:/Users/Keigo/Desktop/AReproposta/Content/Developers/Keigo/Collections/' took 0.01s
[2019.06.26-17.46.57:964][  0]LogFileCache: Scanning file cache for directory 'C:/Users/Keigo/Desktop/AReproposta/Content/Collections/' took 0.01s
[2019.06.26-17.46.57:964][  0]LogCollectionManager: Rebuilt the GUID cache for 0 collections in 0.000000 seconds
[2019.06.26-17.46.57:979][  0]LogContentBrowser: Native class hierarchy populated in 0.0148 seconds. Added 2572 classes and 603 folders.
[2019.06.26-17.46.57:986][  0]LogContentBrowser: Native class hierarchy updated for 'WidgetCarousel' in 0.0002 seconds. Added 0 classes and 0 folders.
[2019.06.26-17.46.58:030][  0]LogContentBrowser: Native class hierarchy updated for 'AddContentDialog' in 0.0002 seconds. Added 0 classes and 0 folders.
[2019.06.26-17.46.58:034][  0]LogContentBrowser: Native class hierarchy updated for 'SceneOutliner' in 0.0002 seconds. Added 1 classes and 2 folders.
[2019.06.26-17.46.58:085][  0]LogContentBrowser: Native class hierarchy updated for 'HierarchicalLODOutliner' in 0.0004 seconds. Added 0 classes and 0 folders.
[2019.06.26-17.46.58:086][  0]LogLoad: (Engine Initialization) Total time: 9.19 seconds
[2019.06.26-17.46.58:086][  0]LogLoad: (Engine Initialization) Total Blueprint compile time: 0.00 seconds
[2019.06.26-17.46.58:097][  0]LoadErrors: Warning: CreateExport: Failed to load Outer for resource 'Sprite': TriggerBox_Blueprint_C /Game/Map/Fase01.Fase01:PersistentLevel.TriggerBox_Blueprint_2
[2019.06.26-17.46.58:097][  0]LoadErrors: Warning: CreateExport: Failed to load Outer for resource 'CollisionComp': TriggerBox_Blueprint_C /Game/Map/Fase01.Fase01:PersistentLevel.TriggerBox_Blueprint_2
[2019.06.26-17.46.58:127][  0]LogContentStreaming: Texture pool size now 1000 MB
[2019.06.26-17.46.58:132][  0]LogSlate: FSceneViewport::OnFocusLost() reason 2
[2019.06.26-17.46.58:140][  0]LogRenderer: Reallocating scene render targets to support 64x64 Format 10 NumSamples 1 (Frame:1).
[2019.06.26-17.46.58:184][  0]LogSlate: Took 0.000181 seconds to synchronously load lazily loaded font '../../../Engine/Content/Slate/Fonts/Roboto-Regular.ttf' (155K)
[2019.06.26-17.46.58:186][  0]LogSlate: Took 0.000211 seconds to synchronously load lazily loaded font '../../../Engine/Content/Slate/Fonts/Roboto-Bold.ttf' (160K)
[2019.06.26-17.46.58:190][  0]LogSlate: Took 0.000254 seconds to synchronously load lazily loaded font '../../../Engine/Content/Editor/Slate/Fonts/FontAwesome.ttf' (139K)
[2019.06.26-17.46.58:281][  0]LogRenderer: Reallocating scene render targets to support 736x416 Format 10 NumSamples 1 (Frame:1).
[2019.06.26-17.46.58:281][  0]LogSlate: Took 0.000228 seconds to synchronously load lazily loaded font '../../../Engine/Content/Slate/Fonts/Roboto-Light.ttf' (167K)
[2019.06.26-17.46.58:342][  1]LogAssetRegistry: Asset discovery search completed in 5.8857 seconds
[2019.06.26-17.46.58:344][  1]LogCollectionManager: Rebuilt the object cache for 0 collections in 0.000000 seconds (found 0 objects)
[2019.06.26-17.46.58:344][  1]LogCollectionManager: Fixed up redirectors for 0 collections in 0.000075 seconds (updated 0 objects)
[2019.06.26-17.46.59:124][ 70]LogSlate: Took 0.000196 seconds to synchronously load lazily loaded font '../../../Engine/Content/Slate/Fonts/Roboto-Light.ttf' (167K)
[2019.06.26-17.47.04:103][652]LogSlate: Window 'Message Log' being destroyed
[2019.06.26-17.47.04:108][652]LogSlate: Window 'Message Log' being destroyed
[2019.06.26-17.47.09:338][254]LogSlate: FSceneViewport::OnFocusLost() reason 0
[2019.06.26-17.47.09:508][269]LogAssetEditorManager: Opening Asset editor for Blueprint /Game/Inimigos/AI/Teste(Ranger)/Enemy_Teste_Range.Enemy_Teste_Range
[2019.06.26-17.47.09:941][269]LogContentBrowser: Native class hierarchy updated for 'BlueprintGraph' in 0.0005 seconds. Added 116 classes and 0 folders.
[2019.06.26-17.47.10:601][269]LogSlate: Took 0.000241 seconds to synchronously load lazily loaded font '../../../Engine/Content/Slate/Fonts/Roboto-BoldCondensed.ttf' (158K)
[2019.06.26-17.47.10:734][270]LogSlate: Took 0.000188 seconds to synchronously load lazily loaded font '../../../Engine/Content/Slate/Fonts/Roboto-Italic.ttf' (157K)
[2019.06.26-17.47.31:855][624]BlueprintLog: New page: Compile Enemy_Teste_Range
[2019.06.26-17.47.32:690][685]LogTemp: Repeating last play command: Simulate
[2019.06.26-17.47.32:714][685]LogBlueprintUserMessages: Early PlayInEditor Detection: Level '/Game/Map/Fase01.Fase01:PersistentLevel' has LevelScriptBlueprint '/Game/Map/Fase01.Fase01:PersistentLevel.Fase01' with GeneratedClass '/Game/Map/Fase01.Fase01_C' with ClassGeneratedBy '/Game/Map/Fase01.Fase01:PersistentLevel.Fase01'
[2019.06.26-17.47.32:714][685]LogPlayLevel: PlayLevel: No blueprints needed recompiling
[2019.06.26-17.47.34:045][685]LogSlate: Window 'Message' being destroyed
[2019.06.26-17.47.34:061][685]PIE: New page: SIE session: Fase01 (Jun 26, 2019, 11:47:34 AM)
[2019.06.26-17.47.34:061][685]LogPlayLevel: Creating play world package: /Game/Map/UEDPIE_0_Fase01
[2019.06.26-17.47.34:066][685]LogPlayLevel: PIE: StaticDuplicateObject took: (0.004386s)
[2019.06.26-17.47.34:066][685]LogAIModule: Creating AISystem for world Fase01
[2019.06.26-17.47.34:066][685]LogPlayLevel: PIE: World Init took: (0.000545s)
[2019.06.26-17.47.34:066][685]LogPlayLevel: PIE: Created PIE world by copying editor world from /Game/Map/Fase01.Fase01 to /Game/Map/UEDPIE_0_Fase01.Fase01 (0.005049s)
[2019.06.26-17.47.34:099][685]LogInit: XAudio2 using 'Alto-falantes (2- Logicool G430 Gaming Headset)' : 2 channels at 48 kHz using 16 bits per sample (channel mask 0x3)
[2019.06.26-17.47.34:107][685]LogInit: FAudioDevice initialized.
[2019.06.26-17.47.34:151][685]LogLoad: Game class is 'GameMode_BP_C'
[2019.06.26-17.47.34:156][685]LogWorld: Bringing World /Game/Map/UEDPIE_0_Fase01.Fase01 up for play (max tick rate 0) at 2019.06.26-14.47.34
[2019.06.26-17.47.34:157][685]LogWorld: Bringing up level for play took: 0.003002
[2019.06.26-17.47.34:169][685]LogGameMode: FindPlayerStart: PATHS NOT DEFINED or NO PLAYERSTART with positive rating
[2019.06.26-17.47.34:185][685]LogContentBrowser: Native class hierarchy updated for 'MovieSceneCapture' in 0.0003 seconds. Added 10 classes and 0 folders.
[2019.06.26-17.47.34:186][685]PIE: Play in editor start time for /Game/Map/UEDPIE_0_Fase01 0.829
[2019.06.26-17.47.34:194][685]LogBlueprintUserMessages: Late PlayInEditor Detection: Level '/Game/Map/Fase01.Fase01:PersistentLevel' has LevelScriptBlueprint '/Game/Map/Fase01.Fase01:PersistentLevel.Fase01' with GeneratedClass '/Game/Map/Fase01.Fase01_C' with ClassGeneratedBy '/Game/Map/Fase01.Fase01:PersistentLevel.Fase01'
[2019.06.26-17.47.38:878][171]PIE: Warning: BP_Nave_Proposta2_2.SkeletalMesh1 Nave_Player has to have 'Simulate Physics' enabled if you'd like to AddImpulse. 
[2019.06.26-17.47.38:878][171]LogBlueprintUserMessages: [BP_Tiro_Projectile_C_4] Ha Losers!
[2019.06.26-17.47.40:281][334]LogBlueprintUserMessages: [BP_Nave_Proposta2_2] You can't me touch.
[2019.06.26-17.47.40:281][334]LogBlueprintUserMessages: [BP_Tiro_Projectile_C_7] Ha Losers!
[2019.06.26-17.47.42:405][576]PIE: Warning: BP_Nave_Proposta2_2.SkeletalMesh1 Nave_Player has to have 'Simulate Physics' enabled if you'd like to AddImpulse. 
[2019.06.26-17.47.42:405][576]LogBlueprintUserMessages: [BP_Tiro_Projectile_C_12] Ha Losers!
[2019.06.26-17.47.42:600][592]LogBlueprintUserMessages: Early EndPlayMap Detection: Level '/Game/Map/Fase01.Fase01:PersistentLevel' has LevelScriptBlueprint '/Game/Map/Fase01.Fase01:PersistentLevel.Fase01' with GeneratedClass '/Game/Map/Fase01.Fase01_C' with ClassGeneratedBy '/Game/Map/Fase01.Fase01:PersistentLevel.Fase01'
[2019.06.26-17.47.42:600][592]LogSlate: Updating window title bar state: overlay mode, drag disabled, window buttons hidden, title bar hidden
[2019.06.26-17.47.42:638][592]LogPlayLevel: Display: Shutting down PIE online subsystems
[2019.06.26-17.47.42:638][592]LogBlueprintUserMessages: Late EndPlayMap Detection: Level '/Game/Map/Fase01.Fase01:PersistentLevel' has LevelScriptBlueprint '/Game/Map/Fase01.Fase01:PersistentLevel.Fase01' with GeneratedClass '/Game/Map/Fase01.Fase01_C' with ClassGeneratedBy '/Game/Map/Fase01.Fase01:PersistentLevel.Fase01'
[2019.06.26-17.47.42:663][592]LogSlate: Updating window title bar state: overlay mode, drag disabled, window buttons hidden, title bar hidden
[2019.06.26-17.47.42:734][593]LogPlayLevel: Display: Destroying online subsystem :Context_6
[2019.06.26-17.47.42:909][608]LogEditorViewport: Clicking on Actor (LMB): BlockingVolume (BlockingVolume2)
[2019.06.26-17.47.44:351][751]LogSlate: FSceneViewport::OnFocusLost() reason 0
[2019.06.26-17.47.46:805][999]LogSlate: Window 'Message Log' being destroyed
[2019.06.26-17.47.46:812][999]LogSlate: Window 'Message Log' being destroyed
[2019.06.26-17.47.47:535][ 72]LogSlate: FSceneViewport::OnFocusLost() reason 0
[2019.06.26-17.47.58:367][138]LogEditorTransaction: Undo Move Nodes
[2019.06.26-17.47.59:260][200]LogEditorTransaction: Undo Add Node
[2019.06.26-17.48.27:775][ 68]LogEditorTransaction: Undo Promote To Variable
[2019.06.26-17.48.48:520][ 46]BlueprintLog: New page: Compile Enemy_Teste_Range
[2019.06.26-17.48.48:544][ 46]LogBlueprint: Error: [Compiler Enemy_Teste_Range] Spawn node  SpawnActor NONE  must have a  Class  specified.
[2019.06.26-17.48.48:683][ 46]LogBlueprint: Warning: [Compiler Enemy_Teste_Range] [0119.79] Compile of Enemy_Teste_Range failed. 1 Fatal Issue(s) 0 Warning(s) [in 163 ms] (/Game/Inimigos/AI/Teste(Ranger)/Enemy_Teste_Range.Enemy_Teste_Range)
[2019.06.26-17.48.52:462][412]LogSlate: FSceneViewport::OnFocusLost() reason 2
[2019.06.26-17.48.56:783][837]BlueprintLog: New page: Compile Enemy_Teste_Range
[2019.06.26-17.48.57:688][909]LogTemp: Repeating last play command: Simulate
[2019.06.26-17.48.57:714][909]LogBlueprintUserMessages: Early PlayInEditor Detection: Level '/Game/Map/Fase01.Fase01:PersistentLevel' has LevelScriptBlueprint '/Game/Map/Fase01.Fase01:PersistentLevel.Fase01' with GeneratedClass '/Game/Map/Fase01.Fase01_C' with ClassGeneratedBy '/Game/Map/Fase01.Fase01:PersistentLevel.Fase01'
[2019.06.26-17.48.57:715][909]LogPlayLevel: PlayLevel: No blueprints needed recompiling
[2019.06.26-17.48.57:715][909]PIE: New page: SIE session: Fase01 (Jun 26, 2019, 11:48:57 AM)
[2019.06.26-17.48.57:715][909]LogPlayLevel: Creating play world package: /Game/Map/UEDPIE_0_Fase01
[2019.06.26-17.48.57:719][909]LogPlayLevel: PIE: StaticDuplicateObject took: (0.004239s)
[2019.06.26-17.48.57:720][909]LogAIModule: Creating AISystem for world Fase01
[2019.06.26-17.48.57:720][909]LogPlayLevel: PIE: World Init took: (0.000606s)
[2019.06.26-17.48.57:720][909]LogPlayLevel: PIE: Created PIE world by copying editor world from /Game/Map/Fase01.Fase01 to /Game/Map/UEDPIE_0_Fase01.Fase01 (0.004943s)
[2019.06.26-17.48.57:750][909]LogInit: XAudio2 using 'Alto-falantes (2- Logicool G430 Gaming Headset)' : 2 channels at 48 kHz using 16 bits per sample (channel mask 0x3)
[2019.06.26-17.48.57:759][909]LogInit: FAudioDevice initialized.
[2019.06.26-17.48.57:787][909]LogLoad: Game class is 'GameMode_BP_C'
[2019.06.26-17.48.57:789][909]LogWorld: Bringing World /Game/Map/UEDPIE_0_Fase01.Fase01 up for play (max tick rate 0) at 2019.06.26-14.48.57
[2019.06.26-17.48.57:789][909]LogWorld: Bringing up level for play took: 0.001523
[2019.06.26-17.48.57:801][909]LogGameMode: FindPlayerStart: PATHS NOT DEFINED or NO PLAYERSTART with positive rating
