Log file open, 02/22/24 17:42:13
LogWindows: Failed to load 'aqProf.dll' (GetLastError=126)
LogWindows: File 'aqProf.dll' does not exist
LogWindows: Failed to load 'VSPerf140.dll' (GetLastError=126)
LogWindows: File 'VSPerf140.dll' does not exist
LogWindows: Failed to load 'VtuneApi.dll' (GetLastError=126)
LogWindows: File 'VtuneApi.dll' does not exist
LogWindows: Failed to load 'VtuneApi32e.dll' (GetLastError=126)
LogWindows: File 'VtuneApi32e.dll' does not exist
LogInit: Display: Running engine for game: AReporpostaProj
LogPlatformFile: Not using cached read wrapper
LogTaskGraph: Started task graph with 5 named threads and 23 total threads with 3 sets of task threads.
LogStats: Stats thread started at 0.365158
LogD3D11RHI: Loaded GFSDK_Aftermath_Lib.x64.dll
LogICUInternationalization: Display: ICU TimeZone Detection - Raw Offset: -3:00, Platform Override: ''
LogPluginManager: Mounting plugin Paper2D
LogPluginManager: Mounting plugin AISupport
LogPluginManager: Mounting plugin LightPropagationVolume
LogPluginManager: Mounting plugin CLionSourceCodeAccess
LogPluginManager: Mounting plugin CodeLiteSourceCodeAccess
LogPluginManager: Mounting plugin GitSourceControl
LogPluginManager: Mounting plugin KDevelopSourceCodeAccess
LogPluginManager: Mounting plugin NullSourceCodeAccess
LogPluginManager: Mounting plugin PerforceSourceControl
LogPluginManager: Mounting plugin SubversionSourceControl
LogPluginManager: Mounting plugin UObjectPlugin
LogPluginManager: Mounting plugin VisualStudioCodeSourceCodeAccess
LogPluginManager: Mounting plugin VisualStudioSourceCodeAccess
LogPluginManager: Mounting plugin XCodeSourceCodeAccess
LogPluginManager: Mounting plugin AssetManagerEditor
LogPluginManager: Mounting plugin CryptoKeys
LogPluginManager: Mounting plugin DataValidation
LogPluginManager: Mounting plugin FacialAnimation
LogPluginManager: Mounting plugin GameplayTagsEditor
LogPluginManager: Mounting plugin MacGraphicsSwitching
LogPluginManager: Mounting plugin MeshEditor
LogPluginManager: Mounting plugin MobileLauncherProfileWizard
LogPluginManager: Mounting plugin PluginBrowser
LogPluginManager: Mounting plugin SpeedTreeImporter
LogPluginManager: Mounting plugin DatasmithContent
LogPluginManager: Mounting plugin AlembicImporter
LogPluginManager: Mounting plugin AppleImageUtils
LogPluginManager: Mounting plugin AppleVision
LogPluginManager: Mounting plugin BackChannel
LogPluginManager: Mounting plugin CharacterAI
LogPluginManager: Mounting plugin GeometryCache
LogPluginManager: Mounting plugin HTML5Networking
LogPluginManager: Mounting plugin ProxyLODPlugin
LogPluginManager: Mounting plugin MagicLeap
LogPluginManager: Mounting plugin MagicLeapEmulator
LogPluginManager: Mounting plugin MagicLeapMedia
LogPluginManager: Mounting plugin AndroidMedia
LogPluginManager: Mounting plugin AvfMedia
LogPluginManager: Mounting plugin ImgMedia
LogPluginManager: Mounting plugin LinearTimecode
LogPluginManager: Mounting plugin MediaCompositing
LogPluginManager: Mounting plugin MediaPlayerEditor
LogPluginManager: Mounting plugin WmfMedia
LogPluginManager: Mounting plugin TcpMessaging
LogPluginManager: Mounting plugin UdpMessaging
LogPluginManager: Mounting plugin ActorSequence
LogPluginManager: Mounting plugin LevelSequenceEditor
LogPluginManager: Mounting plugin MatineeToLevelSequence
LogPluginManager: Mounting plugin NetcodeUnitTest
LogPluginManager: Mounting plugin NUTUnrealEngine4
LogPluginManager: Mounting plugin OnlineSubsystemGooglePlay
LogPluginManager: Mounting plugin OnlineSubsystemIOS
LogPluginManager: Mounting plugin OnlineSubsystem
LogPluginManager: Mounting plugin OnlineSubsystemNull
LogPluginManager: Mounting plugin OnlineSubsystemUtils
LogPluginManager: Mounting plugin LauncherChunkInstaller
LogPluginManager: Mounting plugin AndroidDeviceProfileSelector
LogPluginManager: Mounting plugin AndroidMoviePlayer
LogPluginManager: Mounting plugin AndroidPermission
LogPluginManager: Mounting plugin AppleMoviePlayer
LogPluginManager: Mounting plugin ArchVisCharacter
LogPluginManager: Mounting plugin AudioCapture
LogPluginManager: Mounting plugin CableComponent
LogPluginManager: Mounting plugin CustomMeshComponent
LogPluginManager: Mounting plugin EditableMesh
LogPluginManager: Mounting plugin ExampleDeviceProfileSelector
LogPluginManager: Mounting plugin GoogleCloudMessaging
LogPluginManager: Mounting plugin ImmediatePhysics
LogPluginManager: Mounting plugin IOSDeviceProfileSelector
LogPluginManager: Mounting plugin LinuxDeviceProfileSelector
LogPluginManager: Mounting plugin LocationServicesBPLibrary
LogPluginManager: Mounting plugin MobilePatchingUtils
LogPluginManager: Mounting plugin OculusVR
LogPluginManager: Plugin shader directory ../../../Engine/Plugins/Runtime/Oculus/OculusVR/Shaders found
LogPluginManager: Mapping shader source directory ../../../Engine/Plugins/Runtime/Oculus/OculusVR/Shaders to virtual directory /Plugin/OculusVR
LogPluginManager: Mounting plugin PhysXVehicles
LogPluginManager: Mounting plugin ProceduralMeshComponent
LogPluginManager: Mounting plugin RuntimePhysXCooking
LogPluginManager: Mounting plugin SteamVR
LogPluginManager: Mounting plugin WindowsMoviePlayer
LogStreaming: Display: Took  0.066s to configure plugins.
LogInit: Using libcurl 7.55.1-DEV
LogInit:  - built for x86_64-pc-win32
LogInit:  - supports SSL with OpenSSL/1.0.2h
LogInit:  - supports HTTP deflate (compression) using libz 1.2.8
LogInit:  - other features:
LogInit:      CURL_VERSION_SSL
LogInit:      CURL_VERSION_LIBZ
LogInit:      CURL_VERSION_IPV6
LogInit:      CURL_VERSION_ASYNCHDNS
LogInit:      CURL_VERSION_LARGEFILE
LogInit:      CURL_VERSION_IDN
LogInit:  CurlRequestOptions (configurable via config and command line):
LogInit:  - bVerifyPeer = false  - Libcurl will NOT verify peer certificate
LogInit:  - bUseHttpProxy = false  - Libcurl will NOT use HTTP proxy
LogInit:  - bDontReuseConnections = false  - Libcurl will reuse connections
LogInit:  - CertBundlePath = nullptr  - Libcurl will use whatever was configured at build time.
LogInit:  - MaxHostConnections = 16  - Libcurl will limit the number of connections to a host
LogInit:  - LocalHostAddr = Default
LogInit:  - BufferSize = 65536
LogInit: WinSock: version 1.1 (2.2), MaxSocks=32767, MaxUdp=65467
LogInit: Build: ++UE4+Release-4.20-CL-4369336
LogInit: Engine Version: 4.20.3-4369336+++UE4+Release-4.20
LogInit: Compatible Engine Version: 4.20.0-4212847+++UE4+Release-4.20
LogInit: Net CL: 4212847
LogInit: OS: Windows 10 (), CPU: Intel(R) Core(TM) i7-7700K CPU @ 4.20GHz, GPU: NVIDIA GeForce RTX 2060
LogInit: Compiled (64-bit): Sep 17 2018 12:26:19
LogInit: Compiled with Visual C++: 19.13.26129.00
LogInit: Build Configuration: Development
LogInit: Branch Name: ++UE4+Release-4.20
LogInit: Command Line:  /Game/Map/01Fase -game -PIEVIACONSOLE -ResX=640 -ResY=800  -Multiprocess -messaging -SessionName="Play in Standalone Game" -windowed 
LogInit: Base Directory: C:/Program Files/Epic Games/UE_4.20/Engine/Binaries/Win64/
LogInit: Installed Engine Build: 1
LogDevObjectVersion: Number of dev versions registered: 20
LogDevObjectVersion:   Dev-Blueprints (B0D832E4-1F89-4F0D-ACCF-7EB736FD4AA2): 10
LogDevObjectVersion:   Dev-Build (E1C64328-A22C-4D53-A36C-8E866417BD8C): 0
LogDevObjectVersion:   Dev-Core (375EC13C-06E4-48FB-B500-84F0262A717E): 2
LogDevObjectVersion:   Dev-Editor (E4B068ED-F494-42E9-A231-DA0B2E46BB41): 24
LogDevObjectVersion:   Dev-Framework (CFFC743F-43B0-4480-9391-14DF171D2073): 34
LogDevObjectVersion:   Dev-Mobile (B02B49B5-BB20-44E9-A304-32B752E40360): 2
LogDevObjectVersion:   Dev-Networking (A4E4105C-59A1-49B5-A7C5-40C4547EDFEE): 0
LogDevObjectVersion:   Dev-Online (39C831C9-5AE6-47DC-9A44-9C173E1C8E7C): 0
LogDevObjectVersion:   Dev-Physics (78F01B33-EBEA-4F98-B9B4-84EACCB95AA2): 0
LogDevObjectVersion:   Dev-Platform (6631380F-2D4D-43E0-8009-CF276956A95A): 0
LogDevObjectVersion:   Dev-Rendering (12F88B9F-8875-4AFC-A67C-D90C383ABD29): 26
LogDevObjectVersion:   Dev-Sequencer (7B5AE74C-D270-4C10-A958-57980B212A5A): 9
LogDevObjectVersion:   Dev-VR (D7296918-1DD6-4BDD-9DE2-64A83CC13884): 2
LogDevObjectVersion:   Dev-LoadTimes (C2A15278-BFE7-4AFE-6C17-90FF531DF755): 1
LogDevObjectVersion:   Private-Geometry (6EACA3D4-40EC-4CC1-B786-8BED09428FC5): 3
LogDevObjectVersion:   Dev-AnimPhys (29E575DD-E0A3-4627-9D10-D276232CDCEA): 17
LogDevObjectVersion:   Dev-ReflectionCapture (6B266CEC-1EC7-4B8F-A30B-E4D90942FC07): 1
LogDevObjectVersion:   Dev-Automation (0DF73D61-A23F-47EA-B727-89E90C41499A): 1
LogDevObjectVersion:   FortniteMain (601D1886-AC64-4F84-AA16-D3DE0DEAC7D6): 12
LogDevObjectVersion:   Dev-Enterprise (9DFFBCD6-494F-0158-E221-12823C92A888): 1
LogStreaming: Display: Took  0.003s to delete old logs.
LogInit: Presizing for max 8388607 objects, including 0 objects not considered by GC, pre-allocating 0 bytes for permanent pool.
LogInit: Object subsystem initialized
[2024.02.22-20.42.13:896][  0]LogInit: Selected Device Profile: [Windows]
[2024.02.22-20.42.13:896][  0]LogInit: Applying CVar settings loaded from the selected device profile: [Windows]
[2024.02.22-20.42.13:899][  0]LogHAL: Display: Platform has ~ 16 GB [17134534656 / 17179869184 / 16], which maps to Larger [LargestMinGB=32, LargerMinGB=12, DefaultMinGB=8, SmallerMinGB=6, SmallestMinGB=0)
[2024.02.22-20.42.13:899][  0]LogInit: Setting Device Profile CVar: [[r.Vulkan.UseRealUBs:1]]
[2024.02.22-20.42.13:899][  0]LogInit: Going up to parent DeviceProfile []
[2024.02.22-20.42.13:900][  0]LogInit: Computer: DESKTOP-VE7UTN2
[2024.02.22-20.42.13:900][  0]LogInit: User: Teika
[2024.02.22-20.42.13:900][  0]LogInit: CPU Page size=4096, Cores=4
[2024.02.22-20.42.13:900][  0]LogInit: High frequency timer resolution =10.000000 MHz
[2024.02.22-20.42.13:900][  0]LogMemory: Memory total: Physical=16.0GB (16GB approx)
[2024.02.22-20.42.13:900][  0]LogMemory: Platform Memory Stats for Windows
[2024.02.22-20.42.13:900][  0]LogMemory: Process Physical Memory: 103.12 MB used, 103.12 MB peak
[2024.02.22-20.42.13:900][  0]LogMemory: Process Virtual Memory: 97.25 MB used, 97.25 MB peak
[2024.02.22-20.42.13:900][  0]LogMemory: Physical Memory: 7874.41 MB used,  8466.35 MB free, 16340.77 MB total
[2024.02.22-20.42.13:900][  0]LogMemory: Virtual Memory: 4635.86 MB used,  8466.35 MB free, 134217728.00 MB total
[2024.02.22-20.42.13:930][  0]LogInit: Using OS detected language (pt-BR).
[2024.02.22-20.42.13:930][  0]LogInit: Using OS detected locale (pt-BR).
[2024.02.22-20.42.14:208][  0]LogStreaming: Display: Took  0.278s to InitEngineTextLocalization.
[2024.02.22-20.42.14:232][  0]LogSlate: New Slate User Created.  User Index 0, Is Virtual User: 0
[2024.02.22-20.42.14:232][  0]LogSlate: Slate User Registered.  User Index 0, Is Virtual User: 0
[2024.02.22-20.42.14:240][  0]LogHMD: Failed to initialize OpenVR with code 110
[2024.02.22-20.42.14:240][  0]LogD3D11RHI: D3D11 adapters:
[2024.02.22-20.42.14:387][  0]LogD3D11RHI:    0. 'NVIDIA GeForce RTX 2060' (Feature Level 11_0)
[2024.02.22-20.42.14:387][  0]LogD3D11RHI:       5945/0/8170 MB DedicatedVideo/DedicatedSystem/SharedSystem, Outputs:2, VendorId:0x10de
[2024.02.22-20.42.14:389][  0]LogD3D11RHI:    1. 'Microsoft Basic Render Driver' (Feature Level 11_0)
[2024.02.22-20.42.14:389][  0]LogD3D11RHI:       0/0/8170 MB DedicatedVideo/DedicatedSystem/SharedSystem, Outputs:0, VendorId:0x1414
[2024.02.22-20.42.14:389][  0]LogD3D11RHI: Chosen D3D11 Adapter: 0
[2024.02.22-20.42.14:393][  0]LogD3D11RHI: Creating new Direct3DDevice
[2024.02.22-20.42.14:394][  0]LogD3D11RHI:     GPU DeviceId: 0x1e89 (for the marketing name, search the web for "GPU Device Id")
[2024.02.22-20.42.14:394][  0]LogWindows: EnumDisplayDevices:
[2024.02.22-20.42.14:394][  0]LogWindows:    0. 'NVIDIA GeForce RTX 2060' (P:1 D:1)
[2024.02.22-20.42.14:394][  0]LogWindows:    1. 'NVIDIA GeForce RTX 2060' (P:0 D:1)
[2024.02.22-20.42.14:394][  0]LogWindows:    2. 'NVIDIA GeForce RTX 2060' (P:0 D:0)
[2024.02.22-20.42.14:394][  0]LogWindows:    3. 'NVIDIA GeForce RTX 2060' (P:0 D:0)
[2024.02.22-20.42.14:394][  0]LogWindows: DebugString: FoundDriverCount:4 
[2024.02.22-20.42.14:394][  0]LogD3D11RHI:     Adapter Name: NVIDIA GeForce RTX 2060
[2024.02.22-20.42.14:395][  0]LogD3D11RHI:   Driver Version: 551.52 (internal:31.0.15.5152, unified:551.52)
[2024.02.22-20.42.14:395][  0]LogD3D11RHI:      Driver Date: 2-7-2024
[2024.02.22-20.42.14:395][  0]LogRHI: Texture pool is 4161 MB (70% of 5945 MB)
[2024.02.22-20.42.14:496][  0]LogD3D11RHI: Async texture creation enabled
[2024.02.22-20.42.14:523][  0]LogD3D11RHI: GPU Timing Frequency: 1000.000000 (Debug: 2 2)
[2024.02.22-20.42.14:526][  0]LogShaderCompilers: Guid format shader working directory is 17 characters bigger than the processId version (../../../../../../AReproposta/Intermediate/Shaders/WorkingDirectory/1920/).
[2024.02.22-20.42.14:526][  0]LogShaderCompilers: Cleaned the shader compiler working directory 'C:/Users/Teika/AppData/Local/Temp/UnrealShaderWorkingDir/7EF53A994CDC7563777BAEBCEC4D7514/'.
[2024.02.22-20.42.14:770][  0]LogTemp: Display: Loaded TP WindowsClientTargetPlatform
[2024.02.22-20.42.14:780][  0]LogTemp: Display: Loaded TP WindowsNoEditorTargetPlatform
[2024.02.22-20.42.14:791][  0]LogTemp: Display: Loaded TP WindowsServerTargetPlatform
[2024.02.22-20.42.14:801][  0]LogTemp: Display: Loaded TP WindowsTargetPlatform
[2024.02.22-20.42.14:801][  0]LogTargetPlatformManager: Display: Building Assets For Windows
[2024.02.22-20.42.14:845][  0]LogXGEController: Cannot use XGE Controller as Incredibuild is not installed on this machine.
[2024.02.22-20.42.14:845][  0]LogShaderCompilers: Cannot use XGE Shader Compiler as Incredibuild is not installed on this machine.
[2024.02.22-20.42.14:845][  0]LogShaderCompilers: Display: Using Local Shader Compiler.
[2024.02.22-20.42.15:475][  0]LogDerivedDataCache: Display: Max Cache Size: 512 MB
[2024.02.22-20.42.15:514][  0]LogDerivedDataCache: Loaded boot cache 0.04s 71MB C:/Users/Teika/AppData/Local/UnrealEngine/4.20/DerivedDataCache/Boot.ddc.
[2024.02.22-20.42.15:514][  0]LogDerivedDataCache: Display: Loaded Boot cache: C:/Users/Teika/AppData/Local/UnrealEngine/4.20/DerivedDataCache/Boot.ddc
[2024.02.22-20.42.15:515][  0]LogDerivedDataCache: FDerivedDataBackendGraph:  Pak pak cache file ../../../../../../AReproposta/DerivedDataCache/DDC.ddp not found, will not use a pak cache.
[2024.02.22-20.42.15:515][  0]LogDerivedDataCache: Unable to find inner node Pak for hierarchical cache Hierarchy.
[2024.02.22-20.42.15:515][  0]LogDerivedDataCache: FDerivedDataBackendGraph:  CompressedPak pak cache file ../../../../../../AReproposta/DerivedDataCache/Compressed.ddp not found, will not use a pak cache.
[2024.02.22-20.42.15:515][  0]LogDerivedDataCache: Unable to find inner node CompressedPak for hierarchical cache Hierarchy.
[2024.02.22-20.42.15:525][  0]LogDerivedDataCache: Display: Pak cache opened for reading ../../../Engine/DerivedDataCache/Compressed.ddp.
[2024.02.22-20.42.15:538][  0]LogDerivedDataCache: Using Local data cache path C:/Users/Teika/AppData/Local/UnrealEngine/Common/DerivedDataCache: Writable
[2024.02.22-20.42.15:538][  0]LogDerivedDataCache: Shared data cache path not found in *engine.ini, will not use an Shared cache.
[2024.02.22-20.42.15:538][  0]LogDerivedDataCache: Unable to find inner node Shared for hierarchical cache Hierarchy.
[2024.02.22-20.42.15:551][  0]LogMaterial: Verifying Global Shaders for PCD3D_SM5
[2024.02.22-20.42.15:552][  0]LogSlate: Using FreeType 2.6.0
[2024.02.22-20.42.15:553][  0]LogSlate: SlateFontServices - WITH_FREETYPE: 1, WITH_HARFBUZZ: 1
[2024.02.22-20.42.15:585][  0]LogInit: Using OS detected language (pt-BR).
[2024.02.22-20.42.15:585][  0]LogInit: Using OS detected locale (pt-BR).
[2024.02.22-20.42.15:585][  0]LogTextLocalizationManager: No localization for 'pt-BR' exists, so 'en' will be used for the language.
[2024.02.22-20.42.15:585][  0]LogTextLocalizationManager: No localization for 'pt-BR' exists, so 'en' will be used for the locale.
[2024.02.22-20.42.15:801][  0]LogStreaming: Display: Took  0.216s to InitGameTextLocalization.
[2024.02.22-20.42.15:806][  0]LogAssetRegistry: FAssetRegistry took 0.0032 seconds to start up
[2024.02.22-20.42.15:955][  0]LogPackageLocalizationCache: Processed 11 localized package path(s) for 1 prioritized culture(s) in 0.011670 seconds
[2024.02.22-20.42.16:044][  0]LogInit: Selected Device Profile: [Windows]
[2024.02.22-20.42.16:140][  0]LogSimplygon: Simplygon DLL not present - disabling.
[2024.02.22-20.42.16:143][  0]LogMeshReduction: Using SimplygonSwarm for distributed automatic mesh merging
[2024.02.22-20.42.16:143][  0]LogMeshReduction: Using ProxyLODMeshReduction for automatic mesh merging
[2024.02.22-20.42.16:143][  0]LogMeshReduction: Using QuadricMeshReduction for automatic static mesh reduction
[2024.02.22-20.42.16:143][  0]LogMeshReduction: No automatic skeletal mesh reduction module available
[2024.02.22-20.42.16:154][  0]LogNetVersion: AReporpostaProj 1.0.0, NetCL: 4212847, EngineNetVer: 5, GameNetVer: 0 (Checksum: 3188191889)
[2024.02.22-20.42.16:517][  0]LogMoviePlayer: Initializing movie player
[2024.02.22-20.42.16:664][  0]LogTcpMessaging: Initializing TcpMessaging bridge
[2024.02.22-20.42.16:674][  0]LogUdpMessaging: Initializing bridge on interface 0.0.0.0:0 to multicast group 230.0.0.1:6666.
[2024.02.22-20.42.16:750][  0]SourceControl: Source control is disabled
[2024.02.22-20.42.16:750][  0]SourceControl: Source control is disabled
[2024.02.22-20.42.16:751][  0]SourceControl: Source control is disabled
[2024.02.22-20.42.16:863][  0]LogAndroidPermission: UAndroidPermissionCallbackProxy::GetInstance
[2024.02.22-20.42.16:921][  0]LogOcInput: OculusInput pre-init called
[2024.02.22-20.42.16:928][  0]LogUObjectArray: 42168 objects as part of root set at end of initial load.
[2024.02.22-20.42.16:928][  0]LogUObjectAllocator: 7432352 out of 0 bytes used by permanent object pool.
[2024.02.22-20.42.16:928][  0]LogUObjectArray: CloseDisregardForGC: 0/0 objects in disregard for GC pool
[2024.02.22-20.42.16:971][  0]LogEngine: Initializing Engine...
[2024.02.22-20.42.16:972][  0]LogHMD: Failed to initialize OpenVR with code 110
[2024.02.22-20.42.16:984][  0]LogStats: UGameplayTagsManager::ConstructGameplayTagTree: ImportINI prefixes -  0.000 s
[2024.02.22-20.42.16:984][  0]LogStats: UGameplayTagsManager::ConstructGameplayTagTree: Construct from data asset -  0.000 s
[2024.02.22-20.42.16:984][  0]LogStats: UGameplayTagsManager::ConstructGameplayTagTree: ImportINI -  0.000 s
[2024.02.22-20.42.16:984][  0]LogStats: UGameplayTagsManager::ConstructGameplayTagTree: GameplayTagTreeChangedEvent.Broadcast -  0.000 s
[2024.02.22-20.42.17:108][  0]LogInit: Initializing FReadOnlyCVARCache
[2024.02.22-20.42.17:126][  0]LogInit: XAudio2 using 'Alto-falantes (Realtek(R) Audio)' : 2 channels at 48 kHz using 32 bits per sample (channel mask 0x3)
[2024.02.22-20.42.17:144][  0]LogInit: FAudioDevice initialized.
[2024.02.22-20.42.17:156][  0]LogNetVersion: Set ProjectVersion to 1.0.0.0. Version Checksum will be recalculated on next use.
[2024.02.22-20.42.17:156][  0]LogInit: Texture streaming: Enabled
[2024.02.22-20.42.17:259][  0]LogSlate: Updating window title bar state: overlay mode, drag disabled, window buttons hidden, title bar hidden
[2024.02.22-20.42.17:260][  0]LogInit: Display: Game Engine Initialized.
[2024.02.22-20.42.17:260][  0]LogGameplayTags: Display: UGameplayTagsManager::DoneAddingNativeTags. DelegateIsBound: 0
[2024.02.22-20.42.17:260][  0]LogStats: UGameplayTagsManager::ConstructGameplayTagTree: ImportINI prefixes -  0.000 s
[2024.02.22-20.42.17:260][  0]LogStats: UGameplayTagsManager::ConstructGameplayTagTree: Construct from data asset -  0.000 s
[2024.02.22-20.42.17:260][  0]LogStats: UGameplayTagsManager::ConstructGameplayTagTree: ImportINI -  0.000 s
[2024.02.22-20.42.17:260][  0]LogStats: UGameplayTagsManager::ConstructGameplayTagTree: GameplayTagTreeChangedEvent.Broadcast -  0.000 s
[2024.02.22-20.42.17:268][  0]LogInit: Display: Starting Game.
[2024.02.22-20.42.17:268][  0]LogNet: Browse: /Game/Map/01Fase?Name=Player
[2024.02.22-20.42.17:268][  0]LogLoad: LoadMap: /Game/Map/01Fase?Name=Player
[2024.02.22-20.42.17:786][  0]LogAIModule: Creating AISystem for world 01Fase
[2024.02.22-20.42.17:786][  0]LogLoad: Game class is 'GameMode_BP_C'
[2024.02.22-20.42.17:792][  0]LogWorld: Bringing World /Game/Map/01Fase.01Fase up for play (max tick rate 0) at 2024.02.22-17.42.17
[2024.02.22-20.42.17:799][  0]LogWorld: Bringing up level for play took: 0.011977
[2024.02.22-20.42.17:800][  0]LogGameMode: FindPlayerStart: PATHS NOT DEFINED or NO PLAYERSTART with positive rating
[2024.02.22-20.42.17:802][  0]r.SetRes = "640x800w"
[2024.02.22-20.42.17:802][  0]LogLoad: Took 0.533746 seconds to LoadMap(/Game/Map/01Fase)
[2024.02.22-20.42.17:866][  0]LogRenderer: Reallocating scene render targets to support 640x800 Format 10 NumSamples 1 (Frame:1).
[2024.02.22-20.42.17:866][  0]LogLoad: (Engine Initialization) Total time: 5.40 seconds
[2024.02.22-20.42.17:866][  0]LogLoad: (Engine Initialization) Total Blueprint compile time: 0.00 seconds
[2024.02.22-20.42.17:887][  0]LogContentStreaming: Texture pool size now 1000 MB
[2024.02.22-20.42.21:232][198]LogBlueprintUserMessages: [BP_Projectile_Default_C_0] Player Projectile Destroyed
[2024.02.22-20.42.21:549][217]LogBlueprintUserMessages: [BP_Projectile_Default_C_1] Player Projectile Destroyed
[2024.02.22-20.42.21:865][236]LogBlueprintUserMessages: [BP_Projectile_Default_C_2] Player Projectile Destroyed
[2024.02.22-20.42.23:516][335]LogSlate: FSceneViewport::OnFocusLost() reason 0
[2024.02.22-20.42.23:715][347]LogBlueprintUserMessages: [BP_Projectile_Default_C_3] Player Projectile Destroyed
[2024.02.22-20.42.24:032][366]LogBlueprintUserMessages: [BP_Projectile_Default_C_4] Player Projectile Destroyed
[2024.02.22-20.42.24:182][375]LogBlueprintUserMessages: [BP_Projectile_Default_C_7] Player Projectile Destroyed
[2024.02.22-20.42.24:349][385]LogBlueprintUserMessages: [BP_Projectile_Default_C_5] Player Projectile Destroyed
[2024.02.22-20.42.24:665][404]LogBlueprintUserMessages: [BP_Projectile_Default_C_6] Player Projectile Destroyed
[2024.02.22-20.42.25:299][442]LogBlueprintUserMessages: [BP_Projectile_Default_C_8] Player Projectile Destroyed
[2024.02.22-20.42.25:615][461]LogBlueprintUserMessages: [BP_Projectile_Default_C_9] Player Projectile Destroyed
[2024.02.22-20.42.25:815][473]LogBlueprintUserMessages: [BP_Projectile_Default_C_12] Player Projectile Destroyed
[2024.02.22-20.42.25:932][480]LogBlueprintUserMessages: [BP_Projectile_Default_C_10] Player Projectile Destroyed
[2024.02.22-20.42.26:115][491]LogBlueprintUserMessages: [BP_Projectile_Default_C_13] Player Projectile Destroyed
[2024.02.22-20.42.26:249][499]LogBlueprintUserMessages: [BP_Projectile_Default_C_11] Player Projectile Destroyed
[2024.02.22-20.42.26:748][529]LogBlueprintUserMessages: [BP_Projectile_Default_C_15] Player Projectile Destroyed
[2024.02.22-20.42.27:048][547]LogBlueprintUserMessages: [BP_Projectile_Default_C_16] Player Projectile Destroyed
[2024.02.22-20.42.27:198][556]LogBlueprintUserMessages: [BP_Projectile_Default_C_14] Player Projectile Destroyed
[2024.02.22-20.42.28:148][613]LogBlueprintUserMessages: [BP_Projectile_Default_C_17] Player Projectile Destroyed
[2024.02.22-20.42.28:465][632]LogBlueprintUserMessages: [BP_Projectile_Default_C_18] Player Projectile Destroyed
[2024.02.22-20.42.28:782][651]LogBlueprintUserMessages: [BP_Projectile_Default_C_19] Player Projectile Destroyed
[2024.02.22-20.42.29:065][668]LogBlueprintUserMessages: [BP_Projectile_Default_C_23] Player Projectile Destroyed
[2024.02.22-20.42.29:098][670]LogBlueprintUserMessages: [BP_Projectile_Default_C_20] Player Projectile Destroyed
[2024.02.22-20.42.29:415][689]LogBlueprintUserMessages: [BP_Projectile_Default_C_21] Player Projectile Destroyed
[2024.02.22-20.42.29:732][708]LogBlueprintUserMessages: [BP_Projectile_Default_C_22] Player Projectile Destroyed
[2024.02.22-20.42.30:366][746]LogBlueprintUserMessages: [BP_Projectile_Default_C_24] Player Projectile Destroyed
[2024.02.22-20.42.30:683][765]LogBlueprintUserMessages: [BP_Projectile_Default_C_25] Player Projectile Destroyed
[2024.02.22-20.42.30:910][777]LogSlate: Window 'AReporpostaProj (64-bit Development PCD3D_SM5) ' being destroyed
[2024.02.22-20.42.30:910][777]LogWindowsTextInputMethodSystem: Display: IME system now deactivated.
[2024.02.22-20.42.30:914][777]LogWindowsTextInputMethodSystem: Display: IME system now deactivated.
[2024.02.22-20.42.30:917][777]LogSlate: Updating window title bar state: overlay mode, drag disabled, window buttons hidden, title bar hidden
[2024.02.22-20.42.30:917][777]LogEngine: All Windows Closed
[2024.02.22-20.42.30:917][777]LogWindows: FPlatformMisc::RequestExit(0)
[2024.02.22-20.42.30:981][778]LogExit: Preparing to exit.
[2024.02.22-20.42.30:981][778]LogMoviePlayer: Shutting down movie player
[2024.02.22-20.42.31:693][778]LogSlate: Updating window title bar state: overlay mode, drag disabled, window buttons hidden, title bar hidden
[2024.02.22-20.42.31:703][778]LogExit: Game engine shut down
