Log file open, 07/01/19 11:11:59
LogWindows: Failed to load 'aqProf.dll' (GetLastError=126)
LogWindows: File 'aqProf.dll' does not exist
LogWindows: Failed to load 'VSPerf140.dll' (GetLastError=126)
LogWindows: File 'VSPerf140.dll' does not exist
LogWindows: Failed to load 'VtuneApi.dll' (GetLastError=126)
LogWindows: File 'VtuneApi.dll' does not exist
LogWindows: Failed to load 'VtuneApi32e.dll' (GetLastError=126)
LogWindows: File 'VtuneApi32e.dll' does not exist
LogInit: Display: Running engine for game: AReporpostaProj
LogPlatformFile: Not using cached read wrapper
LogTaskGraph: Started task graph with 5 named threads and 14 total threads with 3 sets of task threads.
LogStats: Stats thread started at 0.188613
LogD3D11RHI: Loaded GFSDK_Aftermath_Lib.x64.dll
LogICUInternationalization: Display: ICU TimeZone Detection - Raw Offset: -3:00, Platform Override: ''
LogPluginManager: Mounting plugin Paper2D
LogPluginManager: Mounting plugin AISupport
LogPluginManager: Mounting plugin LightPropagationVolume
LogPluginManager: Mounting plugin CLionSourceCodeAccess
LogPluginManager: Mounting plugin CodeLiteSourceCodeAccess
LogPluginManager: Mounting plugin GitSourceControl
LogPluginManager: Mounting plugin KDevelopSourceCodeAccess
LogPluginManager: Mounting plugin NullSourceCodeAccess
LogPluginManager: Mounting plugin PerforceSourceControl
LogPluginManager: Mounting plugin SubversionSourceControl
LogPluginManager: Mounting plugin UObjectPlugin
LogPluginManager: Mounting plugin VisualStudioCodeSourceCodeAccess
LogPluginManager: Mounting plugin VisualStudioSourceCodeAccess
LogPluginManager: Mounting plugin XCodeSourceCodeAccess
LogPluginManager: Mounting plugin AssetManagerEditor
LogPluginManager: Mounting plugin CryptoKeys
LogPluginManager: Mounting plugin DataValidation
LogPluginManager: Mounting plugin FacialAnimation
LogPluginManager: Mounting plugin GameplayTagsEditor
LogPluginManager: Mounting plugin MacGraphicsSwitching
LogPluginManager: Mounting plugin MeshEditor
LogPluginManager: Mounting plugin MobileLauncherProfileWizard
LogPluginManager: Mounting plugin PluginBrowser
LogPluginManager: Mounting plugin SpeedTreeImporter
LogPluginManager: Mounting plugin DatasmithContent
LogPluginManager: Mounting plugin AlembicImporter
LogPluginManager: Mounting plugin AppleImageUtils
LogPluginManager: Mounting plugin AppleVision
LogPluginManager: Mounting plugin BackChannel
LogPluginManager: Mounting plugin CharacterAI
LogPluginManager: Mounting plugin GeometryCache
LogPluginManager: Mounting plugin HTML5Networking
LogPluginManager: Mounting plugin ProxyLODPlugin
LogPluginManager: Mounting plugin MagicLeap
LogPluginManager: Mounting plugin MagicLeapEmulator
LogPluginManager: Mounting plugin MagicLeapMedia
LogPluginManager: Mounting plugin AndroidMedia
LogPluginManager: Mounting plugin AvfMedia
LogPluginManager: Mounting plugin ImgMedia
LogPluginManager: Mounting plugin LinearTimecode
LogPluginManager: Mounting plugin MediaCompositing
LogPluginManager: Mounting plugin MediaPlayerEditor
LogPluginManager: Mounting plugin WmfMedia
LogPluginManager: Mounting plugin TcpMessaging
LogPluginManager: Mounting plugin UdpMessaging
LogPluginManager: Mounting plugin ActorSequence
LogPluginManager: Mounting plugin LevelSequenceEditor
LogPluginManager: Mounting plugin MatineeToLevelSequence
LogPluginManager: Mounting plugin NetcodeUnitTest
LogPluginManager: Mounting plugin NUTUnrealEngine4
LogPluginManager: Mounting plugin OnlineSubsystemGooglePlay
LogPluginManager: Mounting plugin OnlineSubsystemIOS
LogPluginManager: Mounting plugin OnlineSubsystem
LogPluginManager: Mounting plugin OnlineSubsystemNull
LogPluginManager: Mounting plugin OnlineSubsystemUtils
LogPluginManager: Mounting plugin LauncherChunkInstaller
LogPluginManager: Mounting plugin AndroidDeviceProfileSelector
LogPluginManager: Mounting plugin AndroidMoviePlayer
LogPluginManager: Mounting plugin AndroidPermission
LogPluginManager: Mounting plugin AppleMoviePlayer
LogPluginManager: Mounting plugin ArchVisCharacter
LogPluginManager: Mounting plugin AudioCapture
LogPluginManager: Mounting plugin CableComponent
LogPluginManager: Mounting plugin CustomMeshComponent
LogPluginManager: Mounting plugin EditableMesh
LogPluginManager: Mounting plugin ExampleDeviceProfileSelector
LogPluginManager: Mounting plugin GoogleCloudMessaging
LogPluginManager: Mounting plugin ImmediatePhysics
LogPluginManager: Mounting plugin IOSDeviceProfileSelector
LogPluginManager: Mounting plugin LinuxDeviceProfileSelector
LogPluginManager: Mounting plugin LocationServicesBPLibrary
LogPluginManager: Mounting plugin MobilePatchingUtils
LogPluginManager: Mounting plugin OculusVR
LogPluginManager: Plugin shader directory ../../../Engine/Plugins/Runtime/Oculus/OculusVR/Shaders found
LogPluginManager: Mapping shader source directory ../../../Engine/Plugins/Runtime/Oculus/OculusVR/Shaders to virtual directory /Plugin/OculusVR
LogPluginManager: Mounting plugin PhysXVehicles
LogPluginManager: Mounting plugin ProceduralMeshComponent
LogPluginManager: Mounting plugin RuntimePhysXCooking
LogPluginManager: Mounting plugin SteamVR
LogPluginManager: Mounting plugin WindowsMoviePlayer
LogStreaming: Display: Took  0.083s to configure plugins.
LogInit: Using libcurl 7.55.1-DEV
LogInit:  - built for x86_64-pc-win32
LogInit:  - supports SSL with OpenSSL/1.0.2h
LogInit:  - supports HTTP deflate (compression) using libz 1.2.8
LogInit:  - other features:
LogInit:      CURL_VERSION_SSL
LogInit:      CURL_VERSION_LIBZ
LogInit:      CURL_VERSION_IPV6
LogInit:      CURL_VERSION_ASYNCHDNS
LogInit:      CURL_VERSION_LARGEFILE
LogInit:      CURL_VERSION_IDN
LogInit:  CurlRequestOptions (configurable via config and command line):
LogInit:  - bVerifyPeer = false  - Libcurl will NOT verify peer certificate
LogInit:  - bUseHttpProxy = false  - Libcurl will NOT use HTTP proxy
LogInit:  - bDontReuseConnections = false  - Libcurl will reuse connections
LogInit:  - CertBundlePath = nullptr  - Libcurl will use whatever was configured at build time.
LogInit:  - MaxHostConnections = 16  - Libcurl will limit the number of connections to a host
LogInit:  - LocalHostAddr = Default
LogInit:  - BufferSize = 65536
LogInit: WinSock: version 1.1 (2.2), MaxSocks=32767, MaxUdp=65467
LogInit: Build: ++UE4+Release-4.20-CL-4369336
LogInit: Engine Version: 4.20.3-4369336+++UE4+Release-4.20
LogInit: Compatible Engine Version: 4.20.0-4212847+++UE4+Release-4.20
LogInit: Net CL: 4212847
LogInit: OS: Windows 10 (), CPU: Intel(R) Core(TM) i5-7400 CPU @ 3.00GHz, GPU: NVIDIA GeForce GTX 1050 Ti
LogInit: Compiled (64-bit): Sep 17 2018 12:26:19
LogInit: Compiled with Visual C++: 19.13.26129.00
LogInit: Build Configuration: Development
LogInit: Branch Name: ++UE4+Release-4.20
LogInit: Command Line: 
LogInit: Base Directory: C:/Program Files/Epic Games/UE_4.20/Engine/Binaries/Win64/
LogInit: Installed Engine Build: 1
LogDevObjectVersion: Number of dev versions registered: 20
LogDevObjectVersion:   Dev-Blueprints (B0D832E4-1F89-4F0D-ACCF-7EB736FD4AA2): 10
LogDevObjectVersion:   Dev-Build (E1C64328-A22C-4D53-A36C-8E866417BD8C): 0
LogDevObjectVersion:   Dev-Core (375EC13C-06E4-48FB-B500-84F0262A717E): 2
LogDevObjectVersion:   Dev-Editor (E4B068ED-F494-42E9-A231-DA0B2E46BB41): 24
LogDevObjectVersion:   Dev-Framework (CFFC743F-43B0-4480-9391-14DF171D2073): 34
LogDevObjectVersion:   Dev-Mobile (B02B49B5-BB20-44E9-A304-32B752E40360): 2
LogDevObjectVersion:   Dev-Networking (A4E4105C-59A1-49B5-A7C5-40C4547EDFEE): 0
LogDevObjectVersion:   Dev-Online (39C831C9-5AE6-47DC-9A44-9C173E1C8E7C): 0
LogDevObjectVersion:   Dev-Physics (78F01B33-EBEA-4F98-B9B4-84EACCB95AA2): 0
LogDevObjectVersion:   Dev-Platform (6631380F-2D4D-43E0-8009-CF276956A95A): 0
LogDevObjectVersion:   Dev-Rendering (12F88B9F-8875-4AFC-A67C-D90C383ABD29): 26
LogDevObjectVersion:   Dev-Sequencer (7B5AE74C-D270-4C10-A958-57980B212A5A): 9
LogDevObjectVersion:   Dev-VR (D7296918-1DD6-4BDD-9DE2-64A83CC13884): 2
LogDevObjectVersion:   Dev-LoadTimes (C2A15278-BFE7-4AFE-6C17-90FF531DF755): 1
LogDevObjectVersion:   Private-Geometry (6EACA3D4-40EC-4CC1-B786-8BED09428FC5): 3
LogDevObjectVersion:   Dev-AnimPhys (29E575DD-E0A3-4627-9D10-D276232CDCEA): 17
LogDevObjectVersion:   Dev-ReflectionCapture (6B266CEC-1EC7-4B8F-A30B-E4D90942FC07): 1
LogDevObjectVersion:   Dev-Automation (0DF73D61-A23F-47EA-B727-89E90C41499A): 1
LogDevObjectVersion:   FortniteMain (601D1886-AC64-4F84-AA16-D3DE0DEAC7D6): 12
LogDevObjectVersion:   Dev-Enterprise (9DFFBCD6-494F-0158-E221-12823C92A888): 1
LogStreaming: Display: Took  0.005s to delete old logs.
LogInit: Presizing for max 8388607 objects, including 0 objects not considered by GC, pre-allocating 0 bytes for permanent pool.
LogInit: Object subsystem initialized
[2019.07.01-14.11.59:929][  0]LogInit: Selected Device Profile: [Windows]
[2019.07.01-14.11.59:929][  0]LogInit: Applying CVar settings loaded from the selected device profile: [Windows]
[2019.07.01-14.11.59:936][  0]LogHAL: Display: Platform has ~ 16 GB [17114595328 / 17179869184 / 16], which maps to Larger [LargestMinGB=32, LargerMinGB=12, DefaultMinGB=8, SmallerMinGB=6, SmallestMinGB=0)
[2019.07.01-14.11.59:936][  0]LogInit: Setting Device Profile CVar: [[r.Vulkan.UseRealUBs:1]]
[2019.07.01-14.11.59:936][  0]LogInit: Going up to parent DeviceProfile []
[2019.07.01-14.11.59:937][  0]LogInit: Computer: TTP-E16
[2019.07.01-14.11.59:937][  0]LogInit: User: SAGA
[2019.07.01-14.11.59:937][  0]LogInit: CPU Page size=4096, Cores=4
[2019.07.01-14.11.59:937][  0]LogInit: High frequency timer resolution =2.929686 MHz
[2019.07.01-14.11.59:937][  0]LogMemory: Memory total: Physical=15.9GB (16GB approx)
[2019.07.01-14.11.59:937][  0]LogMemory: Platform Memory Stats for Windows
[2019.07.01-14.11.59:937][  0]LogMemory: Process Physical Memory: 100.89 MB used, 100.89 MB peak
[2019.07.01-14.11.59:937][  0]LogMemory: Process Virtual Memory: 92.27 MB used, 92.27 MB peak
[2019.07.01-14.11.59:937][  0]LogMemory: Physical Memory: 3578.20 MB used,  12743.55 MB free, 16321.75 MB total
[2019.07.01-14.11.59:937][  0]LogMemory: Virtual Memory: 4627.16 MB used,  12743.55 MB free, 134217728.00 MB total
[2019.07.01-14.11.59:955][  0]LogInit: Overriding language with editor language configuration option (en).
[2019.07.01-14.11.59:955][  0]LogInit: Overriding locale with editor locale configuration option (en).
[2019.07.01-14.12.00:326][  0]LogStreaming: Display: Took  0.370s to InitEngineTextLocalization.
[2019.07.01-14.12.00:326][  0]LogInit: Setting process to per monitor DPI aware
[2019.07.01-14.12.00:352][  0]LogSlate: New Slate User Created.  User Index 0, Is Virtual User: 0
[2019.07.01-14.12.00:353][  0]LogSlate: Slate User Registered.  User Index 0, Is Virtual User: 0
[2019.07.01-14.12.00:523][  0]LogHMD: Failed to initialize OpenVR with code 110
[2019.07.01-14.12.00:523][  0]LogD3D11RHI: D3D11 adapters:
[2019.07.01-14.12.00:578][  0]LogD3D11RHI:    0. 'NVIDIA GeForce GTX 1050 Ti' (Feature Level 11_0)
[2019.07.01-14.12.00:578][  0]LogD3D11RHI:       4018/0/8160 MB DedicatedVideo/DedicatedSystem/SharedSystem, Outputs:1, VendorId:0x10de
[2019.07.01-14.12.00:582][  0]LogD3D11RHI:    1. 'Microsoft Basic Render Driver' (Feature Level 11_0)
[2019.07.01-14.12.00:582][  0]LogD3D11RHI:       0/0/8160 MB DedicatedVideo/DedicatedSystem/SharedSystem, Outputs:0, VendorId:0x1414
[2019.07.01-14.12.00:582][  0]LogD3D11RHI: Chosen D3D11 Adapter: 0
[2019.07.01-14.12.00:588][  0]LogD3D11RHI: Creating new Direct3DDevice
[2019.07.01-14.12.00:588][  0]LogD3D11RHI:     GPU DeviceId: 0x1c82 (for the marketing name, search the web for "GPU Device Id")
[2019.07.01-14.12.00:588][  0]LogWindows: EnumDisplayDevices:
[2019.07.01-14.12.00:588][  0]LogWindows:    0. 'NVIDIA GeForce GTX 1050 Ti' (P:1 D:1)
[2019.07.01-14.12.00:589][  0]LogWindows:    1. 'NVIDIA GeForce GTX 1050 Ti' (P:0 D:0)
[2019.07.01-14.12.00:589][  0]LogWindows:    2. 'NVIDIA GeForce GTX 1050 Ti' (P:0 D:0)
[2019.07.01-14.12.00:589][  0]LogWindows:    3. 'NVIDIA GeForce GTX 1050 Ti' (P:0 D:0)
[2019.07.01-14.12.00:589][  0]LogWindows: DebugString: FoundDriverCount:4 
[2019.07.01-14.12.00:589][  0]LogD3D11RHI:     Adapter Name: NVIDIA GeForce GTX 1050 Ti
[2019.07.01-14.12.00:589][  0]LogD3D11RHI:   Driver Version: 411.70 (internal:24.21.14.1170, unified:411.70)
[2019.07.01-14.12.00:589][  0]LogD3D11RHI:      Driver Date: 9-25-2018
[2019.07.01-14.12.00:589][  0]LogRHI: Texture pool is 2812 MB (70% of 4018 MB)
[2019.07.01-14.12.00:626][  0]LogD3D11RHI: Async texture creation enabled
[2019.07.01-14.12.00:644][  0]LogD3D11RHI: GPU Timing Frequency: 1000.000000 (Debug: 2 2)
[2019.07.01-14.12.00:695][  0]LogShaderCompilers: Guid format shader working directory is -6 characters bigger than the processId version (../../../../../../Users/SAGA/Downloads/AReproposta/Intermediate/Shaders/WorkingDirectory/10216/).
[2019.07.01-14.12.00:695][  0]LogShaderCompilers: Cleaned the shader compiler working directory 'C:/Users/SAGA/AppData/Local/Temp/UnrealShaderWorkingDir/970D059543784500F912078198ACB1EC/'.
[2019.07.01-14.12.00:946][  0]LogTemp: Display: Loaded TP AllDesktopTargetPlatform
[2019.07.01-14.12.00:960][  0]LogTemp: Display: Loaded TP MacClientTargetPlatform
[2019.07.01-14.12.00:976][  0]LogTemp: Display: Loaded TP MacNoEditorTargetPlatform
[2019.07.01-14.12.00:989][  0]LogTemp: Display: Loaded TP MacServerTargetPlatform
[2019.07.01-14.12.01:004][  0]LogTemp: Display: Loaded TP MacTargetPlatform
[2019.07.01-14.12.01:017][  0]LogTemp: Display: Loaded TP WindowsClientTargetPlatform
[2019.07.01-14.12.01:031][  0]LogTemp: Display: Loaded TP WindowsNoEditorTargetPlatform
[2019.07.01-14.12.01:045][  0]LogTemp: Display: Loaded TP WindowsServerTargetPlatform
[2019.07.01-14.12.01:052][  0]LogTemp: Display: Loaded TP WindowsTargetPlatform
[2019.07.01-14.12.01:133][  0]LogTemp: Display: Loaded TP AndroidTargetPlatform
[2019.07.01-14.12.01:133][  0]LogTemp: Display: Loaded TP AndroidTargetPlatform
[2019.07.01-14.12.01:133][  0]LogTemp: Display: Loaded TP AndroidTargetPlatform
[2019.07.01-14.12.01:133][  0]LogTemp: Display: Loaded TP AndroidTargetPlatform
[2019.07.01-14.12.01:133][  0]LogTemp: Display: Loaded TP AndroidTargetPlatform
[2019.07.01-14.12.01:133][  0]LogTemp: Display: Loaded TP AndroidTargetPlatform
[2019.07.01-14.12.01:133][  0]LogTemp: Display: Loaded TP AndroidTargetPlatform
[2019.07.01-14.12.01:133][  0]LogTemp: Display: Loaded TP AndroidTargetPlatform
[2019.07.01-14.12.01:133][  0]LogTemp: Display: Loaded TP AndroidTargetPlatform
[2019.07.01-14.12.01:133][  0]LogTemp: Display: Loaded TP AndroidTargetPlatform
[2019.07.01-14.12.01:133][  0]LogTemp: Display: Loaded TP AndroidTargetPlatform
[2019.07.01-14.12.01:133][  0]LogTemp: Display: Loaded TP AndroidTargetPlatform
[2019.07.01-14.12.01:133][  0]LogTemp: Display: Loaded TP AndroidTargetPlatform
[2019.07.01-14.12.01:133][  0]LogTemp: Display: Loaded TP AndroidTargetPlatform
[2019.07.01-14.12.01:133][  0]LogTemp: Display: Loaded TP AndroidTargetPlatform
[2019.07.01-14.12.01:133][  0]LogTemp: Display: Loaded TP AndroidTargetPlatform
[2019.07.01-14.12.01:133][  0]LogTemp: Display: Loaded TP AndroidTargetPlatform
[2019.07.01-14.12.01:133][  0]LogTemp: Display: Loaded TP AndroidTargetPlatform
[2019.07.01-14.12.01:134][  0]LogTemp: Display: Loaded TP HTML5TargetPlatform
[2019.07.01-14.12.01:197][  0]LogTemp: Display: Loaded TP IOSTargetPlatform
[2019.07.01-14.12.01:197][  0]LogTemp: Display: Loaded TP IOSTargetPlatform
[2019.07.01-14.12.01:222][  0]LogTemp: Display: Loaded TP TVOSTargetPlatform
[2019.07.01-14.12.01:222][  0]LogTemp: Display: Loaded TP TVOSTargetPlatform
[2019.07.01-14.12.01:235][  0]LogTemp: Display: Loaded TP LinuxClientTargetPlatform
[2019.07.01-14.12.01:248][  0]LogTemp: Display: Loaded TP LinuxNoEditorTargetPlatform
[2019.07.01-14.12.01:261][  0]LogTemp: Display: Loaded TP LinuxServerTargetPlatform
[2019.07.01-14.12.01:274][  0]LogTemp: Display: Loaded TP LinuxTargetPlatform
[2019.07.01-14.12.01:284][  0]LogTemp: Display: Loaded TP LuminTargetPlatform
[2019.07.01-14.12.01:284][  0]LogTargetPlatformManager: Display: Building Assets For Windows
[2019.07.01-14.12.01:348][  0]LogXGEController: Cannot use XGE Controller as Incredibuild is not installed on this machine.
[2019.07.01-14.12.01:348][  0]LogShaderCompilers: Cannot use XGE Shader Compiler as Incredibuild is not installed on this machine.
[2019.07.01-14.12.01:348][  0]LogShaderCompilers: Display: Using Local Shader Compiler.
[2019.07.01-14.12.02:092][  0]LogDerivedDataCache: Display: Max Cache Size: 512 MB
[2019.07.01-14.12.02:149][  0]LogDerivedDataCache: Loaded boot cache 0.06s 71MB C:/Users/SAGA/AppData/Local/UnrealEngine/4.20/DerivedDataCache/Boot.ddc.
[2019.07.01-14.12.02:150][  0]LogDerivedDataCache: Display: Loaded Boot cache: C:/Users/SAGA/AppData/Local/UnrealEngine/4.20/DerivedDataCache/Boot.ddc
[2019.07.01-14.12.02:150][  0]LogDerivedDataCache: FDerivedDataBackendGraph:  Pak pak cache file ../../../../../../Users/SAGA/Downloads/AReproposta/DerivedDataCache/DDC.ddp not found, will not use a pak cache.
[2019.07.01-14.12.02:150][  0]LogDerivedDataCache: Unable to find inner node Pak for hierarchical cache Hierarchy.
[2019.07.01-14.12.02:150][  0]LogDerivedDataCache: FDerivedDataBackendGraph:  CompressedPak pak cache file ../../../../../../Users/SAGA/Downloads/AReproposta/DerivedDataCache/Compressed.ddp not found, will not use a pak cache.
[2019.07.01-14.12.02:150][  0]LogDerivedDataCache: Unable to find inner node CompressedPak for hierarchical cache Hierarchy.
[2019.07.01-14.12.02:164][  0]LogDerivedDataCache: Display: Pak cache opened for reading ../../../Engine/DerivedDataCache/Compressed.ddp.
[2019.07.01-14.12.02:176][  0]LogDerivedDataCache: Using Local data cache path C:/Users/SAGA/AppData/Local/UnrealEngine/Common/DerivedDataCache: Writable
[2019.07.01-14.12.02:176][  0]LogDerivedDataCache: Shared data cache path not found in *engine.ini, will not use an Shared cache.
[2019.07.01-14.12.02:176][  0]LogDerivedDataCache: Unable to find inner node Shared for hierarchical cache Hierarchy.
[2019.07.01-14.12.02:195][  0]LogMaterial: Verifying Global Shaders for PCD3D_SM5
[2019.07.01-14.12.02:197][  0]LogSlate: Using FreeType 2.6.0
[2019.07.01-14.12.02:198][  0]LogSlate: SlateFontServices - WITH_FREETYPE: 1, WITH_HARFBUZZ: 1
[2019.07.01-14.12.02:274][  0]LogAssetRegistry: FAssetRegistry took 0.0267 seconds to start up
[2019.07.01-14.12.02:607][  0]LogInit: Selected Device Profile: [Windows]
[2019.07.01-14.12.02:737][  0]LogSimplygon: Simplygon DLL not present - disabling.
[2019.07.01-14.12.02:741][  0]LogMeshReduction: Using SimplygonSwarm for distributed automatic mesh merging
[2019.07.01-14.12.02:741][  0]LogMeshReduction: Using ProxyLODMeshReduction for automatic mesh merging
[2019.07.01-14.12.02:741][  0]LogMeshReduction: Using QuadricMeshReduction for automatic static mesh reduction
[2019.07.01-14.12.02:741][  0]LogMeshReduction: No automatic skeletal mesh reduction module available
[2019.07.01-14.12.02:755][  0]LogNetVersion: AReporpostaProj 1.0.0, NetCL: 4212847, EngineNetVer: 5, GameNetVer: 0 (Checksum: 3188191889)
[2019.07.01-14.12.03:193][  0]LogPackageLocalizationCache: Processed 11 localized package path(s) for 1 prioritized culture(s) in 0.035551 seconds
[2019.07.01-14.12.03:199][  0]LogUObjectArray: 38425 objects as part of root set at end of initial load.
[2019.07.01-14.12.03:199][  0]LogUObjectAllocator: 6690864 out of 0 bytes used by permanent object pool.
[2019.07.01-14.12.03:199][  0]LogUObjectArray: CloseDisregardForGC: 0/0 objects in disregard for GC pool
[2019.07.01-14.12.04:025][  0]LogTcpMessaging: Initializing TcpMessaging bridge
[2019.07.01-14.12.04:038][  0]LogUdpMessaging: Initializing bridge on interface 0.0.0.0:0 to multicast group 230.0.0.1:6666.
[2019.07.01-14.12.04:177][  0]SourceControl: Source control is disabled
[2019.07.01-14.12.04:605][  0]LogAndroidPermission: UAndroidPermissionCallbackProxy::GetInstance
[2019.07.01-14.12.04:656][  0]LogOcInput: OculusInput pre-init called
[2019.07.01-14.12.04:716][  0]LogEngine: Initializing Engine...
[2019.07.01-14.12.04:716][  0]LogHMD: Failed to initialize OpenVR with code 110
[2019.07.01-14.12.04:718][  0]LogStats: UGameplayTagsManager::ConstructGameplayTagTree: ImportINI prefixes -  0.000 s
[2019.07.01-14.12.04:718][  0]LogStats: UGameplayTagsManager::ConstructGameplayTagTree: Construct from data asset -  0.000 s
[2019.07.01-14.12.04:718][  0]LogStats: UGameplayTagsManager::ConstructGameplayTagTree: ImportINI -  0.000 s
[2019.07.01-14.12.04:718][  0]LogStats: UGameplayTagsManager::ConstructGameplayTagTree: GameplayTagTreeChangedEvent.Broadcast -  0.000 s
[2019.07.01-14.12.04:929][  0]LogInit: Initializing FReadOnlyCVARCache
[2019.07.01-14.12.04:945][  0]LogAIModule: Creating AISystem for world Untitled
[2019.07.01-14.12.04:957][  0]LogInit: XAudio2 using 'Alto-falantes (2- Realtek High Definition Audio)' : 2 channels at 48 kHz using 32 bits per sample (channel mask 0x3)
[2019.07.01-14.12.04:996][  0]LogInit: FAudioDevice initialized.
[2019.07.01-14.12.04:997][  0]LogNetVersion: Set ProjectVersion to 1.0.0.0. Version Checksum will be recalculated on next use.
[2019.07.01-14.12.05:091][  0]LogDerivedDataCache: Saved boot cache 0.09s 71MB C:/Users/SAGA/AppData/Local/UnrealEngine/4.20/DerivedDataCache/Boot.ddc.
[2019.07.01-14.12.05:091][  0]LogInit: Texture streaming: Enabled
[2019.07.01-14.12.05:107][  0]LogEngineSessionManager: EngineSessionManager initialized
[2019.07.01-14.12.05:118][  0]LogInit: Transaction tracking system initialized
[2019.07.01-14.12.05:141][  0]BlueprintLog: New page: Editor Load
[2019.07.01-14.12.05:218][  0]LocalizationService: Localization service is disabled
[2019.07.01-14.12.05:503][  0]LogCook: Display: Max memory allowance for cook 16384mb min free memory 0mb
[2019.07.01-14.12.05:503][  0]LogCook: Display: Mobile HDR setting 1
[2019.07.01-14.12.05:503][  0]LogGameplayTags: Display: UGameplayTagsManager::DoneAddingNativeTags. DelegateIsBound: 0
[2019.07.01-14.12.05:503][  0]LogStats: UGameplayTagsManager::ConstructGameplayTagTree: ImportINI prefixes -  0.000 s
[2019.07.01-14.12.05:503][  0]LogStats: UGameplayTagsManager::ConstructGameplayTagTree: Construct from data asset -  0.000 s
[2019.07.01-14.12.05:503][  0]LogStats: UGameplayTagsManager::ConstructGameplayTagTree: ImportINI -  0.000 s
[2019.07.01-14.12.05:503][  0]LogStats: UGameplayTagsManager::ConstructGameplayTagTree: GameplayTagTreeChangedEvent.Broadcast -  0.000 s
[2019.07.01-14.12.05:628][  0]LogFileCache: Scanning file cache for directory 'C:/Users/SAGA/Downloads/AReproposta/Content/' took 0.02s
[2019.07.01-14.12.05:628][  0]Cmd: MAP LOAD FILE="../../../../../../Users/SAGA/Downloads/AReproposta/Content/Map/Fase01.umap" TEMPLATE=0 SHOWPROGRESS=1 FEATURELEVEL=3
[2019.07.01-14.12.05:628][  0]LightingResults: New page: Lighting Build
[2019.07.01-14.12.05:631][  0]MapCheck: New page: Map Check
[2019.07.01-14.12.05:631][  0]LightingResults: New page: Lighting Build
[2019.07.01-14.12.06:559][  0]LogAIModule: Creating AISystem for world Fase01
[2019.07.01-14.12.06:569][  0]LogEditorServer: Finished looking for orphan Actors (0.000 secs)
[2019.07.01-14.12.06:597][  0]Cmd: MAP CHECKDEP NOCLEARLOG
[2019.07.01-14.12.06:682][  0]MapCheck: Map check complete: 0 Error(s), 0 Warning(s), took 83.987ms to complete.
[2019.07.01-14.12.06:682][  0]LogFileHelpers: Loading map 'Fase01' took 1.054
[2019.07.01-14.12.06:780][  0]LogSlate: Updating window title bar state: overlay mode, drag disabled, window buttons hidden, title bar hidden
[2019.07.01-14.12.06:788][  0]LogSlate: Updating window title bar state: overlay mode, drag disabled, window buttons hidden, title bar hidden
[2019.07.01-14.12.06:796][  0]LogSlate: Updating window title bar state: overlay mode, drag disabled, window buttons hidden, title bar hidden
[2019.07.01-14.12.06:803][  0]LogSlate: Updating window title bar state: overlay mode, drag disabled, window buttons hidden, title bar hidden
[2019.07.01-14.12.06:810][  0]LogCollectionManager: Loaded 0 collections in 0.002177 seconds
[2019.07.01-14.12.06:851][  0]LogFileCache: Scanning file cache for directory 'C:/Users/SAGA/Downloads/AReproposta/Saved/Collections/' took 0.01s
[2019.07.01-14.12.06:851][  0]LogFileCache: Scanning file cache for directory 'C:/Users/SAGA/Downloads/AReproposta/Content/Developers/SAGA/Collections/' took 0.01s
[2019.07.01-14.12.06:851][  0]LogFileCache: Scanning file cache for directory 'C:/Users/SAGA/Downloads/AReproposta/Content/Collections/' took 0.01s
[2019.07.01-14.12.06:851][  0]LogCollectionManager: Rebuilt the GUID cache for 0 collections in 0.000000 seconds
[2019.07.01-14.12.06:861][  0]LogContentBrowser: Native class hierarchy populated in 0.0091 seconds. Added 2572 classes and 603 folders.
[2019.07.01-14.12.06:867][  0]LogContentBrowser: Native class hierarchy updated for 'WidgetCarousel' in 0.0002 seconds. Added 0 classes and 0 folders.
[2019.07.01-14.12.06:916][  0]LogContentBrowser: Native class hierarchy updated for 'AddContentDialog' in 0.0002 seconds. Added 0 classes and 0 folders.
[2019.07.01-14.12.06:922][  0]LogContentBrowser: Native class hierarchy updated for 'SceneOutliner' in 0.0002 seconds. Added 1 classes and 2 folders.
[2019.07.01-14.12.06:937][  0]LogSlate: Took 0.000189 seconds to synchronously load lazily loaded font '../../../Engine/Content/Slate/Fonts/Roboto-Regular.ttf' (155K)
[2019.07.01-14.12.06:938][  0]LogSlate: Took 0.000165 seconds to synchronously load lazily loaded font '../../../Engine/Content/Slate/Fonts/Roboto-Bold.ttf' (160K)
[2019.07.01-14.12.06:943][  0]LogSlate: Took 0.000216 seconds to synchronously load lazily loaded font '../../../Engine/Content/Editor/Slate/Fonts/FontAwesome.ttf' (139K)
[2019.07.01-14.12.07:022][  0]LogRenderer: Reallocating scene render targets to support 1208x576 Format 10 NumSamples 1 (Frame:1).
[2019.07.01-14.12.07:120][  0]LogContentBrowser: Native class hierarchy updated for 'HierarchicalLODOutliner' in 0.0002 seconds. Added 0 classes and 0 folders.
[2019.07.01-14.12.07:120][  0]LogLoad: (Engine Initialization) Total time: 8.74 seconds
[2019.07.01-14.12.07:120][  0]LogLoad: (Engine Initialization) Total Blueprint compile time: 0.00 seconds
[2019.07.01-14.12.07:129][  0]LogWindowsTextInputMethodSystem: Display: IME system now deactivated.
[2019.07.01-14.12.07:152][  0]LogContentStreaming: Texture pool size now 1000 MB
[2019.07.01-14.12.07:186][  0]LogSlate: Took 0.000233 seconds to synchronously load lazily loaded font '../../../Engine/Content/Slate/Fonts/Roboto-Light.ttf' (167K)
[2019.07.01-14.12.07:229][  1]LogAssetRegistry: Asset discovery search completed in 4.9771 seconds
[2019.07.01-14.12.07:231][  1]LogCollectionManager: Rebuilt the object cache for 0 collections in 0.000015 seconds (found 0 objects)
[2019.07.01-14.12.07:231][  1]LogCollectionManager: Fixed up redirectors for 0 collections in 0.000107 seconds (updated 0 objects)
[2019.07.01-14.12.08:152][103]LogSlate: Took 0.000191 seconds to synchronously load lazily loaded font '../../../Engine/Content/Slate/Fonts/Roboto-Light.ttf' (167K)
[2019.07.01-14.12.51:225][264]LogSlate: FSceneViewport::OnFocusLost() reason 0
[2019.07.01-14.12.51:413][279]LogSkeletalMesh: Building Skeletal Mesh Meteoro1...
[2019.07.01-14.12.51:414][279]LogSkeletalMesh: Built Skeletal Mesh [0.00s] /Game/Inimigos/Meteor/Meteoro1.Meteoro1
[2019.07.01-14.12.51:431][279]LogAssetEditorManager: Opening Asset editor for Blueprint /Game/Inimigos/Meteor/BP_Meteor1.BP_Meteor1
[2019.07.01-14.12.51:888][279]LogContentBrowser: Native class hierarchy updated for 'BlueprintGraph' in 0.0006 seconds. Added 116 classes and 0 folders.
[2019.07.01-14.12.52:666][279]LogMaterial: Warning: Material /Game/StarterContent/Props/Materials/M_Rock.M_Rock needed to have new flag set bUsedWithSkeletalMesh !
[2019.07.01-14.12.52:668][279]LogMaterial: Display: Missing cached shader map for material M_Rock, compiling. 
[2019.07.01-14.12.52:762][279]LogShaderCompilers: Display: Shaders left to compile 69
[2019.07.01-14.12.52:762][279]LogShaderCompilers: Display: Shaders left to compile 59
[2019.07.01-14.12.52:762][279]LogShaderCompilers: Display: Shaders left to compile 49
[2019.07.01-14.12.52:780][279]LogSlate: Took 0.000180 seconds to synchronously load lazily loaded font '../../../Engine/Content/Slate/Fonts/Roboto-BoldCondensed.ttf' (158K)
[2019.07.01-14.12.52:881][280]LogSlate: Took 0.000172 seconds to synchronously load lazily loaded font '../../../Engine/Content/Slate/Fonts/Roboto-Italic.ttf' (157K)
[2019.07.01-14.12.55:621][530]LogShaderCompilers: Display: Shaders left to compile 39
[2019.07.01-14.12.58:320][795]LogShaderCompilers: Display: Shaders left to compile 29
[2019.07.01-14.13.00:016][947]LogShaderCompilers: Display: Shaders left to compile 19
[2019.07.01-14.13.02:509][182]LogShaderCompilers: Display: Shaders left to compile 9
[2019.07.01-14.13.06:790][584]LogSlate: Window 'BP_Meteor1' being destroyed
[2019.07.01-14.13.27:061][  0]BlueprintLog: New page: Compile BP_Meteor1
[2019.07.01-14.13.29:467][257]LogSkeletalMesh: Building Skeletal Mesh Meteoro2...
[2019.07.01-14.13.29:467][257]LogSkeletalMesh: Built Skeletal Mesh [0.00s] /Game/Inimigos/Meteor/Meteoro2.Meteoro2
[2019.07.01-14.13.29:482][257]LogAssetEditorManager: Opening Asset editor for Blueprint /Game/Inimigos/Meteor/BP_Meteor2.BP_Meteor2
[2019.07.01-14.13.45:910][147]BlueprintLog: New page: Compile BP_Meteor2
[2019.07.01-14.13.49:195][506]LogSkeletalMesh: Building Skeletal Mesh Meteoro3...
[2019.07.01-14.13.49:195][506]LogSkeletalMesh: Built Skeletal Mesh [0.00s] /Game/Inimigos/Meteor/Meteoro3.Meteoro3
[2019.07.01-14.13.49:210][506]LogAssetEditorManager: Opening Asset editor for Blueprint /Game/Inimigos/Meteor/BP_Meteor3.BP_Meteor3
[2019.07.01-14.14.01:588][912]BlueprintLog: New page: Compile BP_Meteor3
[2019.07.01-14.14.04:923][271]Cmd: OBJ SAVEPACKAGE PACKAGE="/Game/Inimigos/Meteor/BP_Meteor1" FILE="../../../../../../Users/SAGA/Downloads/AReproposta/Content/Inimigos/Meteor/BP_Meteor1.uasset" SILENT=true
[2019.07.01-14.14.04:991][271]LogSavePackage: Moving '../../../../../../Users/SAGA/Downloads/AReproposta/Saved/BP_Meteor1FBB27DA143214F9DF25D409DA7F1C469.tmp' to '../../../../../../Users/SAGA/Downloads/AReproposta/Content/Inimigos/Meteor/BP_Meteor1.uasset'
[2019.07.01-14.14.05:753][350]Cmd: OBJ SAVEPACKAGE PACKAGE="/Game/Inimigos/Meteor/BP_Meteor2" FILE="../../../../../../Users/SAGA/Downloads/AReproposta/Content/Inimigos/Meteor/BP_Meteor2.uasset" SILENT=true
[2019.07.01-14.14.05:823][350]LogSavePackage: Moving '../../../../../../Users/SAGA/Downloads/AReproposta/Saved/BP_Meteor23FA38EDA4659B41261ACE19D7010C6F7.tmp' to '../../../../../../Users/SAGA/Downloads/AReproposta/Content/Inimigos/Meteor/BP_Meteor2.uasset'
[2019.07.01-14.14.06:913][464]Cmd: OBJ SAVEPACKAGE PACKAGE="/Game/Inimigos/Meteor/BP_Meteor3" FILE="../../../../../../Users/SAGA/Downloads/AReproposta/Content/Inimigos/Meteor/BP_Meteor3.uasset" SILENT=true
[2019.07.01-14.14.06:981][464]LogSavePackage: Moving '../../../../../../Users/SAGA/Downloads/AReproposta/Saved/BP_Meteor373C1D41143B82401560C0C835EC79980.tmp' to '../../../../../../Users/SAGA/Downloads/AReproposta/Content/Inimigos/Meteor/BP_Meteor3.uasset'
[2019.07.01-14.14.21:379][186]LogTemp: Repeating last play command: Selected Viewport
[2019.07.01-14.14.21:404][186]LogBlueprintUserMessages: Early PlayInEditor Detection: Level '/Game/Map/Fase01.Fase01:PersistentLevel' has LevelScriptBlueprint '/Game/Map/Fase01.Fase01:PersistentLevel.Fase01' with GeneratedClass '/Game/Map/Fase01.Fase01_C' with ClassGeneratedBy '/Game/Map/Fase01.Fase01:PersistentLevel.Fase01'
[2019.07.01-14.14.21:404][186]LogPlayLevel: PlayLevel: No blueprints needed recompiling
[2019.07.01-14.14.21:417][186]PIE: New page: PIE session: Fase01 (Jul 1, 2019, 8:14:21 AM)
[2019.07.01-14.14.21:417][186]LogPlayLevel: Creating play world package: /Game/Map/UEDPIE_0_Fase01
[2019.07.01-14.14.21:421][186]LogPlayLevel: PIE: StaticDuplicateObject took: (0.003932s)
[2019.07.01-14.14.21:422][186]LogAIModule: Creating AISystem for world Fase01
[2019.07.01-14.14.21:422][186]LogPlayLevel: PIE: World Init took: (0.000611s)
[2019.07.01-14.14.21:422][186]LogPlayLevel: PIE: Created PIE world by copying editor world from /Game/Map/Fase01.Fase01 to /Game/Map/UEDPIE_0_Fase01.Fase01 (0.004661s)
[2019.07.01-14.14.21:463][186]LogInit: XAudio2 using 'Alto-falantes (2- Realtek High Definition Audio)' : 2 channels at 48 kHz using 32 bits per sample (channel mask 0x3)
[2019.07.01-14.14.21:478][186]LogInit: FAudioDevice initialized.
[2019.07.01-14.14.21:522][186]LogLoad: Game class is 'GameMode_BP_C'
[2019.07.01-14.14.21:525][186]LogWorld: Bringing World /Game/Map/UEDPIE_0_Fase01.Fase01 up for play (max tick rate 0) at 2019.07.01-11.14.21
[2019.07.01-14.14.21:525][186]LogWorld: Bringing up level for play took: 0.001607
[2019.07.01-14.14.21:542][186]LogContentBrowser: Native class hierarchy updated for 'MovieSceneCapture' in 0.0003 seconds. Added 10 classes and 0 folders.
[2019.07.01-14.14.21:544][186]PIE: Play in editor start time for /Game/Map/UEDPIE_0_Fase01 -0.55
[2019.07.01-14.14.21:544][186]LogBlueprintUserMessages: Late PlayInEditor Detection: Level '/Game/Map/Fase01.Fase01:PersistentLevel' has LevelScriptBlueprint '/Game/Map/Fase01.Fase01:PersistentLevel.Fase01' with GeneratedClass '/Game/Map/Fase01.Fase01_C' with ClassGeneratedBy '/Game/Map/Fase01.Fase01:PersistentLevel.Fase01'
[2019.07.01-14.14.22:596][309]LogBlueprintUserMessages: [Tiro_BP_Proposta_C_2] Player Projectile Destroyed
[2019.07.01-14.14.22:608][310]LogBlueprintUserMessages: Early EndPlayMap Detection: Level '/Game/Map/Fase01.Fase01:PersistentLevel' has LevelScriptBlueprint '/Game/Map/Fase01.Fase01:PersistentLevel.Fase01' with GeneratedClass '/Game/Map/Fase01.Fase01_C' with ClassGeneratedBy '/Game/Map/Fase01.Fase01:PersistentLevel.Fase01'
[2019.07.01-14.14.22:608][310]LogSlate: Updating window title bar state: overlay mode, drag disabled, window buttons hidden, title bar hidden
[2019.07.01-14.14.22:642][310]LogPlayLevel: Display: Shutting down PIE online subsystems
[2019.07.01-14.14.22:642][310]LogBlueprintUserMessages: Late EndPlayMap Detection: Level '/Game/Map/Fase01.Fase01:PersistentLevel' has LevelScriptBlueprint '/Game/Map/Fase01.Fase01:PersistentLevel.Fase01' with GeneratedClass '/Game/Map/Fase01.Fase01_C' with ClassGeneratedBy '/Game/Map/Fase01.Fase01:PersistentLevel.Fase01'
[2019.07.01-14.14.22:678][310]LogSlate: Updating window title bar state: overlay mode, drag disabled, window buttons hidden, title bar hidden
[2019.07.01-14.14.22:707][312]LogPlayLevel: Display: Destroying online subsystem :Context_10
[2019.07.01-14.14.23:680][427]LogSlate: FSceneViewport::OnFocusLost() reason 0
[2019.07.01-14.16.49:111][700]LogMaterial: Display: Missing cached shader map for material Material_P, compiling. 
[2019.07.01-14.16.49:193][700]LogShaderCompilers: Display: Shaders left to compile 87
[2019.07.01-14.16.49:193][700]LogShaderCompilers: Display: Shaders left to compile 77
[2019.07.01-14.16.49:193][700]LogShaderCompilers: Display: Shaders left to compile 67
[2019.07.01-14.16.51:667][878]Cmd: OBJ SAVEPACKAGE PACKAGE="/Game/Inimigos/Meteor/MaterialMetero/M_test" FILE="../../../../../../Users/SAGA/Downloads/AReproposta/Content/Inimigos/Meteor/MaterialMetero/M_test.uasset" SILENT=true
[2019.07.01-14.16.51:682][878]LogSavePackage: Moving '../../../../../../Users/SAGA/Downloads/AReproposta/Saved/M_test53D4444E4F65893F5153DAAB4A59545D.tmp' to '../../../../../../Users/SAGA/Downloads/AReproposta/Content/Inimigos/Meteor/MaterialMetero/M_test.uasset'
[2019.07.01-14.16.52:039][878]Cmd: OBJ SAVEPACKAGE PACKAGE="/Game/Inimigos/Meteor/M_test" FILE="../../../../../../Users/SAGA/Downloads/AReproposta/Content/Inimigos/Meteor/M_test.uasset" SILENT=true
[2019.07.01-14.16.52:084][878]LogSavePackage: Moving '../../../../../../Users/SAGA/Downloads/AReproposta/Saved/M_test0289485E432ACB6888AA589A19924EAB.tmp' to '../../../../../../Users/SAGA/Downloads/AReproposta/Content/Inimigos/Meteor/M_test.uasset'
[2019.07.01-14.16.52:106][878]Cmd: OBJ SAVEPACKAGE PACKAGE="/Game/Inimigos/Meteor/MaterialMetero/M_test2" FILE="../../../../../../Users/SAGA/Downloads/AReproposta/Content/Inimigos/Meteor/MaterialMetero/M_test2.uasset" SILENT=true
[2019.07.01-14.16.52:121][878]LogSavePackage: Moving '../../../../../../Users/SAGA/Downloads/AReproposta/Saved/M_test2785C5E84451C0E56F8C9BA907281FC8F.tmp' to '../../../../../../Users/SAGA/Downloads/AReproposta/Content/Inimigos/Meteor/MaterialMetero/M_test2.uasset'
[2019.07.01-14.16.52:252][878]Cmd: OBJ SAVEPACKAGE PACKAGE="/Game/Inimigos/Meteor/M_test2" FILE="../../../../../../Users/SAGA/Downloads/AReproposta/Content/Inimigos/Meteor/M_test2.uasset" SILENT=true
[2019.07.01-14.16.52:296][878]LogSavePackage: Moving '../../../../../../Users/SAGA/Downloads/AReproposta/Saved/M_test2E96E9EA54FEC115B5A07B29A38C0F160.tmp' to '../../../../../../Users/SAGA/Downloads/AReproposta/Content/Inimigos/Meteor/M_test2.uasset'
[2019.07.01-14.17.01:114][878]LogShaderCompilers: Display: Shaders left to compile 57
[2019.07.01-14.17.01:114][878]LogShaderCompilers: Display: Shaders left to compile 47
[2019.07.01-14.17.01:114][878]LogShaderCompilers: Display: Shaders left to compile 37
[2019.07.01-14.17.01:114][878]LogShaderCompilers: Display: Shaders left to compile 27
[2019.07.01-14.17.01:114][878]LogShaderCompilers: Display: Shaders left to compile 17
[2019.07.01-14.17.01:114][878]LogShaderCompilers: Display: Shaders left to compile 7
[2019.07.01-14.17.01:147][878]LogSavePackage: Moving '../../../../../../Users/SAGA/Downloads/AReproposta/Saved/Material_P8E80440E47643A369E9969B1C799F1CD.tmp' to '../../../../../../Users/SAGA/Downloads/AReproposta/Content/Inimigos/Meteor/MaterialMetero/Material_P.uasset'
[2019.07.01-14.17.01:268][878]Cmd: OBJ SAVEPACKAGE PACKAGE="/Game/Inimigos/Meteor/Material_P" FILE="../../../../../../Users/SAGA/Downloads/AReproposta/Content/Inimigos/Meteor/Material_P.uasset" SILENT=true
[2019.07.01-14.17.01:309][878]LogSavePackage: Moving '../../../../../../Users/SAGA/Downloads/AReproposta/Saved/Material_PA074A35F42B0D6A6CF0432A9B5AC0584.tmp' to '../../../../../../Users/SAGA/Downloads/AReproposta/Content/Inimigos/Meteor/Material_P.uasset'
[2019.07.01-14.17.13:925][258]LogAnimationCompression: Building Anim DDC data for AnimSequence /Game/Inimigos/Meteor/Meteoro1_Anim.Meteoro1_Anim
[2019.07.01-14.17.13:925][258]LogAnimationCompression: Recompressing (AnimSequence /Game/Inimigos/Meteor/Meteoro1_Anim.Meteoro1_Anim) using current/default (AnimCompress_BitwiseCompressOnly_0) bFirstRecompressUsingCurrentOrDefault(1) bTryAlternateCompressor(0) IsCompressedDataValid(0)
[2019.07.01-14.17.13:928][258]LogAnimationCompression: Building Anim DDC data for AnimSequence /Game/Inimigos/Meteor/Meteoro2_Anim.Meteoro2_Anim
[2019.07.01-14.17.13:928][258]LogAnimationCompression: Recompressing (AnimSequence /Game/Inimigos/Meteor/Meteoro2_Anim.Meteoro2_Anim) using current/default (AnimCompress_BitwiseCompressOnly_0) bFirstRecompressUsingCurrentOrDefault(1) bTryAlternateCompressor(0) IsCompressedDataValid(0)
[2019.07.01-14.17.13:931][258]LogAnimationCompression: Building Anim DDC data for AnimSequence /Game/Inimigos/Meteor/Meteoro3_Anim.Meteoro3_Anim
[2019.07.01-14.17.13:931][258]LogAnimationCompression: Recompressing (AnimSequence /Game/Inimigos/Meteor/Meteoro3_Anim.Meteoro3_Anim) using current/default (AnimCompress_BitwiseCompressOnly_0) bFirstRecompressUsingCurrentOrDefault(1) bTryAlternateCompressor(0) IsCompressedDataValid(0)
[2019.07.01-14.17.16:522][427]Cmd: OBJ SAVEPACKAGE PACKAGE="/Game/Inimigos/Meteor/AssetsMeteoro/Meteoro1" FILE="../../../../../../Users/SAGA/Downloads/AReproposta/Content/Inimigos/Meteor/AssetsMeteoro/Meteoro1.uasset" SILENT=true
[2019.07.01-14.17.16:535][427]LogSavePackage: Moving '../../../../../../Users/SAGA/Downloads/AReproposta/Saved/Meteoro1767BDA7F4104CFE763AE32A134C363DC.tmp' to '../../../../../../Users/SAGA/Downloads/AReproposta/Content/Inimigos/Meteor/AssetsMeteoro/Meteoro1.uasset'
[2019.07.01-14.17.16:655][427]Cmd: OBJ SAVEPACKAGE PACKAGE="/Game/Inimigos/Meteor/Meteoro1" FILE="../../../../../../Users/SAGA/Downloads/AReproposta/Content/Inimigos/Meteor/Meteoro1.uasset" SILENT=true
[2019.07.01-14.17.16:696][427]LogSavePackage: Moving '../../../../../../Users/SAGA/Downloads/AReproposta/Saved/Meteoro14F20E2004E46044637FB81850D9351EC.tmp' to '../../../../../../Users/SAGA/Downloads/AReproposta/Content/Inimigos/Meteor/Meteoro1.uasset'
[2019.07.01-14.17.16:727][427]LogSavePackage: Moving '../../../../../../Users/SAGA/Downloads/AReproposta/Saved/Meteoro1_Anim32095BA64CD7318E645FFE877D115DC2.tmp' to '../../../../../../Users/SAGA/Downloads/AReproposta/Content/Inimigos/Meteor/AssetsMeteoro/Meteoro1_Anim.uasset'
[2019.07.01-14.17.16:845][427]Cmd: OBJ SAVEPACKAGE PACKAGE="/Game/Inimigos/Meteor/Meteoro1_Anim" FILE="../../../../../../Users/SAGA/Downloads/AReproposta/Content/Inimigos/Meteor/Meteoro1_Anim.uasset" SILENT=true
[2019.07.01-14.17.16:887][427]LogSavePackage: Moving '../../../../../../Users/SAGA/Downloads/AReproposta/Saved/Meteoro1_Anim10673A3743E260A146804099411D9A8C.tmp' to '../../../../../../Users/SAGA/Downloads/AReproposta/Content/Inimigos/Meteor/Meteoro1_Anim.uasset'
[2019.07.01-14.17.16:917][427]LogSavePackage: Moving '../../../../../../Users/SAGA/Downloads/AReproposta/Saved/Meteoro1_PhysicsAsset5FB5DA6E434ED71E3624A395AE600F8A.tmp' to '../../../../../../Users/SAGA/Downloads/AReproposta/Content/Inimigos/Meteor/AssetsMeteoro/Meteoro1_PhysicsAsset.uasset'
[2019.07.01-14.17.17:035][427]Cmd: OBJ SAVEPACKAGE PACKAGE="/Game/Inimigos/Meteor/Meteoro1_PhysicsAsset" FILE="../../../../../../Users/SAGA/Downloads/AReproposta/Content/Inimigos/Meteor/Meteoro1_PhysicsAsset.uasset" SILENT=true
[2019.07.01-14.17.17:076][427]LogSavePackage: Moving '../../../../../../Users/SAGA/Downloads/AReproposta/Saved/Meteoro1_PhysicsAsset2BD59DE34C88349BB02EE5AED1B3C411.tmp' to '../../../../../../Users/SAGA/Downloads/AReproposta/Content/Inimigos/Meteor/Meteoro1_PhysicsAsset.uasset'
[2019.07.01-14.17.17:084][427]LogSavePackage: Moving '../../../../../../Users/SAGA/Downloads/AReproposta/Saved/Meteoro1_SkeletonBF2329F246962BE975B8F0AF5615D535.tmp' to '../../../../../../Users/SAGA/Downloads/AReproposta/Content/Inimigos/Meteor/AssetsMeteoro/Meteoro1_Skeleton.uasset'
[2019.07.01-14.17.17:191][427]Cmd: OBJ SAVEPACKAGE PACKAGE="/Game/Inimigos/Meteor/Meteoro1_Skeleton" FILE="../../../../../../Users/SAGA/Downloads/AReproposta/Content/Inimigos/Meteor/Meteoro1_Skeleton.uasset" SILENT=true
[2019.07.01-14.17.17:232][427]LogSavePackage: Moving '../../../../../../Users/SAGA/Downloads/AReproposta/Saved/Meteoro1_Skeleton9308F25A4972F64E9A3DFBAE3CEAFE3B.tmp' to '../../../../../../Users/SAGA/Downloads/AReproposta/Content/Inimigos/Meteor/Meteoro1_Skeleton.uasset'
[2019.07.01-14.17.17:249][427]Cmd: OBJ SAVEPACKAGE PACKAGE="/Game/Inimigos/Meteor/AssetsMeteoro/Meteoro2" FILE="../../../../../../Users/SAGA/Downloads/AReproposta/Content/Inimigos/Meteor/AssetsMeteoro/Meteoro2.uasset" SILENT=true
[2019.07.01-14.17.17:261][427]LogSavePackage: Moving '../../../../../../Users/SAGA/Downloads/AReproposta/Saved/Meteoro2FAF05ED04E55499792D6A1BAE6DFDFB8.tmp' to '../../../../../../Users/SAGA/Downloads/AReproposta/Content/Inimigos/Meteor/AssetsMeteoro/Meteoro2.uasset'
[2019.07.01-14.17.17:380][427]Cmd: OBJ SAVEPACKAGE PACKAGE="/Game/Inimigos/Meteor/Meteoro2" FILE="../../../../../../Users/SAGA/Downloads/AReproposta/Content/Inimigos/Meteor/Meteoro2.uasset" SILENT=true
[2019.07.01-14.17.17:421][427]LogSavePackage: Moving '../../../../../../Users/SAGA/Downloads/AReproposta/Saved/Meteoro24091F08B448EFCE2DF708C8D5B179D6A.tmp' to '../../../../../../Users/SAGA/Downloads/AReproposta/Content/Inimigos/Meteor/Meteoro2.uasset'
[2019.07.01-14.17.17:451][427]LogSavePackage: Moving '../../../../../../Users/SAGA/Downloads/AReproposta/Saved/Meteoro2_Anim5C546F714FC759BDCCF1798FAF38C158.tmp' to '../../../../../../Users/SAGA/Downloads/AReproposta/Content/Inimigos/Meteor/AssetsMeteoro/Meteoro2_Anim.uasset'
[2019.07.01-14.17.17:585][427]Cmd: OBJ SAVEPACKAGE PACKAGE="/Game/Inimigos/Meteor/Meteoro2_Anim" FILE="../../../../../../Users/SAGA/Downloads/AReproposta/Content/Inimigos/Meteor/Meteoro2_Anim.uasset" SILENT=true
[2019.07.01-14.17.17:626][427]LogSavePackage: Moving '../../../../../../Users/SAGA/Downloads/AReproposta/Saved/Meteoro2_AnimD82334294D6BB37A348A739545A16444.tmp' to '../../../../../../Users/SAGA/Downloads/AReproposta/Content/Inimigos/Meteor/Meteoro2_Anim.uasset'
[2019.07.01-14.17.17:653][427]LogSavePackage: Moving '../../../../../../Users/SAGA/Downloads/AReproposta/Saved/Meteoro2_PhysicsAsset2F2B0B28442402F9ABBB5E96D5F2A8D8.tmp' to '../../../../../../Users/SAGA/Downloads/AReproposta/Content/Inimigos/Meteor/AssetsMeteoro/Meteoro2_PhysicsAsset.uasset'
[2019.07.01-14.17.17:786][427]Cmd: OBJ SAVEPACKAGE PACKAGE="/Game/Inimigos/Meteor/Meteoro2_PhysicsAsset" FILE="../../../../../../Users/SAGA/Downloads/AReproposta/Content/Inimigos/Meteor/Meteoro2_PhysicsAsset.uasset" SILENT=true
[2019.07.01-14.17.17:828][427]LogSavePackage: Moving '../../../../../../Users/SAGA/Downloads/AReproposta/Saved/Meteoro2_PhysicsAsset52E23A1749A81683AE674480CF61D1D3.tmp' to '../../../../../../Users/SAGA/Downloads/AReproposta/Content/Inimigos/Meteor/Meteoro2_PhysicsAsset.uasset'
[2019.07.01-14.17.17:845][427]Cmd: OBJ SAVEPACKAGE PACKAGE="/Game/Inimigos/Meteor/AssetsMeteoro/Meteoro3" FILE="../../../../../../Users/SAGA/Downloads/AReproposta/Content/Inimigos/Meteor/AssetsMeteoro/Meteoro3.uasset" SILENT=true
[2019.07.01-14.17.17:857][427]LogSavePackage: Moving '../../../../../../Users/SAGA/Downloads/AReproposta/Saved/Meteoro3F0885A6E41D35DEA79287DB2CE27B7B9.tmp' to '../../../../../../Users/SAGA/Downloads/AReproposta/Content/Inimigos/Meteor/AssetsMeteoro/Meteoro3.uasset'
[2019.07.01-14.17.17:975][427]Cmd: OBJ SAVEPACKAGE PACKAGE="/Game/Inimigos/Meteor/Meteoro3" FILE="../../../../../../Users/SAGA/Downloads/AReproposta/Content/Inimigos/Meteor/Meteoro3.uasset" SILENT=true
[2019.07.01-14.17.18:016][427]LogSavePackage: Moving '../../../../../../Users/SAGA/Downloads/AReproposta/Saved/Meteoro3205A2CCA46897DC393CB49B47B746A51.tmp' to '../../../../../../Users/SAGA/Downloads/AReproposta/Content/Inimigos/Meteor/Meteoro3.uasset'
[2019.07.01-14.17.18:046][427]LogSavePackage: Moving '../../../../../../Users/SAGA/Downloads/AReproposta/Saved/Meteoro3_Anim2AD8BB5F4A3A2FCF97D09B8B2D1743C6.tmp' to '../../../../../../Users/SAGA/Downloads/AReproposta/Content/Inimigos/Meteor/AssetsMeteoro/Meteoro3_Anim.uasset'
[2019.07.01-14.17.18:177][427]Cmd: OBJ SAVEPACKAGE PACKAGE="/Game/Inimigos/Meteor/Meteoro3_Anim" FILE="../../../../../../Users/SAGA/Downloads/AReproposta/Content/Inimigos/Meteor/Meteoro3_Anim.uasset" SILENT=true
[2019.07.01-14.17.18:219][427]LogSavePackage: Moving '../../../../../../Users/SAGA/Downloads/AReproposta/Saved/Meteoro3_AnimEECC35BB42DEB5BCED4E05A185A03303.tmp' to '../../../../../../Users/SAGA/Downloads/AReproposta/Content/Inimigos/Meteor/Meteoro3_Anim.uasset'
[2019.07.01-14.17.18:245][427]LogSavePackage: Moving '../../../../../../Users/SAGA/Downloads/AReproposta/Saved/Meteoro3_PhysicsAssetAC1B72224A3C2D0BF4A8D7A7A115203A.tmp' to '../../../../../../Users/SAGA/Downloads/AReproposta/Content/Inimigos/Meteor/AssetsMeteoro/Meteoro3_PhysicsAsset.uasset'
[2019.07.01-14.17.18:364][427]Cmd: OBJ SAVEPACKAGE PACKAGE="/Game/Inimigos/Meteor/Meteoro3_PhysicsAsset" FILE="../../../../../../Users/SAGA/Downloads/AReproposta/Content/Inimigos/Meteor/Meteoro3_PhysicsAsset.uasset" SILENT=true
[2019.07.01-14.17.18:406][427]LogSavePackage: Moving '../../../../../../Users/SAGA/Downloads/AReproposta/Saved/Meteoro3_PhysicsAsset308ABC4645C50A715A0FC99065561F0F.tmp' to '../../../../../../Users/SAGA/Downloads/AReproposta/Content/Inimigos/Meteor/Meteoro3_PhysicsAsset.uasset'
[2019.07.01-14.17.25:425][ 45]Cmd: OBJ SAVEPACKAGE PACKAGE="/Game/Inimigos/Meteor/BP_SpawnerEnemiesPickups" FILE="../../../../../../Users/SAGA/Downloads/AReproposta/Content/Inimigos/Meteor/BP_SpawnerEnemiesPickups.uasset" SILENT=true
[2019.07.01-14.17.25:443][ 45]LogSavePackage: Moving '../../../../../../Users/SAGA/Downloads/AReproposta/Saved/BP_SpawnerEnemiesPickupsDC9CB0AE4DF543EC16BEBBA302B5CD93.tmp' to '../../../../../../Users/SAGA/Downloads/AReproposta/Content/Inimigos/Meteor/BP_SpawnerEnemiesPickups.uasset'
[2019.07.01-14.17.40:133][573]LogMetaData: Removing '/Game/Inimigos/Meteor/BP_SpawnerMetoro.SKEL_BP_SpawnerMetoro_C' ref from Metadata '/Game/Inimigos/Meteor/BP_SpawnerEnemiesPickups.PackageMetaData'
[2019.07.01-14.17.40:133][573]LogMetaData: Removing '/Game/Inimigos/Meteor/BP_SpawnerMetoro.BP_SpawnerMetoro_C' ref from Metadata '/Game/Inimigos/Meteor/BP_SpawnerEnemiesPickups.PackageMetaData'
[2019.07.01-14.17.40:154][573]Cmd: OBJ SAVEPACKAGE PACKAGE="/Game/Inimigos/Meteor/BP_SpawnerMetoro" FILE="../../../../../../Users/SAGA/Downloads/AReproposta/Content/Inimigos/Meteor/BP_SpawnerMetoro.uasset" SILENT=true
[2019.07.01-14.17.40:172][573]LogSavePackage: Moving '../../../../../../Users/SAGA/Downloads/AReproposta/Saved/BP_SpawnerMetoro0059498441F054D80F13B28FDDBD7FCC.tmp' to '../../../../../../Users/SAGA/Downloads/AReproposta/Content/Inimigos/Meteor/BP_SpawnerMetoro.uasset'
[2019.07.01-14.17.40:753][573]SourceControl: rm 'Content/Inimigos/Meteor/BP_SpawnerEnemiesPickups.uasset'
[2019.07.01-14.17.41:853][688]LogAssetEditorManager: Opening Asset editor for Blueprint /Game/Inimigos/Meteor/BP_SpawnerMetoro.BP_SpawnerMetoro
[2019.07.01-14.18.47:919][366]LogSlate: Window 'Save Content' being destroyed
[2019.07.01-14.18.48:060][366]Cmd: OBJ SAVEPACKAGE PACKAGE="/Game/Inimigos/Meteor/BP_Meteor1" FILE="../../../../../../Users/SAGA/Downloads/AReproposta/Content/Inimigos/Meteor/BP_Meteor1.uasset" SILENT=true
[2019.07.01-14.18.48:132][366]LogSavePackage: Moving '../../../../../../Users/SAGA/Downloads/AReproposta/Saved/BP_Meteor19089DACF4C83D057915865A3FD323E4A.tmp' to '../../../../../../Users/SAGA/Downloads/AReproposta/Content/Inimigos/Meteor/BP_Meteor1.uasset'
[2019.07.01-14.18.48:150][366]Cmd: OBJ SAVEPACKAGE PACKAGE="/Game/Inimigos/Meteor/BP_Meteor2" FILE="../../../../../../Users/SAGA/Downloads/AReproposta/Content/Inimigos/Meteor/BP_Meteor2.uasset" SILENT=true
[2019.07.01-14.18.48:216][366]LogSavePackage: Moving '../../../../../../Users/SAGA/Downloads/AReproposta/Saved/BP_Meteor27E31645B4C1A4DF9206A60BD1F385D0C.tmp' to '../../../../../../Users/SAGA/Downloads/AReproposta/Content/Inimigos/Meteor/BP_Meteor2.uasset'
[2019.07.01-14.18.48:233][366]Cmd: OBJ SAVEPACKAGE PACKAGE="/Game/Inimigos/Meteor/BP_Meteor3" FILE="../../../../../../Users/SAGA/Downloads/AReproposta/Content/Inimigos/Meteor/BP_Meteor3.uasset" SILENT=true
[2019.07.01-14.18.48:300][366]LogSavePackage: Moving '../../../../../../Users/SAGA/Downloads/AReproposta/Saved/BP_Meteor35FEBB68D4F36CCC92DB182B077D4B6A6.tmp' to '../../../../../../Users/SAGA/Downloads/AReproposta/Content/Inimigos/Meteor/BP_Meteor3.uasset'
[2019.07.01-14.18.48:321][366]Cmd: OBJ SAVEPACKAGE PACKAGE="/Game/StarterContent/Props/Materials/M_Rock" FILE="../../../../../../Users/SAGA/Downloads/AReproposta/Content/StarterContent/Props/Materials/M_Rock.uasset" SILENT=true
[2019.07.01-14.18.48:376][366]LogSavePackage: Moving '../../../../../../Users/SAGA/Downloads/AReproposta/Saved/M_Rock79CDB5354734CB3BDAFC9EA4C9070304.tmp' to '../../../../../../Users/SAGA/Downloads/AReproposta/Content/StarterContent/Props/Materials/M_Rock.uasset'
[2019.07.01-14.18.48:522][366]LogActorComponent: UnregisterComponent: (/Engine/Transient.EditorFloorComp) Not registered. Aborting.
[2019.07.01-14.18.48:581][366]LogActorComponent: UnregisterComponent: (/Engine/Transient.EditorFloorComp) Not registered. Aborting.
[2019.07.01-14.18.48:632][366]LogActorComponent: UnregisterComponent: (/Engine/Transient.EditorFloorComp) Not registered. Aborting.
[2019.07.01-14.18.48:684][366]LogSlate: Window 'AReporpostaProj - Unreal Editor' being destroyed
[2019.07.01-14.18.48:851][367]Cmd: QUIT_EDITOR
[2019.07.01-14.18.49:781][367]LogWindowsTextInputMethodSystem: Display: IME system now deactivated.
[2019.07.01-14.18.49:792][367]LogExit: Preparing to exit.
[2019.07.01-14.18.50:272][367]LogDirectoryWatcher: A directory notification failed for 'C:/Users/SAGA/Downloads/AReproposta/Content/', and we were unable to create a new request.
[2019.07.01-14.18.50:303][367]LogExit: Editor shut down
[2019.07.01-14.18.50:303][367]LogExit: Transaction tracking system shut down
[2019.07.01-14.18.50:715][367]LogExit: Object subsystem successfully closed.
[2019.07.01-14.18.50:728][367]LogShaderCompilers: Display: Shaders left to compile 0
[2019.07.01-14.18.50:732][367]LogD3D11RHI: Shutdown
[2019.07.01-14.18.50:732][367]LogD3D11RHI: CleanupD3DDevice
[2019.07.01-14.18.50:736][367]LogD3D11RHI: ~FD3D11DynamicRHI
[2019.07.01-14.18.50:833][367]LogModuleManager: Shutting down and abandoning module MovieSceneCapture (616)
[2019.07.01-14.18.50:833][367]LogModuleManager: Shutting down and abandoning module Voice (614)
[2019.07.01-14.18.50:833][367]LogModuleManager: Shutting down and abandoning module BlueprintGraph (612)
[2019.07.01-14.18.50:833][367]LogModuleManager: Shutting down and abandoning module HierarchicalLODOutliner (610)
[2019.07.01-14.18.50:833][367]LogModuleManager: Shutting down and abandoning module SceneOutliner (608)
[2019.07.01-14.18.50:833][367]LogModuleManager: Shutting down and abandoning module AddContentDialog (606)
[2019.07.01-14.18.50:834][367]LogModuleManager: Shutting down and abandoning module WidgetCarousel (605)
[2019.07.01-14.18.50:834][367]LogModuleManager: Shutting down and abandoning module EditorWidgets (602)
[2019.07.01-14.18.50:834][367]LogModuleManager: Shutting down and abandoning module CollectionManager (600)
[2019.07.01-14.18.50:834][367]LogModuleManager: Shutting down and abandoning module StatsViewer (598)
[2019.07.01-14.18.50:834][367]LogModuleManager: Shutting down and abandoning module FoliageEdit (596)
[2019.07.01-14.18.50:834][367]LogModuleManager: Shutting down and abandoning module LandscapeEditor (594)
[2019.07.01-14.18.50:834][367]LogModuleManager: Shutting down and abandoning module MeshPaintMode (592)
[2019.07.01-14.18.50:834][367]LogModuleManager: Shutting down and abandoning module SceneDepthPickerMode (590)
[2019.07.01-14.18.50:834][367]LogModuleManager: Shutting down and abandoning module ActorPickerMode (588)
[2019.07.01-14.18.50:834][367]LogModuleManager: Shutting down and abandoning module GeometryMode (586)
[2019.07.01-14.18.50:834][367]LogModuleManager: Shutting down and abandoning module TextureAlignMode (584)
[2019.07.01-14.18.50:834][367]LogModuleManager: Shutting down and abandoning module BspMode (582)
[2019.07.01-14.18.50:834][367]LogModuleManager: Shutting down and abandoning module PIEPreviewDeviceProfileSelector (580)
[2019.07.01-14.18.50:834][367]LogModuleManager: Shutting down and abandoning module SequenceRecorderSections (578)
[2019.07.01-14.18.50:834][367]LogModuleManager: Shutting down and abandoning module AutomationWorker (576)
[2019.07.01-14.18.50:834][367]LogModuleManager: Shutting down and abandoning module AudioCaptureEditor (574)
[2019.07.01-14.18.50:834][367]LogModuleManager: Shutting down and abandoning module SequenceRecorder (573)
[2019.07.01-14.18.50:834][367]LogModuleManager: Shutting down and abandoning module MatineeToLevelSequence (570)
[2019.07.01-14.18.50:834][367]LogModuleManager: Shutting down and abandoning module LevelSequenceEditor (568)
[2019.07.01-14.18.50:834][367]LogModuleManager: Shutting down and abandoning module PlacementMode (567)
[2019.07.01-14.18.50:835][367]LogModuleManager: Shutting down and abandoning module MaterialEditor (566)
[2019.07.01-14.18.50:835][367]LogModuleManager: Shutting down and abandoning module WmfMediaFactory (562)
[2019.07.01-14.18.50:835][367]LogModuleManager: Shutting down and abandoning module WmfMediaEditor (560)
[2019.07.01-14.18.50:835][367]LogModuleManager: Shutting down and abandoning module MediaPlayerEditor (558)
[2019.07.01-14.18.50:835][367]LogModuleManager: Shutting down and abandoning module OpenExrWrapper (556)
[2019.07.01-14.18.50:835][367]LogModuleManager: Shutting down and abandoning module ImgMediaFactory (554)
[2019.07.01-14.18.50:835][367]LogModuleManager: Shutting down and abandoning module ImgMediaEditor (552)
[2019.07.01-14.18.50:835][367]LogModuleManager: Shutting down and abandoning module AvfMediaFactory (550)
[2019.07.01-14.18.50:835][367]LogModuleManager: Shutting down and abandoning module AvfMediaEditor (548)
[2019.07.01-14.18.50:835][367]LogModuleManager: Shutting down and abandoning module AndroidMediaFactory (546)
[2019.07.01-14.18.50:835][367]LogModuleManager: Shutting down and abandoning module AndroidMediaEditor (544)
[2019.07.01-14.18.50:835][367]LogModuleManager: Shutting down and abandoning module MagicLeapCameraPreviewFactory (542)
[2019.07.01-14.18.50:835][367]LogModuleManager: Shutting down and abandoning module MagicLeapMediaFactory (540)
[2019.07.01-14.18.50:835][367]LogModuleManager: Shutting down and abandoning module MagicLeapMediaEditor (538)
[2019.07.01-14.18.50:835][367]LogModuleManager: Shutting down and abandoning module CharacterAI (536)
[2019.07.01-14.18.50:835][367]LogModuleManager: Shutting down and abandoning module SmartSnapping (534)
[2019.07.01-14.18.50:835][367]LogModuleManager: Shutting down and abandoning module SessionServices (532)
[2019.07.01-14.18.50:835][367]LogModuleManager: Shutting down and abandoning module ViewportSnapping (530)
[2019.07.01-14.18.50:835][367]LogModuleManager: Shutting down and abandoning module ViewportInteraction (528)
[2019.07.01-14.18.50:835][367]LogModuleManager: Shutting down and abandoning module ClothPainter (526)
[2019.07.01-14.18.50:835][367]LogModuleManager: Shutting down and abandoning module SkeletalMeshEditor (525)
[2019.07.01-14.18.50:835][367]LogModuleManager: Shutting down and abandoning module LogVisualizer (522)
[2019.07.01-14.18.50:835][367]LogModuleManager: Shutting down and abandoning module IntroTutorials (520)
[2019.07.01-14.18.50:835][367]LogModuleManager: Shutting down and abandoning module GameProjectGeneration (519)
[2019.07.01-14.18.50:835][367]LogModuleManager: Shutting down and abandoning module LuminPlatformEditor (516)
[2019.07.01-14.18.50:835][367]LogModuleManager: Shutting down and abandoning module IOSPlatformEditor (514)
[2019.07.01-14.18.50:835][367]LogModuleManager: Shutting down and abandoning module HTML5PlatformEditor (512)
[2019.07.01-14.18.50:836][367]LogModuleManager: Shutting down and abandoning module AndroidPlatformEditor (510)
[2019.07.01-14.18.50:836][367]LogModuleManager: Shutting down and abandoning module AndroidDeviceDetection (509)
[2019.07.01-14.18.51:507][367]LogModuleManager: Shutting down and abandoning module WindowsPlatformEditor (506)
[2019.07.01-14.18.51:507][367]LogModuleManager: Shutting down and abandoning module LuminRuntimeSettings (504)
[2019.07.01-14.18.51:507][367]LogModuleManager: Shutting down and abandoning module IOSRuntimeSettings (502)
[2019.07.01-14.18.51:507][367]LogModuleManager: Shutting down and abandoning module AndroidRuntimeSettings (500)
[2019.07.01-14.18.51:507][367]LogModuleManager: Shutting down and abandoning module InputBindingEditor (498)
[2019.07.01-14.18.51:507][367]LogModuleManager: Shutting down and abandoning module MergeActors (496)
[2019.07.01-14.18.51:507][367]LogModuleManager: Shutting down and abandoning module LocalizationDashboard (494)
[2019.07.01-14.18.51:507][367]LogModuleManager: Shutting down and abandoning module LocalizationService (493)
[2019.07.01-14.18.51:507][367]LogModuleManager: Shutting down and abandoning module HardwareTargeting (490)
[2019.07.01-14.18.51:507][367]LogModuleManager: Shutting down and abandoning module DeviceProfileEditor (488)
[2019.07.01-14.18.51:507][367]LogModuleManager: Shutting down and abandoning module UndoHistory (486)
[2019.07.01-14.18.51:507][367]LogModuleManager: Shutting down and abandoning module XmlParser (484)
[2019.07.01-14.18.51:507][367]LogModuleManager: Shutting down and abandoning module Blutility (482)
[2019.07.01-14.18.51:507][367]LogModuleManager: Shutting down and abandoning module ProjectSettingsViewer (480)
[2019.07.01-14.18.51:507][367]LogModuleManager: Shutting down and abandoning module ProjectTargetPlatformEditor (479)
[2019.07.01-14.18.51:507][367]LogModuleManager: Shutting down and abandoning module EditorSettingsViewer (476)
[2019.07.01-14.18.51:507][367]LogModuleManager: Shutting down and abandoning module SettingsEditor (474)
[2019.07.01-14.18.51:507][367]LogModuleManager: Shutting down and abandoning module ProjectLauncher (472)
[2019.07.01-14.18.51:508][367]LogModuleManager: Shutting down and abandoning module SessionFrontend (470)
[2019.07.01-14.18.51:508][367]LogModuleManager: Shutting down and abandoning module ProfilerClient (468)
[2019.07.01-14.18.51:508][367]LogModuleManager: Shutting down and abandoning module DeviceManager (466)
[2019.07.01-14.18.51:508][367]LogModuleManager: Shutting down and abandoning module TargetDeviceServices (465)
[2019.07.01-14.18.51:571][367]LogModuleManager: Shutting down and abandoning module AutomationController (462)
[2019.07.01-14.18.51:571][367]LogModuleManager: Shutting down and abandoning module AutomationWindow (460)
[2019.07.01-14.18.51:571][367]LogModuleManager: Shutting down and abandoning module Layers (458)
[2019.07.01-14.18.51:571][367]LogModuleManager: Shutting down and abandoning module ComponentVisualizers (456)
[2019.07.01-14.18.51:571][367]LogModuleManager: Shutting down and abandoning module DetailCustomizations (454)
[2019.07.01-14.18.51:571][367]LogModuleManager: Shutting down and abandoning module PackagesDialog (452)
[2019.07.01-14.18.51:571][367]LogModuleManager: Shutting down and abandoning module Persona (450)
[2019.07.01-14.18.51:571][367]LogModuleManager: Shutting down and abandoning module AdvancedPreviewScene (449)
[2019.07.01-14.18.51:571][367]LogModuleManager: Shutting down and abandoning module AnimGraph (447)
[2019.07.01-14.18.51:571][367]LogModuleManager: Shutting down and abandoning module Kismet (444)
[2019.07.01-14.18.51:575][367]LogModuleManager: Shutting down and abandoning module GraphEditor (442)
[2019.07.01-14.18.51:575][367]LogModuleManager: Shutting down and abandoning module ClassViewer (440)
[2019.07.01-14.18.51:575][367]LogModuleManager: Shutting down and abandoning module Toolbox (438)
[2019.07.01-14.18.51:575][367]LogModuleManager: Shutting down and abandoning module ModuleUI (436)
[2019.07.01-14.18.51:575][367]LogModuleManager: Shutting down and abandoning module MovieSceneTools (434)
[2019.07.01-14.18.51:575][367]LogModuleManager: Shutting down and abandoning module OutputLog (432)
[2019.07.01-14.18.51:575][367]LogModuleManager: Shutting down and abandoning module GammaUI (430)
[2019.07.01-14.18.51:575][367]LogModuleManager: Shutting down and abandoning module Documentation (428)
[2019.07.01-14.18.51:575][367]LogModuleManager: Shutting down and abandoning module MovieSceneTracks (426)
[2019.07.01-14.18.51:575][367]LogModuleManager: Shutting down and abandoning module MovieScene (424)
[2019.07.01-14.18.51:575][367]LogModuleManager: Shutting down and abandoning module StreamingPauseRendering (422)
[2019.07.01-14.18.51:575][367]LogModuleManager: Shutting down and abandoning module LauncherPlatform (420)
[2019.07.01-14.18.51:575][367]LogModuleManager: Shutting down and abandoning module AnalyticsET (418)
[2019.07.01-14.18.51:575][367]LogModuleManager: Shutting down and abandoning module PortalServices (416)
[2019.07.01-14.18.51:576][367]LogModuleManager: Shutting down and abandoning module PortalRpc (414)
[2019.07.01-14.18.51:576][367]LogModuleManager: Shutting down and abandoning module MessagingRpc (412)
[2019.07.01-14.18.51:576][367]LogModuleManager: Shutting down and abandoning module AIModule (410)
[2019.07.01-14.18.51:576][367]LogModuleManager: Shutting down and abandoning module GameplayDebugger (409)
[2019.07.01-14.18.51:576][367]LogModuleManager: Shutting down and abandoning module AITestSuite (407)
[2019.07.01-14.18.51:576][367]LogModuleManager: Shutting down and abandoning module NavigationSystem (405)
[2019.07.01-14.18.51:576][367]LogModuleManager: Shutting down and abandoning module DesktopPlatform (402)
[2019.07.01-14.18.51:576][367]LogModuleManager: Shutting down and abandoning module ProfilerService (400)
[2019.07.01-14.18.51:630][367]LogModuleManager: Shutting down and abandoning module TaskGraph (398)
[2019.07.01-14.18.51:630][367]LogModuleManager: Shutting down and abandoning module SteamVRController (396)
[2019.07.01-14.18.51:630][367]LogModuleManager: Shutting down and abandoning module ProceduralMeshComponentEditor (394)
[2019.07.01-14.18.51:630][367]LogModuleManager: Shutting down and abandoning module ProceduralMeshComponent (392)
[2019.07.01-14.18.51:630][367]LogModuleManager: Shutting down and abandoning module OculusInput (390)
[2019.07.01-14.18.51:630][367]LogModuleManager: Shutting down and abandoning module MobilePatchingUtils (388)
[2019.07.01-14.18.51:630][367]LogModuleManager: Shutting down and abandoning module EditableMesh (386)
[2019.07.01-14.18.51:630][367]LogModuleManager: Shutting down and abandoning module CustomMeshComponent (384)
[2019.07.01-14.18.51:630][367]LogModuleManager: Shutting down and abandoning module CableComponent (382)
[2019.07.01-14.18.51:630][367]LogModuleManager: Shutting down and abandoning module AudioCapture (380)
[2019.07.01-14.18.51:630][367]LogModuleManager: Shutting down and abandoning module ArchVisCharacter (378)
[2019.07.01-14.18.51:630][367]LogModuleManager: Shutting down and abandoning module AndroidPermission (376)
[2019.07.01-14.18.51:630][367]LogModuleManager: Shutting down and abandoning module NUTUnrealEngine4 (374)
[2019.07.01-14.18.51:630][367]LogModuleManager: Shutting down and abandoning module NetcodeUnitTest (372)
[2019.07.01-14.18.51:630][367]LogModuleManager: Shutting down and abandoning module MediaCompositingEditor (370)
[2019.07.01-14.18.51:630][367]LogModuleManager: Shutting down and abandoning module MediaCompositing (368)
[2019.07.01-14.18.51:630][367]LogModuleManager: Shutting down and abandoning module LinearTimecode (366)
[2019.07.01-14.18.51:630][367]LogModuleManager: Shutting down and abandoning module ImgMedia (364)
[2019.07.01-14.18.51:633][367]LogModuleManager: Shutting down and abandoning module HTML5Networking (362)
[2019.07.01-14.18.51:633][367]LogModuleManager: Shutting down and abandoning module GeometryCacheTracks (360)
[2019.07.01-14.18.51:633][367]LogModuleManager: Shutting down and abandoning module GeometryCacheSequencer (358)
[2019.07.01-14.18.51:634][367]LogModuleManager: Shutting down and abandoning module BackChannel (356)
[2019.07.01-14.18.51:634][367]LogModuleManager: Shutting down and abandoning module AppleVision (354)
[2019.07.01-14.18.51:634][367]LogModuleManager: Shutting down and abandoning module AppleImageUtils (352)
[2019.07.01-14.18.51:634][367]LogModuleManager: Shutting down and abandoning module AlembicImporter (350)
[2019.07.01-14.18.51:634][367]LogModuleManager: Shutting down and abandoning module AlembicLibrary (349)
[2019.07.01-14.18.51:634][367]LogModuleManager: Shutting down and abandoning module GeometryCache (348)
[2019.07.01-14.18.51:634][367]LogModuleManager: Shutting down and abandoning module GeometryCacheEd (347)
[2019.07.01-14.18.51:634][367]LogModuleManager: Shutting down and abandoning module DatasmithContentEditor (342)
[2019.07.01-14.18.51:634][367]LogModuleManager: Shutting down and abandoning module DatasmithContent (340)
[2019.07.01-14.18.51:634][367]LogModuleManager: Shutting down and abandoning module SpeedTreeImporter (338)
[2019.07.01-14.18.51:634][367]LogModuleManager: Shutting down and abandoning module PluginBrowser (336)
[2019.07.01-14.18.51:634][367]LogModuleManager: Shutting down and abandoning module MobileLauncherProfileWizard (334)
[2019.07.01-14.18.51:634][367]LogModuleManager: Shutting down and abandoning module PolygonModeling (332)
[2019.07.01-14.18.51:634][367]LogModuleManager: Shutting down and abandoning module MeshEditor (330)
[2019.07.01-14.18.51:634][367]LogModuleManager: Shutting down and abandoning module CryptoKeysOpenSSL (328)
[2019.07.01-14.18.51:634][367]LogModuleManager: Shutting down and abandoning module CryptoKeys (326)
[2019.07.01-14.18.51:634][367]LogModuleManager: Shutting down and abandoning module VisualStudioSourceCodeAccess (324)
[2019.07.01-14.18.51:634][367]LogModuleManager: Shutting down and abandoning module VisualStudioCodeSourceCodeAccess (322)
[2019.07.01-14.18.51:634][367]LogModuleManager: Shutting down and abandoning module UObjectPlugin (320)
[2019.07.01-14.18.51:634][367]LogModuleManager: Shutting down and abandoning module SubversionSourceControl (318)
[2019.07.01-14.18.51:634][367]LogModuleManager: Shutting down and abandoning module PerforceSourceControl (316)
[2019.07.01-14.18.51:634][367]LogModuleManager: Shutting down and abandoning module GitSourceControl (314)
[2019.07.01-14.18.51:634][367]LogModuleManager: Shutting down and abandoning module SourceControl (313)
[2019.07.01-14.18.51:634][367]LogModuleManager: Shutting down and abandoning module CLionSourceCodeAccess (310)
[2019.07.01-14.18.51:634][367]LogModuleManager: Shutting down and abandoning module LightPropagationVolumeEditor (308)
[2019.07.01-14.18.51:635][367]LogModuleManager: Shutting down and abandoning module PaperTiledImporter (306)
[2019.07.01-14.18.51:635][367]LogModuleManager: Shutting down and abandoning module PaperSpriteSheetImporter (304)
[2019.07.01-14.18.51:635][367]LogModuleManager: Shutting down and abandoning module Paper2DEditor (302)
[2019.07.01-14.18.51:635][367]LogModuleManager: Shutting down and abandoning module MeshPaint (301)
[2019.07.01-14.18.51:635][367]LogModuleManager: Shutting down and abandoning module RuntimePhysXCooking (298)
[2019.07.01-14.18.51:635][367]LogModuleManager: Shutting down and abandoning module PhysXVehiclesEditor (296)
[2019.07.01-14.18.51:635][367]LogModuleManager: Shutting down and abandoning module PhysXVehicles (294)
[2019.07.01-14.18.51:635][367]LogModuleManager: Shutting down and abandoning module OculusEditor (292)
[2019.07.01-14.18.51:635][367]LogModuleManager: Shutting down and abandoning module LocationServicesBPLibrary (290)
[2019.07.01-14.18.51:635][367]LogModuleManager: Shutting down and abandoning module ImmediatePhysicsEditor (288)
[2019.07.01-14.18.51:635][367]LogModuleManager: Shutting down and abandoning module ImmediatePhysics (286)
[2019.07.01-14.18.51:635][367]LogModuleManager: Shutting down and abandoning module ActorSequence (284)
[2019.07.01-14.18.51:635][367]LogModuleManager: Shutting down and abandoning module UdpMessaging (282)
[2019.07.01-14.18.51:736][367]LogModuleManager: Shutting down and abandoning module TcpMessaging (280)
[2019.07.01-14.18.51:836][367]LogModuleManager: Shutting down and abandoning module MagicLeapAudio (278)
[2019.07.01-14.18.51:836][367]LogModuleManager: Shutting down and abandoning module GameplayTagsEditor (276)
[2019.07.01-14.18.51:836][367]LogModuleManager: Shutting down and abandoning module FacialAnimationEditor (274)
[2019.07.01-14.18.51:836][367]LogModuleManager: Shutting down and abandoning module FacialAnimation (272)
[2019.07.01-14.18.51:836][367]LogModuleManager: Shutting down and abandoning module DataValidation (270)
[2019.07.01-14.18.51:836][367]LogModuleManager: Shutting down and abandoning module AssetManagerEditor (268)
[2019.07.01-14.18.51:836][367]LogModuleManager: Shutting down and abandoning module LevelEditor (267)
[2019.07.01-14.18.51:836][367]LogModuleManager: Shutting down and abandoning module PixelInspectorModule (266)
[2019.07.01-14.18.51:836][367]LogModuleManager: Shutting down and abandoning module CommonMenuExtensions (264)
[2019.07.01-14.18.51:836][367]LogModuleManager: Shutting down and abandoning module MainFrame (262)
[2019.07.01-14.18.51:837][367]LogModuleManager: Shutting down and abandoning module HotReload (261)
[2019.07.01-14.18.51:837][367]LogModuleManager: Shutting down and abandoning module ContentBrowser (257)
[2019.07.01-14.18.51:838][367]LogModuleManager: Shutting down and abandoning module TreeMap (255)
[2019.07.01-14.18.51:838][367]LogModuleManager: Shutting down and abandoning module LightPropagationVolumeRuntime (252)
[2019.07.01-14.18.51:838][367]LogModuleManager: Shutting down and abandoning module AISupportModule (250)
[2019.07.01-14.18.51:838][367]LogModuleManager: Shutting down and abandoning module Paper2D (248)
[2019.07.01-14.18.51:838][367]LogModuleManager: Shutting down and abandoning module WindowsMoviePlayer (246)
[2019.07.01-14.18.51:838][367]LogModuleManager: Shutting down and abandoning module WmfMedia (244)
[2019.07.01-14.18.51:839][367]LogModuleManager: Shutting down and abandoning module Media (243)
[2019.07.01-14.18.51:845][367]LogModuleManager: Shutting down and abandoning module PacketHandler (240)
[2019.07.01-14.18.51:845][367]LogModuleManager: Shutting down and abandoning module ClothingSystemEditor (238)
[2019.07.01-14.18.51:845][367]LogModuleManager: Shutting down and abandoning module ClothingSystemRuntime (236)
[2019.07.01-14.18.51:845][367]LogModuleManager: Shutting down and abandoning module MediaAssets (234)
[2019.07.01-14.18.51:845][367]LogModuleManager: Shutting down and abandoning module Overlay (232)
[2019.07.01-14.18.51:845][367]LogModuleManager: Shutting down and abandoning module OverlayEditor (231)
[2019.07.01-14.18.51:845][367]LogModuleManager: Shutting down and abandoning module VREditor (228)
[2019.07.01-14.18.51:845][367]LogModuleManager: Shutting down and abandoning module StringTableEditor (226)
[2019.07.01-14.18.51:845][367]LogModuleManager: Shutting down and abandoning module GameplayTasksEditor (224)
[2019.07.01-14.18.51:845][367]LogModuleManager: Shutting down and abandoning module BehaviorTreeEditor (222)
[2019.07.01-14.18.51:845][367]LogModuleManager: Shutting down and abandoning module FunctionalTesting (220)
[2019.07.01-14.18.51:845][367]LogModuleManager: Shutting down and abandoning module CollisionAnalyzer (218)
[2019.07.01-14.18.51:845][367]LogModuleManager: Shutting down and abandoning module WorkspaceMenuStructure (217)
[2019.07.01-14.18.51:845][367]LogModuleManager: Shutting down and abandoning module UMG (214)
[2019.07.01-14.18.51:845][367]LogModuleManager: Shutting down and abandoning module UMGEditor (213)
[2019.07.01-14.18.51:845][367]LogModuleManager: Shutting down and abandoning module Sequencer (212)
[2019.07.01-14.18.51:845][367]LogModuleManager: Shutting down and abandoning module MessageLog (209)
[2019.07.01-14.18.51:845][367]LogModuleManager: Shutting down and abandoning module SlateReflector (204)
[2019.07.01-14.18.51:845][367]LogModuleManager: Shutting down and abandoning module Slate (202)
[2019.07.01-14.18.51:845][367]LogModuleManager: Shutting down and abandoning module EditorStyle (200)
[2019.07.01-14.18.51:847][367]LogModuleManager: Shutting down and abandoning module MRMesh (198)
[2019.07.01-14.18.51:847][367]LogModuleManager: Shutting down and abandoning module SourceCodeAccess (196)
[2019.07.01-14.18.51:847][367]LogModuleManager: Shutting down and abandoning module HeadMountedDisplay (194)
[2019.07.01-14.18.51:847][367]LogModuleManager: Shutting down and abandoning module XAudio2 (192)
[2019.07.01-14.18.51:847][367]LogModuleManager: Shutting down and abandoning module Networking (190)
[2019.07.01-14.18.51:847][367]LogModuleManager: Shutting down and abandoning module Core (188)
[2019.07.01-14.18.51:847][367]LogModuleManager: Shutting down and abandoning module LevelSequence (186)
[2019.07.01-14.18.51:847][367]LogModuleManager: Shutting down and abandoning module KismetCompiler (184)
[2019.07.01-14.18.51:847][367]LogModuleManager: Shutting down and abandoning module MeshUtilities (182)
[2019.07.01-14.18.51:847][367]LogModuleManager: Shutting down and abandoning module MeshMergeUtilities (181)
[2019.07.01-14.18.51:847][367]LogModuleManager: Shutting down and abandoning module MeshReductionInterface (180)
[2019.07.01-14.18.51:847][367]LogModuleManager: Shutting down and abandoning module SimplygonSwarm (179)
[2019.07.01-14.18.51:847][367]LogModuleManager: Shutting down and abandoning module ProxyLODMeshReduction (177)
[2019.07.01-14.18.51:847][367]LogModuleManager: Shutting down and abandoning module SimplygonMeshReduction (175)
[2019.07.01-14.18.51:847][367]LogModuleManager: Shutting down and abandoning module QuadricMeshReduction (173)
[2019.07.01-14.18.51:847][367]LogModuleManager: Shutting down and abandoning module MaterialBaking (169)
[2019.07.01-14.18.51:847][367]LogModuleManager: Shutting down and abandoning module DirectoryWatcher (165)
[2019.07.01-14.18.51:847][367]LogModuleManager: Shutting down and abandoning module DerivedDataCache (162)
[2019.07.01-14.18.51:925][367]LogDerivedDataCache: Shutdown
[2019.07.01-14.18.51:925][367]LogModuleManager: Shutting down and abandoning module XGEController (160)
[2019.07.01-14.18.51:925][367]LogModuleManager: Shutting down and abandoning module TargetPlatform (158)
[2019.07.01-14.18.51:925][367]LogModuleManager: Shutting down and abandoning module VulkanShaderFormat (157)
[2019.07.01-14.18.51:925][367]LogModuleManager: Shutting down and abandoning module ShaderFormatVectorVM (155)
[2019.07.01-14.18.51:925][367]LogModuleManager: Shutting down and abandoning module ShaderFormatOpenGL (153)
[2019.07.01-14.18.51:925][367]LogModuleManager: Shutting down and abandoning module ShaderFormatD3D (151)
[2019.07.01-14.18.51:925][367]LogModuleManager: Shutting down and abandoning module MetalShaderFormat (149)
[2019.07.01-14.18.51:925][367]LogModuleManager: Shutting down and abandoning module TextureFormatUncompressed (147)
[2019.07.01-14.18.51:925][367]LogModuleManager: Shutting down and abandoning module TextureFormatPVR (145)
[2019.07.01-14.18.51:925][367]LogModuleManager: Shutting down and abandoning module TextureFormatDXT (143)
[2019.07.01-14.18.51:925][367]LogModuleManager: Shutting down and abandoning module TextureFormatIntelISPCTexComp (141)
[2019.07.01-14.18.51:925][367]LogModuleManager: Shutting down and abandoning module TextureFormatASTC (139)
[2019.07.01-14.18.51:925][367]LogModuleManager: Shutting down and abandoning module ImageWrapper (138)
[2019.07.01-14.18.51:926][367]LogModuleManager: Shutting down and abandoning module TextureFormatAndroid (135)
[2019.07.01-14.18.51:926][367]LogModuleManager: Shutting down and abandoning module AudioFormatOpus (133)
[2019.07.01-14.18.51:926][367]LogModuleManager: Shutting down and abandoning module AudioFormatOgg (131)
[2019.07.01-14.18.51:926][367]LogModuleManager: Shutting down and abandoning module AudioFormatADPCM (129)
[2019.07.01-14.18.51:926][367]LogModuleManager: Shutting down and abandoning module LuminTargetPlatform (127)
[2019.07.01-14.18.51:926][367]LogModuleManager: Shutting down and abandoning module LinuxTargetPlatform (125)
[2019.07.01-14.18.51:926][367]LogModuleManager: Shutting down and abandoning module LinuxServerTargetPlatform (123)
[2019.07.01-14.18.51:926][367]LogModuleManager: Shutting down and abandoning module LinuxNoEditorTargetPlatform (121)
[2019.07.01-14.18.51:926][367]LogModuleManager: Shutting down and abandoning module LinuxClientTargetPlatform (119)
[2019.07.01-14.18.51:926][367]LogModuleManager: Shutting down and abandoning module TVOSTargetPlatform (117)
[2019.07.01-14.18.51:926][367]LogModuleManager: Shutting down and abandoning module Messaging (115)
[2019.07.01-14.18.51:926][367]LogModuleManager: Shutting down and abandoning module IOSTargetPlatform (113)
[2019.07.01-14.18.51:928][367]LogModuleManager: Shutting down and abandoning module HTML5TargetPlatform (111)
[2019.07.01-14.18.51:928][367]LogModuleManager: Shutting down and abandoning module AndroidTargetPlatform (109)
[2019.07.01-14.18.51:934][367]LogModuleManager: Shutting down and abandoning module WindowsTargetPlatform (107)
[2019.07.01-14.18.51:934][367]LogModuleManager: Shutting down and abandoning module WindowsServerTargetPlatform (105)
[2019.07.01-14.18.51:934][367]LogModuleManager: Shutting down and abandoning module WindowsNoEditorTargetPlatform (103)
[2019.07.01-14.18.51:934][367]LogModuleManager: Shutting down and abandoning module WindowsClientTargetPlatform (101)
[2019.07.01-14.18.51:934][367]LogModuleManager: Shutting down and abandoning module MacTargetPlatform (99)
[2019.07.01-14.18.51:934][367]LogModuleManager: Shutting down and abandoning module MacServerTargetPlatform (97)
[2019.07.01-14.18.51:934][367]LogModuleManager: Shutting down and abandoning module MacNoEditorTargetPlatform (95)
[2019.07.01-14.18.51:934][367]LogModuleManager: Shutting down and abandoning module MacClientTargetPlatform (93)
[2019.07.01-14.18.51:934][367]LogModuleManager: Shutting down and abandoning module AllDesktopTargetPlatform (91)
[2019.07.01-14.18.51:934][367]LogModuleManager: Shutting down and abandoning module InputCore (88)
[2019.07.01-14.18.51:934][367]LogModuleManager: Shutting down and abandoning module Settings (86)
[2019.07.01-14.18.51:934][367]LogModuleManager: Shutting down and abandoning module PhysXCooking (84)
[2019.07.01-14.18.51:934][367]LogModuleManager: Shutting down and abandoning module SteamVR (82)
[2019.07.01-14.18.51:934][367]LogModuleManager: Shutting down and abandoning module OculusHMD (80)
[2019.07.01-14.18.51:934][367]LogModuleManager: Shutting down and abandoning module ExampleDeviceProfileSelector (78)
[2019.07.01-14.18.51:934][367]LogModuleManager: Shutting down and abandoning module LauncherChunkInstaller (76)
[2019.07.01-14.18.51:934][367]LogModuleManager: Shutting down and abandoning module OnlineBlueprintSupport (74)
[2019.07.01-14.18.51:934][367]LogModuleManager: Shutting down and abandoning module OnlineSubsystem (70)
[2019.07.01-14.18.51:935][367]LogModuleManager: Shutting down and abandoning module XMPP (65)
[2019.07.01-14.18.51:935][367]LogModuleManager: Shutting down and abandoning module WebSockets (64)
[2019.07.01-14.18.51:959][367]LogModuleManager: Shutting down and abandoning module HTTP (61)
[2019.07.01-14.18.51:959][367]LogHttp: Display: Http module shutting down, but needs to wait on 1 outstanding Http requests:
[2019.07.01-14.18.51:959][367]LogHttp: Display: 	verb=[POST] url=[https://datarouter.ol.epicgames.com/datarouter/api/v1/public/data?SessionID=%7B2E17CB45-4CA2-6164-8F22-9AAD5C1A1A6D%7D&AppID=UEEditor.Rocket.Release&AppVersion=4.20.3-4369336%2B%2B%2BUE4%2BRelease-4.20&UserID=6a0476b042b24f902d9049b70141c5f8%7Cce5cf02c604246deb61fbf8e20f39a9e%7Cb9895414-c62f-43ab-a0c0-a62531dc024a&AppEnvironment=datacollector-binary&UploadType=eteventstream] status=Processing
[2019.07.01-14.18.51:960][367]LogModuleManager: Shutting down and abandoning module SSL (60)
[2019.07.01-14.18.51:961][367]LogModuleManager: Shutting down and abandoning module MagicLeapEmulator (56)
[2019.07.01-14.18.51:961][367]LogModuleManager: Shutting down and abandoning module MagicLeapPrivileges (54)
[2019.07.01-14.18.51:961][367]LogModuleManager: Shutting down and abandoning module MagicLeapIdentity (52)
[2019.07.01-14.18.51:961][367]LogModuleManager: Shutting down and abandoning module MagicLeapHelperVulkan (50)
[2019.07.01-14.18.51:961][367]LogModuleManager: Shutting down and abandoning module MagicLeapHelperOpenGL (48)
[2019.07.01-14.18.51:961][367]LogModuleManager: Shutting down and abandoning module MagicLeapSecureStorage (46)
[2019.07.01-14.18.51:961][367]LogModuleManager: Shutting down and abandoning module MagicLeapGestures (44)
[2019.07.01-14.18.51:961][367]LogModuleManager: Shutting down and abandoning module MagicLeapEyeTracker (42)
[2019.07.01-14.18.51:961][367]LogModuleManager: Shutting down and abandoning module MagicLeapController (40)
[2019.07.01-14.18.51:961][367]LogSlate: Slate User Destroyed.  User Index 0, Is Virtual User: 0
[2019.07.01-14.18.51:962][367]LogModuleManager: Shutting down and abandoning module MagicLeap (38)
[2019.07.01-14.18.51:962][367]LogModuleManager: Shutting down and abandoning module AnimationModifiers (36)
[2019.07.01-14.18.51:962][367]LogModuleManager: Shutting down and abandoning module PropertyEditor (35)
[2019.07.01-14.18.51:962][367]LogModuleManager: Shutting down and abandoning module AudioEditor (32)
[2019.07.01-14.18.51:962][367]LogModuleManager: Shutting down and abandoning module TextureCompressor (30)
[2019.07.01-14.18.51:962][367]LogModuleManager: Shutting down and abandoning module ShaderCore (28)
[2019.07.01-14.18.51:962][367]LogModuleManager: Shutting down and abandoning module Landscape (26)
[2019.07.01-14.18.51:962][367]LogModuleManager: Shutting down and abandoning module SlateRHIRenderer (24)
[2019.07.01-14.18.51:963][367]LogModuleManager: Shutting down and abandoning module OpenGLDrv (22)
[2019.07.01-14.18.51:963][367]LogModuleManager: Shutting down and abandoning module D3D11RHI (20)
[2019.07.01-14.18.51:963][367]LogModuleManager: Shutting down and abandoning module AnimGraphRuntime (18)
[2019.07.01-14.18.51:963][367]LogModuleManager: Shutting down and abandoning module Renderer (16)
[2019.07.01-14.18.51:963][367]LogModuleManager: Shutting down and abandoning module Engine (14)
[2019.07.01-14.18.51:963][367]LogModuleManager: Shutting down and abandoning module CoreUObject (12)
[2019.07.01-14.18.51:963][367]LogModuleManager: Shutting down and abandoning module NetworkFile (10)
[2019.07.01-14.18.51:963][367]LogModuleManager: Shutting down and abandoning module CookedIterativeFile (8)
[2019.07.01-14.18.51:963][367]LogModuleManager: Shutting down and abandoning module StreamingFile (6)
[2019.07.01-14.18.51:963][367]LogModuleManager: Shutting down and abandoning module SandboxFile (4)
[2019.07.01-14.18.51:963][367]LogModuleManager: Shutting down and abandoning module PakFile (2)
[2019.07.01-14.18.51:967][367]LogExit: Exiting.
[2019.07.01-14.18.51:974][367]Log file closed, 07/01/19 11:18:51
