Log file open, 02/27/24 01:08:54
LogWindows: Failed to load 'aqProf.dll' (GetLastError=126)
LogWindows: File 'aqProf.dll' does not exist
LogWindows: Failed to load 'VSPerf140.dll' (GetLastError=126)
LogWindows: File 'VSPerf140.dll' does not exist
LogWindows: Failed to load 'VtuneApi.dll' (GetLastError=126)
LogWindows: File 'VtuneApi.dll' does not exist
LogWindows: Failed to load 'VtuneApi32e.dll' (GetLastError=126)
LogWindows: File 'VtuneApi32e.dll' does not exist
LogInit: Display: Running engine for game: AReporpostaProj
LogPlatformFile: Not using cached read wrapper
LogTaskGraph: Started task graph with 5 named threads and 23 total threads with 3 sets of task threads.
LogStats: Stats thread started at 0.362100
LogD3D11RHI: Loaded GFSDK_Aftermath_Lib.x64.dll
LogICUInternationalization: Display: ICU TimeZone Detection - Raw Offset: -3:00, Platform Override: ''
LogPluginManager: Mounting plugin Paper2D
LogPluginManager: Mounting plugin AISupport
LogPluginManager: Mounting plugin LightPropagationVolume
LogPluginManager: Mounting plugin CLionSourceCodeAccess
LogPluginManager: Mounting plugin CodeLiteSourceCodeAccess
LogPluginManager: Mounting plugin GitSourceControl
LogPluginManager: Mounting plugin KDevelopSourceCodeAccess
LogPluginManager: Mounting plugin NullSourceCodeAccess
LogPluginManager: Mounting plugin PerforceSourceControl
LogPluginManager: Mounting plugin SubversionSourceControl
LogPluginManager: Mounting plugin UObjectPlugin
LogPluginManager: Mounting plugin VisualStudioCodeSourceCodeAccess
LogPluginManager: Mounting plugin VisualStudioSourceCodeAccess
LogPluginManager: Mounting plugin XCodeSourceCodeAccess
LogPluginManager: Mounting plugin AssetManagerEditor
LogPluginManager: Mounting plugin CryptoKeys
LogPluginManager: Mounting plugin DataValidation
LogPluginManager: Mounting plugin FacialAnimation
LogPluginManager: Mounting plugin GameplayTagsEditor
LogPluginManager: Mounting plugin MacGraphicsSwitching
LogPluginManager: Mounting plugin MeshEditor
LogPluginManager: Mounting plugin MobileLauncherProfileWizard
LogPluginManager: Mounting plugin PluginBrowser
LogPluginManager: Mounting plugin SpeedTreeImporter
LogPluginManager: Mounting plugin DatasmithContent
LogPluginManager: Mounting plugin AlembicImporter
LogPluginManager: Mounting plugin AppleImageUtils
LogPluginManager: Mounting plugin AppleVision
LogPluginManager: Mounting plugin BackChannel
LogPluginManager: Mounting plugin CharacterAI
LogPluginManager: Mounting plugin GeometryCache
LogPluginManager: Mounting plugin HTML5Networking
LogPluginManager: Mounting plugin ProxyLODPlugin
LogPluginManager: Mounting plugin MagicLeap
LogPluginManager: Mounting plugin MagicLeapEmulator
LogPluginManager: Mounting plugin MagicLeapMedia
LogPluginManager: Mounting plugin AndroidMedia
LogPluginManager: Mounting plugin AvfMedia
LogPluginManager: Mounting plugin ImgMedia
LogPluginManager: Mounting plugin LinearTimecode
LogPluginManager: Mounting plugin MediaCompositing
LogPluginManager: Mounting plugin MediaPlayerEditor
LogPluginManager: Mounting plugin WmfMedia
LogPluginManager: Mounting plugin TcpMessaging
LogPluginManager: Mounting plugin UdpMessaging
LogPluginManager: Mounting plugin ActorSequence
LogPluginManager: Mounting plugin LevelSequenceEditor
LogPluginManager: Mounting plugin MatineeToLevelSequence
LogPluginManager: Mounting plugin NetcodeUnitTest
LogPluginManager: Mounting plugin NUTUnrealEngine4
LogPluginManager: Mounting plugin OnlineSubsystemGooglePlay
LogPluginManager: Mounting plugin OnlineSubsystemIOS
LogPluginManager: Mounting plugin OnlineSubsystem
LogPluginManager: Mounting plugin OnlineSubsystemNull
LogPluginManager: Mounting plugin OnlineSubsystemUtils
LogPluginManager: Mounting plugin LauncherChunkInstaller
LogPluginManager: Mounting plugin AndroidDeviceProfileSelector
LogPluginManager: Mounting plugin AndroidMoviePlayer
LogPluginManager: Mounting plugin AndroidPermission
LogPluginManager: Mounting plugin AppleMoviePlayer
LogPluginManager: Mounting plugin ArchVisCharacter
LogPluginManager: Mounting plugin AudioCapture
LogPluginManager: Mounting plugin CableComponent
LogPluginManager: Mounting plugin CustomMeshComponent
LogPluginManager: Mounting plugin EditableMesh
LogPluginManager: Mounting plugin ExampleDeviceProfileSelector
LogPluginManager: Mounting plugin GoogleCloudMessaging
LogPluginManager: Mounting plugin ImmediatePhysics
LogPluginManager: Mounting plugin IOSDeviceProfileSelector
LogPluginManager: Mounting plugin LinuxDeviceProfileSelector
LogPluginManager: Mounting plugin LocationServicesBPLibrary
LogPluginManager: Mounting plugin MobilePatchingUtils
LogPluginManager: Mounting plugin OculusVR
LogPluginManager: Plugin shader directory ../../../Engine/Plugins/Runtime/Oculus/OculusVR/Shaders found
LogPluginManager: Mapping shader source directory ../../../Engine/Plugins/Runtime/Oculus/OculusVR/Shaders to virtual directory /Plugin/OculusVR
LogPluginManager: Mounting plugin PhysXVehicles
LogPluginManager: Mounting plugin ProceduralMeshComponent
LogPluginManager: Mounting plugin RuntimePhysXCooking
LogPluginManager: Mounting plugin SteamVR
LogPluginManager: Mounting plugin WindowsMoviePlayer
LogStreaming: Display: Took  0.115s to configure plugins.
LogInit: Using libcurl 7.55.1-DEV
LogInit:  - built for x86_64-pc-win32
LogInit:  - supports SSL with OpenSSL/1.0.2h
LogInit:  - supports HTTP deflate (compression) using libz 1.2.8
LogInit:  - other features:
LogInit:      CURL_VERSION_SSL
LogInit:      CURL_VERSION_LIBZ
LogInit:      CURL_VERSION_IPV6
LogInit:      CURL_VERSION_ASYNCHDNS
LogInit:      CURL_VERSION_LARGEFILE
LogInit:      CURL_VERSION_IDN
LogInit:  CurlRequestOptions (configurable via config and command line):
LogInit:  - bVerifyPeer = false  - Libcurl will NOT verify peer certificate
LogInit:  - bUseHttpProxy = false  - Libcurl will NOT use HTTP proxy
LogInit:  - bDontReuseConnections = false  - Libcurl will reuse connections
LogInit:  - CertBundlePath = nullptr  - Libcurl will use whatever was configured at build time.
LogInit:  - MaxHostConnections = 16  - Libcurl will limit the number of connections to a host
LogInit:  - LocalHostAddr = Default
LogInit:  - BufferSize = 65536
LogInit: WinSock: version 1.1 (2.2), MaxSocks=32767, MaxUdp=65467
LogInit: Build: ++UE4+Release-4.20-CL-4369336
LogInit: Engine Version: 4.20.3-4369336+++UE4+Release-4.20
LogInit: Compatible Engine Version: 4.20.0-4212847+++UE4+Release-4.20
LogInit: Net CL: 4212847
LogInit: OS: Windows 10 (), CPU: Intel(R) Core(TM) i7-7700K CPU @ 4.20GHz, GPU: NVIDIA GeForce RTX 2060
LogInit: Compiled (64-bit): Sep 17 2018 12:26:19
LogInit: Compiled with Visual C++: 19.13.26129.00
LogInit: Build Configuration: Development
LogInit: Branch Name: ++UE4+Release-4.20
LogInit: Command Line:  
LogInit: Base Directory: C:/Program Files/Epic Games/UE_4.20/Engine/Binaries/Win64/
LogInit: Installed Engine Build: 1
LogDevObjectVersion: Number of dev versions registered: 20
LogDevObjectVersion:   Dev-Blueprints (B0D832E4-1F89-4F0D-ACCF-7EB736FD4AA2): 10
LogDevObjectVersion:   Dev-Build (E1C64328-A22C-4D53-A36C-8E866417BD8C): 0
LogDevObjectVersion:   Dev-Core (375EC13C-06E4-48FB-B500-84F0262A717E): 2
LogDevObjectVersion:   Dev-Editor (E4B068ED-F494-42E9-A231-DA0B2E46BB41): 24
LogDevObjectVersion:   Dev-Framework (CFFC743F-43B0-4480-9391-14DF171D2073): 34
LogDevObjectVersion:   Dev-Mobile (B02B49B5-BB20-44E9-A304-32B752E40360): 2
LogDevObjectVersion:   Dev-Networking (A4E4105C-59A1-49B5-A7C5-40C4547EDFEE): 0
LogDevObjectVersion:   Dev-Online (39C831C9-5AE6-47DC-9A44-9C173E1C8E7C): 0
LogDevObjectVersion:   Dev-Physics (78F01B33-EBEA-4F98-B9B4-84EACCB95AA2): 0
LogDevObjectVersion:   Dev-Platform (6631380F-2D4D-43E0-8009-CF276956A95A): 0
LogDevObjectVersion:   Dev-Rendering (12F88B9F-8875-4AFC-A67C-D90C383ABD29): 26
LogDevObjectVersion:   Dev-Sequencer (7B5AE74C-D270-4C10-A958-57980B212A5A): 9
LogDevObjectVersion:   Dev-VR (D7296918-1DD6-4BDD-9DE2-64A83CC13884): 2
LogDevObjectVersion:   Dev-LoadTimes (C2A15278-BFE7-4AFE-6C17-90FF531DF755): 1
LogDevObjectVersion:   Private-Geometry (6EACA3D4-40EC-4CC1-B786-8BED09428FC5): 3
LogDevObjectVersion:   Dev-AnimPhys (29E575DD-E0A3-4627-9D10-D276232CDCEA): 17
LogDevObjectVersion:   Dev-ReflectionCapture (6B266CEC-1EC7-4B8F-A30B-E4D90942FC07): 1
LogDevObjectVersion:   Dev-Automation (0DF73D61-A23F-47EA-B727-89E90C41499A): 1
LogDevObjectVersion:   FortniteMain (601D1886-AC64-4F84-AA16-D3DE0DEAC7D6): 12
LogDevObjectVersion:   Dev-Enterprise (9DFFBCD6-494F-0158-E221-12823C92A888): 1
LogStreaming: Display: Took  0.000s to delete old logs.
LogInit: Presizing for max 8388607 objects, including 0 objects not considered by GC, pre-allocating 0 bytes for permanent pool.
LogInit: Object subsystem initialized
[2024.02.27-04.08.55:276][  0]LogInit: Selected Device Profile: [Windows]
[2024.02.27-04.08.55:276][  0]LogInit: Applying CVar settings loaded from the selected device profile: [Windows]
[2024.02.27-04.08.55:281][  0]LogHAL: Display: Platform has ~ 16 GB [17134534656 / 17179869184 / 16], which maps to Larger [LargestMinGB=32, LargerMinGB=12, DefaultMinGB=8, SmallerMinGB=6, SmallestMinGB=0)
[2024.02.27-04.08.55:281][  0]LogInit: Setting Device Profile CVar: [[r.Vulkan.UseRealUBs:1]]
[2024.02.27-04.08.55:281][  0]LogInit: Going up to parent DeviceProfile []
[2024.02.27-04.08.55:282][  0]LogInit: Computer: DESKTOP-VE7UTN2
[2024.02.27-04.08.55:282][  0]LogInit: User: Teika
[2024.02.27-04.08.55:282][  0]LogInit: CPU Page size=4096, Cores=4
[2024.02.27-04.08.55:282][  0]LogInit: High frequency timer resolution =10.000000 MHz
[2024.02.27-04.08.55:282][  0]LogMemory: Memory total: Physical=16.0GB (16GB approx)
[2024.02.27-04.08.55:282][  0]LogMemory: Platform Memory Stats for Windows
[2024.02.27-04.08.55:282][  0]LogMemory: Process Physical Memory: 100.68 MB used, 100.68 MB peak
[2024.02.27-04.08.55:282][  0]LogMemory: Process Virtual Memory: 91.04 MB used, 91.04 MB peak
[2024.02.27-04.08.55:282][  0]LogMemory: Physical Memory: 6204.02 MB used,  10136.75 MB free, 16340.77 MB total
[2024.02.27-04.08.55:282][  0]LogMemory: Virtual Memory: 4629.42 MB used,  10136.75 MB free, 134217728.00 MB total
[2024.02.27-04.08.55:315][  0]LogInit: Overriding language with editor language configuration option (en).
[2024.02.27-04.08.55:315][  0]LogInit: Overriding locale with editor locale configuration option (en).
[2024.02.27-04.08.55:605][  0]LogStreaming: Display: Took  0.290s to InitEngineTextLocalization.
[2024.02.27-04.08.55:605][  0]LogInit: Setting process to per monitor DPI aware
[2024.02.27-04.08.55:637][  0]LogSlate: New Slate User Created.  User Index 0, Is Virtual User: 0
[2024.02.27-04.08.55:637][  0]LogSlate: Slate User Registered.  User Index 0, Is Virtual User: 0
[2024.02.27-04.08.55:801][  0]LogHMD: Failed to initialize OpenVR with code 110
[2024.02.27-04.08.55:801][  0]LogD3D11RHI: D3D11 adapters:
[2024.02.27-04.08.55:942][  0]LogD3D11RHI:    0. 'NVIDIA GeForce RTX 2060' (Feature Level 11_0)
[2024.02.27-04.08.55:942][  0]LogD3D11RHI:       5945/0/8170 MB DedicatedVideo/DedicatedSystem/SharedSystem, Outputs:2, VendorId:0x10de
[2024.02.27-04.08.55:944][  0]LogD3D11RHI:    1. 'Microsoft Basic Render Driver' (Feature Level 11_0)
[2024.02.27-04.08.55:944][  0]LogD3D11RHI:       0/0/8170 MB DedicatedVideo/DedicatedSystem/SharedSystem, Outputs:0, VendorId:0x1414
[2024.02.27-04.08.55:944][  0]LogD3D11RHI: Chosen D3D11 Adapter: 0
[2024.02.27-04.08.55:948][  0]LogD3D11RHI: Creating new Direct3DDevice
[2024.02.27-04.08.55:948][  0]LogD3D11RHI:     GPU DeviceId: 0x1e89 (for the marketing name, search the web for "GPU Device Id")
[2024.02.27-04.08.55:948][  0]LogWindows: EnumDisplayDevices:
[2024.02.27-04.08.55:948][  0]LogWindows:    0. 'NVIDIA GeForce RTX 2060' (P:1 D:1)
[2024.02.27-04.08.55:948][  0]LogWindows:    1. 'NVIDIA GeForce RTX 2060' (P:0 D:1)
[2024.02.27-04.08.55:949][  0]LogWindows:    2. 'NVIDIA GeForce RTX 2060' (P:0 D:0)
[2024.02.27-04.08.55:949][  0]LogWindows:    3. 'NVIDIA GeForce RTX 2060' (P:0 D:0)
[2024.02.27-04.08.55:949][  0]LogWindows: DebugString: FoundDriverCount:4 
[2024.02.27-04.08.55:949][  0]LogD3D11RHI:     Adapter Name: NVIDIA GeForce RTX 2060
[2024.02.27-04.08.55:949][  0]LogD3D11RHI:   Driver Version: 551.61 (internal:31.0.15.5161, unified:551.61)
[2024.02.27-04.08.55:949][  0]LogD3D11RHI:      Driver Date: 2-15-2024
[2024.02.27-04.08.55:949][  0]LogRHI: Texture pool is 4161 MB (70% of 5945 MB)
[2024.02.27-04.08.56:044][  0]LogD3D11RHI: Async texture creation enabled
[2024.02.27-04.08.56:062][  0]LogD3D11RHI: GPU Timing Frequency: 1000.000000 (Debug: 2 1)
[2024.02.27-04.08.56:065][  0]LogShaderCompilers: Guid format shader working directory is 17 characters bigger than the processId version (../../../../../../AReproposta/Intermediate/Shaders/WorkingDirectory/7588/).
[2024.02.27-04.08.56:065][  0]LogShaderCompilers: Cleaned the shader compiler working directory 'C:/Users/Teika/AppData/Local/Temp/UnrealShaderWorkingDir/CD2523E241D75CC45EEEFB9A67F20160/'.
[2024.02.27-04.08.56:289][  0]LogTemp: Display: Loaded TP AllDesktopTargetPlatform
[2024.02.27-04.08.56:300][  0]LogTemp: Display: Loaded TP MacClientTargetPlatform
[2024.02.27-04.08.56:311][  0]LogTemp: Display: Loaded TP MacNoEditorTargetPlatform
[2024.02.27-04.08.56:323][  0]LogTemp: Display: Loaded TP MacServerTargetPlatform
[2024.02.27-04.08.56:333][  0]LogTemp: Display: Loaded TP MacTargetPlatform
[2024.02.27-04.08.56:345][  0]LogTemp: Display: Loaded TP WindowsClientTargetPlatform
[2024.02.27-04.08.56:356][  0]LogTemp: Display: Loaded TP WindowsNoEditorTargetPlatform
[2024.02.27-04.08.56:368][  0]LogTemp: Display: Loaded TP WindowsServerTargetPlatform
[2024.02.27-04.08.56:373][  0]LogTemp: Display: Loaded TP WindowsTargetPlatform
[2024.02.27-04.08.56:437][  0]LogTemp: Display: Loaded TP AndroidTargetPlatform
[2024.02.27-04.08.56:437][  0]LogTemp: Display: Loaded TP AndroidTargetPlatform
[2024.02.27-04.08.56:437][  0]LogTemp: Display: Loaded TP AndroidTargetPlatform
[2024.02.27-04.08.56:437][  0]LogTemp: Display: Loaded TP AndroidTargetPlatform
[2024.02.27-04.08.56:437][  0]LogTemp: Display: Loaded TP AndroidTargetPlatform
[2024.02.27-04.08.56:437][  0]LogTemp: Display: Loaded TP AndroidTargetPlatform
[2024.02.27-04.08.56:437][  0]LogTemp: Display: Loaded TP AndroidTargetPlatform
[2024.02.27-04.08.56:437][  0]LogTemp: Display: Loaded TP AndroidTargetPlatform
[2024.02.27-04.08.56:437][  0]LogTemp: Display: Loaded TP AndroidTargetPlatform
[2024.02.27-04.08.56:437][  0]LogTemp: Display: Loaded TP AndroidTargetPlatform
[2024.02.27-04.08.56:437][  0]LogTemp: Display: Loaded TP AndroidTargetPlatform
[2024.02.27-04.08.56:437][  0]LogTemp: Display: Loaded TP AndroidTargetPlatform
[2024.02.27-04.08.56:437][  0]LogTemp: Display: Loaded TP AndroidTargetPlatform
[2024.02.27-04.08.56:437][  0]LogTemp: Display: Loaded TP AndroidTargetPlatform
[2024.02.27-04.08.56:437][  0]LogTemp: Display: Loaded TP AndroidTargetPlatform
[2024.02.27-04.08.56:437][  0]LogTemp: Display: Loaded TP AndroidTargetPlatform
[2024.02.27-04.08.56:437][  0]LogTemp: Display: Loaded TP AndroidTargetPlatform
[2024.02.27-04.08.56:437][  0]LogTemp: Display: Loaded TP AndroidTargetPlatform
[2024.02.27-04.08.56:438][  0]LogTemp: Display: Loaded TP HTML5TargetPlatform
[2024.02.27-04.08.56:495][  0]LogTemp: Display: Loaded TP IOSTargetPlatform
[2024.02.27-04.08.56:495][  0]LogTemp: Display: Loaded TP IOSTargetPlatform
[2024.02.27-04.08.56:520][  0]LogTemp: Display: Loaded TP TVOSTargetPlatform
[2024.02.27-04.08.56:520][  0]LogTemp: Display: Loaded TP TVOSTargetPlatform
[2024.02.27-04.08.56:531][  0]LogTemp: Display: Loaded TP LinuxClientTargetPlatform
[2024.02.27-04.08.56:541][  0]LogTemp: Display: Loaded TP LinuxNoEditorTargetPlatform
[2024.02.27-04.08.56:551][  0]LogTemp: Display: Loaded TP LinuxServerTargetPlatform
[2024.02.27-04.08.56:563][  0]LogTemp: Display: Loaded TP LinuxTargetPlatform
[2024.02.27-04.08.56:570][  0]LogTemp: Display: Loaded TP LuminTargetPlatform
[2024.02.27-04.08.56:570][  0]LogTargetPlatformManager: Display: Building Assets For Windows
[2024.02.27-04.08.56:616][  0]LogXGEController: Cleaning working directory: C:/Users/Teika/AppData/Local/Temp/UnrealXGEWorkingDir/
[2024.02.27-04.08.56:616][  0]LogXGEController: Cannot use XGE Controller as Incredibuild is not installed on this machine.
[2024.02.27-04.08.56:616][  0]LogShaderCompilers: Cannot use XGE Shader Compiler as Incredibuild is not installed on this machine.
[2024.02.27-04.08.56:616][  0]LogShaderCompilers: Display: Using Local Shader Compiler.
[2024.02.27-04.08.57:297][  0]LogDerivedDataCache: Display: Max Cache Size: 512 MB
[2024.02.27-04.08.57:340][  0]LogDerivedDataCache: Loaded boot cache 0.04s 71MB C:/Users/Teika/AppData/Local/UnrealEngine/4.20/DerivedDataCache/Boot.ddc.
[2024.02.27-04.08.57:340][  0]LogDerivedDataCache: Display: Loaded Boot cache: C:/Users/Teika/AppData/Local/UnrealEngine/4.20/DerivedDataCache/Boot.ddc
[2024.02.27-04.08.57:340][  0]LogDerivedDataCache: FDerivedDataBackendGraph:  Pak pak cache file ../../../../../../AReproposta/DerivedDataCache/DDC.ddp not found, will not use a pak cache.
[2024.02.27-04.08.57:340][  0]LogDerivedDataCache: Unable to find inner node Pak for hierarchical cache Hierarchy.
[2024.02.27-04.08.57:340][  0]LogDerivedDataCache: FDerivedDataBackendGraph:  CompressedPak pak cache file ../../../../../../AReproposta/DerivedDataCache/Compressed.ddp not found, will not use a pak cache.
[2024.02.27-04.08.57:340][  0]LogDerivedDataCache: Unable to find inner node CompressedPak for hierarchical cache Hierarchy.
[2024.02.27-04.08.57:351][  0]LogDerivedDataCache: Display: Pak cache opened for reading ../../../Engine/DerivedDataCache/Compressed.ddp.
[2024.02.27-04.08.57:364][  0]LogDerivedDataCache: Using Local data cache path C:/Users/Teika/AppData/Local/UnrealEngine/Common/DerivedDataCache: Writable
[2024.02.27-04.08.57:364][  0]LogDerivedDataCache: Shared data cache path not found in *engine.ini, will not use an Shared cache.
[2024.02.27-04.08.57:364][  0]LogDerivedDataCache: Unable to find inner node Shared for hierarchical cache Hierarchy.
[2024.02.27-04.08.57:378][  0]LogMaterial: Verifying Global Shaders for PCD3D_SM5
[2024.02.27-04.08.57:379][  0]LogSlate: Using FreeType 2.6.0
[2024.02.27-04.08.57:380][  0]LogSlate: SlateFontServices - WITH_FREETYPE: 1, WITH_HARFBUZZ: 1
[2024.02.27-04.08.57:448][  0]LogAssetRegistry: FAssetRegistry took 0.0252 seconds to start up
[2024.02.27-04.08.57:747][  0]LogInit: Selected Device Profile: [Windows]
[2024.02.27-04.08.57:849][  0]LogSimplygon: Simplygon DLL not present - disabling.
[2024.02.27-04.08.57:851][  0]LogMeshReduction: Using SimplygonSwarm for distributed automatic mesh merging
[2024.02.27-04.08.57:851][  0]LogMeshReduction: Using ProxyLODMeshReduction for automatic mesh merging
[2024.02.27-04.08.57:851][  0]LogMeshReduction: Using QuadricMeshReduction for automatic static mesh reduction
[2024.02.27-04.08.57:851][  0]LogMeshReduction: No automatic skeletal mesh reduction module available
[2024.02.27-04.08.57:867][  0]LogNetVersion: AReporpostaProj 1.0.0, NetCL: 4212847, EngineNetVer: 5, GameNetVer: 0 (Checksum: 3188191889)
[2024.02.27-04.08.58:228][  0]LogPackageLocalizationCache: Processed 11 localized package path(s) for 1 prioritized culture(s) in 0.041283 seconds
[2024.02.27-04.08.58:233][  0]LogUObjectArray: 38425 objects as part of root set at end of initial load.
[2024.02.27-04.08.58:233][  0]LogUObjectAllocator: 6690864 out of 0 bytes used by permanent object pool.
[2024.02.27-04.08.58:233][  0]LogUObjectArray: CloseDisregardForGC: 0/0 objects in disregard for GC pool
[2024.02.27-04.08.58:883][  0]LogTcpMessaging: Initializing TcpMessaging bridge
[2024.02.27-04.08.58:902][  0]LogUdpMessaging: Initializing bridge on interface 0.0.0.0:0 to multicast group 230.0.0.1:6666.
[2024.02.27-04.08.59:022][  0]SourceControl: Source control is disabled
[2024.02.27-04.08.59:022][  0]SourceControl: Source control is disabled
[2024.02.27-04.08.59:023][  0]SourceControl: Source control is disabled
[2024.02.27-04.08.59:023][  0]SourceControl: Source control is disabled
[2024.02.27-04.08.59:166][  0]LogAndroidPermission: UAndroidPermissionCallbackProxy::GetInstance
[2024.02.27-04.08.59:225][  0]LogOcInput: OculusInput pre-init called
[2024.02.27-04.08.59:272][  0]LogEngine: Initializing Engine...
[2024.02.27-04.08.59:273][  0]LogHMD: Failed to initialize OpenVR with code 110
[2024.02.27-04.08.59:274][  0]LogStats: UGameplayTagsManager::ConstructGameplayTagTree: ImportINI prefixes -  0.000 s
[2024.02.27-04.08.59:274][  0]LogStats: UGameplayTagsManager::ConstructGameplayTagTree: Construct from data asset -  0.000 s
[2024.02.27-04.08.59:274][  0]LogStats: UGameplayTagsManager::ConstructGameplayTagTree: ImportINI -  0.000 s
[2024.02.27-04.08.59:274][  0]LogStats: UGameplayTagsManager::ConstructGameplayTagTree: GameplayTagTreeChangedEvent.Broadcast -  0.000 s
[2024.02.27-04.08.59:434][  0]LogInit: Initializing FReadOnlyCVARCache
[2024.02.27-04.08.59:443][  0]LogAIModule: Creating AISystem for world Untitled
[2024.02.27-04.08.59:464][  0]LogInit: XAudio2 using 'Alto-falantes (Realtek(R) Audio)' : 2 channels at 48 kHz using 32 bits per sample (channel mask 0x3)
[2024.02.27-04.08.59:483][  0]LogInit: FAudioDevice initialized.
[2024.02.27-04.08.59:483][  0]LogNetVersion: Set ProjectVersion to 1.0.0.0. Version Checksum will be recalculated on next use.
[2024.02.27-04.08.59:521][  0]LogDerivedDataCache: Saved boot cache 0.04s 71MB C:/Users/Teika/AppData/Local/UnrealEngine/4.20/DerivedDataCache/Boot.ddc.
[2024.02.27-04.08.59:521][  0]LogInit: Texture streaming: Enabled
[2024.02.27-04.08.59:536][  0]LogEngineSessionManager: EngineSessionManager initialized
[2024.02.27-04.08.59:545][  0]LogInit: Transaction tracking system initialized
[2024.02.27-04.08.59:562][  0]BlueprintLog: New page: Editor Load
[2024.02.27-04.08.59:620][  0]LocalizationService: Localization service is disabled
[2024.02.27-04.09.00:059][  0]LogCook: Display: Max memory allowance for cook 16384mb min free memory 0mb
[2024.02.27-04.09.00:059][  0]LogCook: Display: Mobile HDR setting 1
[2024.02.27-04.09.00:059][  0]LogGameplayTags: Display: UGameplayTagsManager::DoneAddingNativeTags. DelegateIsBound: 0
[2024.02.27-04.09.00:059][  0]LogStats: UGameplayTagsManager::ConstructGameplayTagTree: ImportINI prefixes -  0.000 s
[2024.02.27-04.09.00:059][  0]LogStats: UGameplayTagsManager::ConstructGameplayTagTree: Construct from data asset -  0.000 s
[2024.02.27-04.09.00:059][  0]LogStats: UGameplayTagsManager::ConstructGameplayTagTree: ImportINI -  0.000 s
[2024.02.27-04.09.00:059][  0]LogStats: UGameplayTagsManager::ConstructGameplayTagTree: GameplayTagTreeChangedEvent.Broadcast -  0.000 s
[2024.02.27-04.09.00:165][  0]LogFileCache: Scanning file cache for directory 'C:/AReproposta/Content/' took 0.02s
[2024.02.27-04.09.00:165][  0]SourceControl: Source control is disabled
[2024.02.27-04.09.00:166][  0]LogFactory: Error: Can't find file 'C:/Program Files/Epic Games/UE_4.20/FeaturePacks/StarterContent.upack' for import
[2024.02.27-04.09.00:193][  0]LogSlate: Took 0.000175 seconds to synchronously load lazily loaded font '../../../Engine/Content/Slate/Fonts/Roboto-Regular.ttf' (155K)
[2024.02.27-04.09.18:050][  0]LogSlate: Window 'Message' being destroyed
[2024.02.27-04.09.18:050][  0]LogWindowsTextInputMethodSystem: Display: IME system now deactivated.
[2024.02.27-04.09.18:058][  0]LogAssetTools: Warning: Failed to import 'C:/Program Files/Epic Games/UE_4.20/FeaturePacks/StarterContent.upack'. Failed to create asset '/Game/StarterContent'.
Please see Output Log for details.
[2024.02.27-04.09.18:058][  0]LogFeaturePack: Warning: No objects imported installing pack StarterContent.upack
[2024.02.27-04.09.18:058][  0]LogFeaturePack: Warning: Inserted 0 feature packs
[2024.02.27-04.09.18:060][  0]Cmd: MAP LOAD FILE="../../../../../../AReproposta/Content/Map/01Fase.umap" TEMPLATE=0 SHOWPROGRESS=1 FEATURELEVEL=3
[2024.02.27-04.09.18:061][  0]LightingResults: New page: Lighting Build
[2024.02.27-04.09.18:064][  0]MapCheck: New page: Map Check
[2024.02.27-04.09.18:064][  0]LightingResults: New page: Lighting Build
[2024.02.27-04.09.18:816][  0]LogAIModule: Creating AISystem for world 01Fase
[2024.02.27-04.09.18:830][  0]LogEditorServer: Finished looking for orphan Actors (0.000 secs)
[2024.02.27-04.09.18:848][  0]Cmd: MAP CHECKDEP NOCLEARLOG
[2024.02.27-04.09.18:921][  0]MapCheck: Map check complete: 0 Error(s), 0 Warning(s), took 72.498ms to complete.
[2024.02.27-04.09.18:921][  0]LogFileHelpers: Loading map '01Fase' took 0.860
[2024.02.27-04.09.18:978][  0]LogWindowsTextInputMethodSystem: Display: IME system now deactivated.
[2024.02.27-04.09.18:998][  0]LogSlate: Updating window title bar state: overlay mode, drag disabled, window buttons hidden, title bar hidden
[2024.02.27-04.09.19:002][  0]LogSlate: Updating window title bar state: overlay mode, drag disabled, window buttons hidden, title bar hidden
[2024.02.27-04.09.19:007][  0]LogSlate: Updating window title bar state: overlay mode, drag disabled, window buttons hidden, title bar hidden
[2024.02.27-04.09.19:012][  0]LogSlate: Updating window title bar state: overlay mode, drag disabled, window buttons hidden, title bar hidden
[2024.02.27-04.09.19:017][  0]LogSlate: Updating window title bar state: overlay mode, drag disabled, window buttons hidden, title bar hidden
[2024.02.27-04.09.19:023][  0]LogSlate: Updating window title bar state: overlay mode, drag disabled, window buttons hidden, title bar hidden
[2024.02.27-04.09.19:028][  0]LogSlate: Updating window title bar state: overlay mode, drag disabled, window buttons hidden, title bar hidden
[2024.02.27-04.09.19:033][  0]LogSlate: Updating window title bar state: overlay mode, drag disabled, window buttons hidden, title bar hidden
[2024.02.27-04.09.19:038][  0]LogSlate: Updating window title bar state: overlay mode, drag disabled, window buttons hidden, title bar hidden
[2024.02.27-04.09.19:044][  0]LogSlate: Updating window title bar state: overlay mode, drag disabled, window buttons hidden, title bar hidden
[2024.02.27-04.09.19:049][  0]LogSlate: Updating window title bar state: overlay mode, drag disabled, window buttons hidden, title bar hidden
[2024.02.27-04.09.19:054][  0]LogSlate: Updating window title bar state: overlay mode, drag disabled, window buttons hidden, title bar hidden
[2024.02.27-04.09.19:058][  0]LogCollectionManager: Loaded 0 collections in 0.001152 seconds
[2024.02.27-04.09.19:099][  0]LogFileCache: Scanning file cache for directory 'C:/AReproposta/Saved/Collections/' took 0.01s
[2024.02.27-04.09.19:099][  0]LogFileCache: Scanning file cache for directory 'C:/AReproposta/Content/Developers/Teika/Collections/' took 0.01s
[2024.02.27-04.09.19:099][  0]LogFileCache: Scanning file cache for directory 'C:/AReproposta/Content/Collections/' took 0.01s
[2024.02.27-04.09.19:099][  0]LogCollectionManager: Rebuilt the GUID cache for 0 collections in 0.000000 seconds
[2024.02.27-04.09.19:106][  0]LogContentBrowser: Native class hierarchy populated in 0.0069 seconds. Added 2572 classes and 603 folders.
[2024.02.27-04.09.19:111][  0]LogContentBrowser: Native class hierarchy updated for 'WidgetCarousel' in 0.0002 seconds. Added 0 classes and 0 folders.
[2024.02.27-04.09.19:114][  0]LogContentBrowser: Native class hierarchy updated for 'AddContentDialog' in 0.0002 seconds. Added 0 classes and 0 folders.
[2024.02.27-04.09.19:123][  0]LogContentBrowser: Native class hierarchy updated for 'SceneOutliner' in 0.0002 seconds. Added 1 classes and 2 folders.
[2024.02.27-04.09.19:183][  0]LogSlate: Took 0.000282 seconds to synchronously load lazily loaded font '../../../Engine/Content/Slate/Fonts/Roboto-Bold.ttf' (160K)
[2024.02.27-04.09.19:186][  0]LogSlate: Took 0.000144 seconds to synchronously load lazily loaded font '../../../Engine/Content/Editor/Slate/Fonts/FontAwesome.ttf' (139K)
[2024.02.27-04.09.19:220][  0]LogRenderer: Reallocating scene render targets to support 816x508 Format 10 NumSamples 1 (Frame:1).
[2024.02.27-04.09.19:415][  0]LogContentBrowser: Native class hierarchy updated for 'HierarchicalLODOutliner' in 0.0002 seconds. Added 0 classes and 0 folders.
[2024.02.27-04.09.19:415][  0]LogLoad: (Engine Initialization) Total time: 25.49 seconds
[2024.02.27-04.09.19:415][  0]LogLoad: (Engine Initialization) Total Blueprint compile time: 0.00 seconds
[2024.02.27-04.09.19:465][  0]LogContentStreaming: Texture pool size now 1000 MB
[2024.02.27-04.09.19:498][  0]LogSlate: Took 0.000161 seconds to synchronously load lazily loaded font '../../../Engine/Content/Slate/Fonts/Roboto-Light.ttf' (167K)
[2024.02.27-04.09.19:502][  1]LogFileCache: Retrieving MD5 hashes for directory 'C:/AReproposta/Content/' took 0.07s
[2024.02.27-04.09.19:511][  1]LogAssetRegistry: Asset discovery search completed in 22.0853 seconds
[2024.02.27-04.09.19:513][  1]LogCollectionManager: Rebuilt the object cache for 0 collections in 0.000000 seconds (found 0 objects)
[2024.02.27-04.09.19:513][  1]LogCollectionManager: Fixed up redirectors for 0 collections in 0.000033 seconds (updated 0 objects)
[2024.02.27-04.09.20:061][ 34]LogSlate: FSceneViewport::OnFocusLost() reason 0
[2024.02.27-04.09.20:274][ 41]LogSlate: Window 'AReporpostaProj - Unreal Editor' being destroyed
[2024.02.27-04.09.20:635][ 42]Cmd: QUIT_EDITOR
[2024.02.27-04.09.20:645][ 42]LogWindowsTextInputMethodSystem: Display: IME system now deactivated.
[2024.02.27-04.09.20:652][ 42]LogExit: Preparing to exit.
[2024.02.27-04.09.20:986][ 42]LogExit: Editor shut down
[2024.02.27-04.09.20:986][ 42]LogExit: Transaction tracking system shut down
[2024.02.27-04.09.21:224][ 42]LogExit: Object subsystem successfully closed.
[2024.02.27-04.09.21:318][ 42]LogShaderCompilers: Display: Shaders left to compile 0
[2024.02.27-04.09.21:329][ 42]LogD3D11RHI: Shutdown
[2024.02.27-04.09.21:329][ 42]LogD3D11RHI: CleanupD3DDevice
[2024.02.27-04.09.21:353][ 42]LogD3D11RHI: ~FD3D11DynamicRHI
[2024.02.27-04.09.21:370][ 42]LogModuleManager: Shutting down and abandoning module HierarchicalLODOutliner (610)
[2024.02.27-04.09.21:370][ 42]LogModuleManager: Shutting down and abandoning module SceneOutliner (608)
[2024.02.27-04.09.21:370][ 42]LogModuleManager: Shutting down and abandoning module AddContentDialog (606)
[2024.02.27-04.09.21:371][ 42]LogModuleManager: Shutting down and abandoning module WidgetCarousel (605)
[2024.02.27-04.09.21:371][ 42]LogModuleManager: Shutting down and abandoning module EditorWidgets (602)
[2024.02.27-04.09.21:371][ 42]LogModuleManager: Shutting down and abandoning module CollectionManager (600)
[2024.02.27-04.09.21:371][ 42]LogModuleManager: Shutting down and abandoning module StatsViewer (598)
[2024.02.27-04.09.21:371][ 42]LogModuleManager: Shutting down and abandoning module FoliageEdit (596)
[2024.02.27-04.09.21:371][ 42]LogModuleManager: Shutting down and abandoning module LandscapeEditor (594)
[2024.02.27-04.09.21:371][ 42]LogModuleManager: Shutting down and abandoning module MeshPaintMode (592)
[2024.02.27-04.09.21:371][ 42]LogModuleManager: Shutting down and abandoning module SceneDepthPickerMode (590)
[2024.02.27-04.09.21:371][ 42]LogModuleManager: Shutting down and abandoning module ActorPickerMode (588)
[2024.02.27-04.09.21:371][ 42]LogModuleManager: Shutting down and abandoning module GeometryMode (586)
[2024.02.27-04.09.21:371][ 42]LogModuleManager: Shutting down and abandoning module TextureAlignMode (584)
[2024.02.27-04.09.21:371][ 42]LogModuleManager: Shutting down and abandoning module BspMode (582)
[2024.02.27-04.09.21:371][ 42]LogModuleManager: Shutting down and abandoning module PIEPreviewDeviceProfileSelector (580)
[2024.02.27-04.09.21:371][ 42]LogModuleManager: Shutting down and abandoning module SequenceRecorderSections (578)
[2024.02.27-04.09.21:371][ 42]LogModuleManager: Shutting down and abandoning module AutomationWorker (576)
[2024.02.27-04.09.21:371][ 42]LogModuleManager: Shutting down and abandoning module AudioCaptureEditor (574)
[2024.02.27-04.09.21:371][ 42]LogModuleManager: Shutting down and abandoning module SequenceRecorder (573)
[2024.02.27-04.09.21:371][ 42]LogModuleManager: Shutting down and abandoning module MatineeToLevelSequence (570)
[2024.02.27-04.09.21:371][ 42]LogModuleManager: Shutting down and abandoning module LevelSequenceEditor (568)
[2024.02.27-04.09.21:371][ 42]LogModuleManager: Shutting down and abandoning module PlacementMode (567)
[2024.02.27-04.09.21:371][ 42]LogModuleManager: Shutting down and abandoning module MaterialEditor (566)
[2024.02.27-04.09.21:371][ 42]LogModuleManager: Shutting down and abandoning module WmfMediaFactory (562)
[2024.02.27-04.09.21:371][ 42]LogModuleManager: Shutting down and abandoning module WmfMediaEditor (560)
[2024.02.27-04.09.21:371][ 42]LogModuleManager: Shutting down and abandoning module MediaPlayerEditor (558)
[2024.02.27-04.09.21:371][ 42]LogModuleManager: Shutting down and abandoning module OpenExrWrapper (556)
[2024.02.27-04.09.21:371][ 42]LogModuleManager: Shutting down and abandoning module ImgMediaFactory (554)
[2024.02.27-04.09.21:371][ 42]LogModuleManager: Shutting down and abandoning module ImgMediaEditor (552)
[2024.02.27-04.09.21:371][ 42]LogModuleManager: Shutting down and abandoning module AvfMediaFactory (550)
[2024.02.27-04.09.21:371][ 42]LogModuleManager: Shutting down and abandoning module AvfMediaEditor (548)
[2024.02.27-04.09.21:371][ 42]LogModuleManager: Shutting down and abandoning module AndroidMediaFactory (546)
[2024.02.27-04.09.21:371][ 42]LogModuleManager: Shutting down and abandoning module AndroidMediaEditor (544)
[2024.02.27-04.09.21:371][ 42]LogModuleManager: Shutting down and abandoning module MagicLeapCameraPreviewFactory (542)
[2024.02.27-04.09.21:371][ 42]LogModuleManager: Shutting down and abandoning module MagicLeapMediaFactory (540)
[2024.02.27-04.09.21:371][ 42]LogModuleManager: Shutting down and abandoning module MagicLeapMediaEditor (538)
[2024.02.27-04.09.21:371][ 42]LogModuleManager: Shutting down and abandoning module CharacterAI (536)
[2024.02.27-04.09.21:371][ 42]LogModuleManager: Shutting down and abandoning module SmartSnapping (534)
[2024.02.27-04.09.21:371][ 42]LogModuleManager: Shutting down and abandoning module SessionServices (532)
[2024.02.27-04.09.21:371][ 42]LogModuleManager: Shutting down and abandoning module ViewportSnapping (530)
[2024.02.27-04.09.21:371][ 42]LogModuleManager: Shutting down and abandoning module ViewportInteraction (528)
[2024.02.27-04.09.21:371][ 42]LogModuleManager: Shutting down and abandoning module ClothPainter (526)
[2024.02.27-04.09.21:371][ 42]LogModuleManager: Shutting down and abandoning module SkeletalMeshEditor (525)
[2024.02.27-04.09.21:371][ 42]LogModuleManager: Shutting down and abandoning module LogVisualizer (522)
[2024.02.27-04.09.21:371][ 42]LogModuleManager: Shutting down and abandoning module IntroTutorials (520)
[2024.02.27-04.09.21:371][ 42]LogModuleManager: Shutting down and abandoning module GameProjectGeneration (519)
[2024.02.27-04.09.21:372][ 42]LogModuleManager: Shutting down and abandoning module LuminPlatformEditor (516)
[2024.02.27-04.09.21:372][ 42]LogModuleManager: Shutting down and abandoning module IOSPlatformEditor (514)
[2024.02.27-04.09.21:372][ 42]LogModuleManager: Shutting down and abandoning module HTML5PlatformEditor (512)
[2024.02.27-04.09.21:372][ 42]LogModuleManager: Shutting down and abandoning module AndroidPlatformEditor (510)
[2024.02.27-04.09.21:372][ 42]LogModuleManager: Shutting down and abandoning module AndroidDeviceDetection (509)
[2024.02.27-04.09.21:881][ 42]LogModuleManager: Shutting down and abandoning module WindowsPlatformEditor (506)
[2024.02.27-04.09.21:881][ 42]LogModuleManager: Shutting down and abandoning module LuminRuntimeSettings (504)
[2024.02.27-04.09.21:881][ 42]LogModuleManager: Shutting down and abandoning module IOSRuntimeSettings (502)
[2024.02.27-04.09.21:881][ 42]LogModuleManager: Shutting down and abandoning module AndroidRuntimeSettings (500)
[2024.02.27-04.09.21:881][ 42]LogModuleManager: Shutting down and abandoning module InputBindingEditor (498)
[2024.02.27-04.09.21:881][ 42]LogModuleManager: Shutting down and abandoning module MergeActors (496)
[2024.02.27-04.09.21:881][ 42]LogModuleManager: Shutting down and abandoning module LocalizationDashboard (494)
[2024.02.27-04.09.21:881][ 42]LogModuleManager: Shutting down and abandoning module LocalizationService (493)
[2024.02.27-04.09.21:881][ 42]LogModuleManager: Shutting down and abandoning module HardwareTargeting (490)
[2024.02.27-04.09.21:881][ 42]LogModuleManager: Shutting down and abandoning module DeviceProfileEditor (488)
[2024.02.27-04.09.21:881][ 42]LogModuleManager: Shutting down and abandoning module UndoHistory (486)
[2024.02.27-04.09.21:881][ 42]LogModuleManager: Shutting down and abandoning module XmlParser (484)
[2024.02.27-04.09.21:881][ 42]LogModuleManager: Shutting down and abandoning module Blutility (482)
[2024.02.27-04.09.21:881][ 42]LogModuleManager: Shutting down and abandoning module ProjectSettingsViewer (480)
[2024.02.27-04.09.21:882][ 42]LogModuleManager: Shutting down and abandoning module ProjectTargetPlatformEditor (479)
[2024.02.27-04.09.21:882][ 42]LogModuleManager: Shutting down and abandoning module EditorSettingsViewer (476)
[2024.02.27-04.09.21:882][ 42]LogModuleManager: Shutting down and abandoning module SettingsEditor (474)
[2024.02.27-04.09.21:882][ 42]LogModuleManager: Shutting down and abandoning module ProjectLauncher (472)
[2024.02.27-04.09.21:882][ 42]LogModuleManager: Shutting down and abandoning module SessionFrontend (470)
[2024.02.27-04.09.21:882][ 42]LogModuleManager: Shutting down and abandoning module ProfilerClient (468)
[2024.02.27-04.09.21:882][ 42]LogModuleManager: Shutting down and abandoning module DeviceManager (466)
[2024.02.27-04.09.21:882][ 42]LogModuleManager: Shutting down and abandoning module TargetDeviceServices (465)
[2024.02.27-04.09.21:923][ 42]LogModuleManager: Shutting down and abandoning module AutomationController (462)
[2024.02.27-04.09.21:923][ 42]LogModuleManager: Shutting down and abandoning module AutomationWindow (460)
[2024.02.27-04.09.21:923][ 42]LogModuleManager: Shutting down and abandoning module Layers (458)
[2024.02.27-04.09.21:923][ 42]LogModuleManager: Shutting down and abandoning module ComponentVisualizers (456)
[2024.02.27-04.09.21:923][ 42]LogModuleManager: Shutting down and abandoning module DetailCustomizations (454)
[2024.02.27-04.09.21:923][ 42]LogModuleManager: Shutting down and abandoning module PackagesDialog (452)
[2024.02.27-04.09.21:923][ 42]LogModuleManager: Shutting down and abandoning module Persona (450)
[2024.02.27-04.09.21:923][ 42]LogModuleManager: Shutting down and abandoning module AdvancedPreviewScene (449)
[2024.02.27-04.09.21:923][ 42]LogModuleManager: Shutting down and abandoning module AnimGraph (447)
[2024.02.27-04.09.21:923][ 42]LogModuleManager: Shutting down and abandoning module Kismet (444)
[2024.02.27-04.09.21:924][ 42]LogModuleManager: Shutting down and abandoning module GraphEditor (442)
[2024.02.27-04.09.21:924][ 42]LogModuleManager: Shutting down and abandoning module ClassViewer (440)
[2024.02.27-04.09.21:924][ 42]LogModuleManager: Shutting down and abandoning module Toolbox (438)
[2024.02.27-04.09.21:924][ 42]LogModuleManager: Shutting down and abandoning module ModuleUI (436)
[2024.02.27-04.09.21:924][ 42]LogModuleManager: Shutting down and abandoning module MovieSceneTools (434)
[2024.02.27-04.09.21:924][ 42]LogModuleManager: Shutting down and abandoning module OutputLog (432)
[2024.02.27-04.09.21:924][ 42]LogModuleManager: Shutting down and abandoning module GammaUI (430)
[2024.02.27-04.09.21:924][ 42]LogModuleManager: Shutting down and abandoning module Documentation (428)
[2024.02.27-04.09.21:924][ 42]LogModuleManager: Shutting down and abandoning module MovieSceneTracks (426)
[2024.02.27-04.09.21:924][ 42]LogModuleManager: Shutting down and abandoning module MovieScene (424)
[2024.02.27-04.09.21:924][ 42]LogModuleManager: Shutting down and abandoning module StreamingPauseRendering (422)
[2024.02.27-04.09.21:924][ 42]LogModuleManager: Shutting down and abandoning module LauncherPlatform (420)
[2024.02.27-04.09.21:924][ 42]LogModuleManager: Shutting down and abandoning module AnalyticsET (418)
[2024.02.27-04.09.21:924][ 42]LogModuleManager: Shutting down and abandoning module PortalServices (416)
[2024.02.27-04.09.21:924][ 42]LogModuleManager: Shutting down and abandoning module PortalRpc (414)
[2024.02.27-04.09.21:924][ 42]LogModuleManager: Shutting down and abandoning module MessagingRpc (412)
[2024.02.27-04.09.21:924][ 42]LogModuleManager: Shutting down and abandoning module AIModule (410)
[2024.02.27-04.09.21:924][ 42]LogModuleManager: Shutting down and abandoning module GameplayDebugger (409)
[2024.02.27-04.09.21:924][ 42]LogModuleManager: Shutting down and abandoning module AITestSuite (407)
[2024.02.27-04.09.21:924][ 42]LogModuleManager: Shutting down and abandoning module NavigationSystem (405)
[2024.02.27-04.09.21:924][ 42]LogModuleManager: Shutting down and abandoning module DesktopPlatform (402)
[2024.02.27-04.09.21:924][ 42]LogModuleManager: Shutting down and abandoning module ProfilerService (400)
[2024.02.27-04.09.22:026][ 42]LogModuleManager: Shutting down and abandoning module TaskGraph (398)
[2024.02.27-04.09.22:026][ 42]LogModuleManager: Shutting down and abandoning module SteamVRController (396)
[2024.02.27-04.09.22:026][ 42]LogModuleManager: Shutting down and abandoning module ProceduralMeshComponentEditor (394)
[2024.02.27-04.09.22:026][ 42]LogModuleManager: Shutting down and abandoning module ProceduralMeshComponent (392)
[2024.02.27-04.09.22:026][ 42]LogModuleManager: Shutting down and abandoning module OculusInput (390)
[2024.02.27-04.09.22:026][ 42]LogModuleManager: Shutting down and abandoning module MobilePatchingUtils (388)
[2024.02.27-04.09.22:026][ 42]LogModuleManager: Shutting down and abandoning module EditableMesh (386)
[2024.02.27-04.09.22:026][ 42]LogModuleManager: Shutting down and abandoning module CustomMeshComponent (384)
[2024.02.27-04.09.22:026][ 42]LogModuleManager: Shutting down and abandoning module CableComponent (382)
[2024.02.27-04.09.22:026][ 42]LogModuleManager: Shutting down and abandoning module AudioCapture (380)
[2024.02.27-04.09.22:026][ 42]LogModuleManager: Shutting down and abandoning module ArchVisCharacter (378)
[2024.02.27-04.09.22:026][ 42]LogModuleManager: Shutting down and abandoning module AndroidPermission (376)
[2024.02.27-04.09.22:026][ 42]LogModuleManager: Shutting down and abandoning module NUTUnrealEngine4 (374)
[2024.02.27-04.09.22:026][ 42]LogModuleManager: Shutting down and abandoning module NetcodeUnitTest (372)
[2024.02.27-04.09.22:026][ 42]LogModuleManager: Shutting down and abandoning module MediaCompositingEditor (370)
[2024.02.27-04.09.22:026][ 42]LogModuleManager: Shutting down and abandoning module MediaCompositing (368)
[2024.02.27-04.09.22:026][ 42]LogModuleManager: Shutting down and abandoning module LinearTimecode (366)
[2024.02.27-04.09.22:026][ 42]LogModuleManager: Shutting down and abandoning module ImgMedia (364)
[2024.02.27-04.09.22:029][ 42]LogModuleManager: Shutting down and abandoning module HTML5Networking (362)
[2024.02.27-04.09.22:029][ 42]LogModuleManager: Shutting down and abandoning module GeometryCacheTracks (360)
[2024.02.27-04.09.22:029][ 42]LogModuleManager: Shutting down and abandoning module GeometryCacheSequencer (358)
[2024.02.27-04.09.22:029][ 42]LogModuleManager: Shutting down and abandoning module BackChannel (356)
[2024.02.27-04.09.22:029][ 42]LogModuleManager: Shutting down and abandoning module AppleVision (354)
[2024.02.27-04.09.22:029][ 42]LogModuleManager: Shutting down and abandoning module AppleImageUtils (352)
[2024.02.27-04.09.22:029][ 42]LogModuleManager: Shutting down and abandoning module AlembicImporter (350)
[2024.02.27-04.09.22:029][ 42]LogModuleManager: Shutting down and abandoning module AlembicLibrary (349)
[2024.02.27-04.09.22:029][ 42]LogModuleManager: Shutting down and abandoning module GeometryCache (348)
[2024.02.27-04.09.22:029][ 42]LogModuleManager: Shutting down and abandoning module GeometryCacheEd (347)
[2024.02.27-04.09.22:029][ 42]LogModuleManager: Shutting down and abandoning module DatasmithContentEditor (342)
[2024.02.27-04.09.22:029][ 42]LogModuleManager: Shutting down and abandoning module DatasmithContent (340)
[2024.02.27-04.09.22:029][ 42]LogModuleManager: Shutting down and abandoning module SpeedTreeImporter (338)
[2024.02.27-04.09.22:029][ 42]LogModuleManager: Shutting down and abandoning module PluginBrowser (336)
[2024.02.27-04.09.22:029][ 42]LogModuleManager: Shutting down and abandoning module MobileLauncherProfileWizard (334)
[2024.02.27-04.09.22:029][ 42]LogModuleManager: Shutting down and abandoning module PolygonModeling (332)
[2024.02.27-04.09.22:029][ 42]LogModuleManager: Shutting down and abandoning module MeshEditor (330)
[2024.02.27-04.09.22:029][ 42]LogModuleManager: Shutting down and abandoning module CryptoKeysOpenSSL (328)
[2024.02.27-04.09.22:029][ 42]LogModuleManager: Shutting down and abandoning module CryptoKeys (326)
[2024.02.27-04.09.22:029][ 42]LogModuleManager: Shutting down and abandoning module VisualStudioSourceCodeAccess (324)
[2024.02.27-04.09.22:029][ 42]LogModuleManager: Shutting down and abandoning module VisualStudioCodeSourceCodeAccess (322)
[2024.02.27-04.09.22:029][ 42]LogModuleManager: Shutting down and abandoning module UObjectPlugin (320)
[2024.02.27-04.09.22:029][ 42]LogModuleManager: Shutting down and abandoning module SubversionSourceControl (318)
[2024.02.27-04.09.22:029][ 42]LogModuleManager: Shutting down and abandoning module PerforceSourceControl (316)
[2024.02.27-04.09.22:029][ 42]LogModuleManager: Shutting down and abandoning module GitSourceControl (314)
[2024.02.27-04.09.22:029][ 42]LogModuleManager: Shutting down and abandoning module SourceControl (313)
[2024.02.27-04.09.22:029][ 42]LogModuleManager: Shutting down and abandoning module CLionSourceCodeAccess (310)
[2024.02.27-04.09.22:029][ 42]LogModuleManager: Shutting down and abandoning module LightPropagationVolumeEditor (308)
[2024.02.27-04.09.22:030][ 42]LogModuleManager: Shutting down and abandoning module PaperTiledImporter (306)
[2024.02.27-04.09.22:030][ 42]LogModuleManager: Shutting down and abandoning module PaperSpriteSheetImporter (304)
[2024.02.27-04.09.22:030][ 42]LogModuleManager: Shutting down and abandoning module Paper2DEditor (302)
[2024.02.27-04.09.22:030][ 42]LogModuleManager: Shutting down and abandoning module MeshPaint (301)
[2024.02.27-04.09.22:030][ 42]LogModuleManager: Shutting down and abandoning module RuntimePhysXCooking (298)
[2024.02.27-04.09.22:030][ 42]LogModuleManager: Shutting down and abandoning module PhysXVehiclesEditor (296)
[2024.02.27-04.09.22:030][ 42]LogModuleManager: Shutting down and abandoning module PhysXVehicles (294)
[2024.02.27-04.09.22:030][ 42]LogModuleManager: Shutting down and abandoning module OculusEditor (292)
[2024.02.27-04.09.22:030][ 42]LogModuleManager: Shutting down and abandoning module LocationServicesBPLibrary (290)
[2024.02.27-04.09.22:030][ 42]LogModuleManager: Shutting down and abandoning module ImmediatePhysicsEditor (288)
[2024.02.27-04.09.22:030][ 42]LogModuleManager: Shutting down and abandoning module ImmediatePhysics (286)
[2024.02.27-04.09.22:030][ 42]LogModuleManager: Shutting down and abandoning module ActorSequence (284)
[2024.02.27-04.09.22:030][ 42]LogModuleManager: Shutting down and abandoning module UdpMessaging (282)
[2024.02.27-04.09.22:131][ 42]LogModuleManager: Shutting down and abandoning module TcpMessaging (280)
[2024.02.27-04.09.22:231][ 42]LogModuleManager: Shutting down and abandoning module MagicLeapAudio (278)
[2024.02.27-04.09.22:231][ 42]LogModuleManager: Shutting down and abandoning module GameplayTagsEditor (276)
[2024.02.27-04.09.22:231][ 42]LogModuleManager: Shutting down and abandoning module FacialAnimationEditor (274)
[2024.02.27-04.09.22:231][ 42]LogModuleManager: Shutting down and abandoning module FacialAnimation (272)
[2024.02.27-04.09.22:231][ 42]LogModuleManager: Shutting down and abandoning module DataValidation (270)
[2024.02.27-04.09.22:231][ 42]LogModuleManager: Shutting down and abandoning module AssetManagerEditor (268)
[2024.02.27-04.09.22:231][ 42]LogModuleManager: Shutting down and abandoning module LevelEditor (267)
[2024.02.27-04.09.22:231][ 42]LogModuleManager: Shutting down and abandoning module PixelInspectorModule (266)
[2024.02.27-04.09.22:232][ 42]LogModuleManager: Shutting down and abandoning module CommonMenuExtensions (264)
[2024.02.27-04.09.22:232][ 42]LogModuleManager: Shutting down and abandoning module MainFrame (262)
[2024.02.27-04.09.22:232][ 42]LogModuleManager: Shutting down and abandoning module HotReload (261)
[2024.02.27-04.09.22:232][ 42]LogModuleManager: Shutting down and abandoning module ContentBrowser (257)
[2024.02.27-04.09.22:233][ 42]LogModuleManager: Shutting down and abandoning module TreeMap (255)
[2024.02.27-04.09.22:233][ 42]LogModuleManager: Shutting down and abandoning module LightPropagationVolumeRuntime (252)
[2024.02.27-04.09.22:233][ 42]LogModuleManager: Shutting down and abandoning module AISupportModule (250)
[2024.02.27-04.09.22:233][ 42]LogModuleManager: Shutting down and abandoning module Paper2D (248)
[2024.02.27-04.09.22:233][ 42]LogModuleManager: Shutting down and abandoning module WindowsMoviePlayer (246)
[2024.02.27-04.09.22:233][ 42]LogModuleManager: Shutting down and abandoning module WmfMedia (244)
[2024.02.27-04.09.22:234][ 42]LogModuleManager: Shutting down and abandoning module Media (243)
[2024.02.27-04.09.22:240][ 42]LogModuleManager: Shutting down and abandoning module PacketHandler (240)
[2024.02.27-04.09.22:240][ 42]LogModuleManager: Shutting down and abandoning module ClothingSystemEditor (238)
[2024.02.27-04.09.22:240][ 42]LogModuleManager: Shutting down and abandoning module ClothingSystemRuntime (236)
[2024.02.27-04.09.22:240][ 42]LogModuleManager: Shutting down and abandoning module MediaAssets (234)
[2024.02.27-04.09.22:240][ 42]LogModuleManager: Shutting down and abandoning module Overlay (232)
[2024.02.27-04.09.22:240][ 42]LogModuleManager: Shutting down and abandoning module OverlayEditor (231)
[2024.02.27-04.09.22:240][ 42]LogModuleManager: Shutting down and abandoning module VREditor (228)
[2024.02.27-04.09.22:240][ 42]LogModuleManager: Shutting down and abandoning module StringTableEditor (226)
[2024.02.27-04.09.22:240][ 42]LogModuleManager: Shutting down and abandoning module GameplayTasksEditor (224)
[2024.02.27-04.09.22:240][ 42]LogModuleManager: Shutting down and abandoning module BehaviorTreeEditor (222)
[2024.02.27-04.09.22:240][ 42]LogModuleManager: Shutting down and abandoning module FunctionalTesting (220)
[2024.02.27-04.09.22:241][ 42]LogModuleManager: Shutting down and abandoning module CollisionAnalyzer (218)
[2024.02.27-04.09.22:241][ 42]LogModuleManager: Shutting down and abandoning module WorkspaceMenuStructure (217)
[2024.02.27-04.09.22:241][ 42]LogModuleManager: Shutting down and abandoning module UMG (214)
[2024.02.27-04.09.22:241][ 42]LogModuleManager: Shutting down and abandoning module UMGEditor (213)
[2024.02.27-04.09.22:241][ 42]LogModuleManager: Shutting down and abandoning module Sequencer (212)
[2024.02.27-04.09.22:241][ 42]LogModuleManager: Shutting down and abandoning module MessageLog (209)
[2024.02.27-04.09.22:241][ 42]LogModuleManager: Shutting down and abandoning module SlateReflector (204)
[2024.02.27-04.09.22:241][ 42]LogModuleManager: Shutting down and abandoning module Slate (202)
[2024.02.27-04.09.22:241][ 42]LogModuleManager: Shutting down and abandoning module EditorStyle (200)
[2024.02.27-04.09.22:242][ 42]LogModuleManager: Shutting down and abandoning module MRMesh (198)
[2024.02.27-04.09.22:242][ 42]LogModuleManager: Shutting down and abandoning module SourceCodeAccess (196)
[2024.02.27-04.09.22:242][ 42]LogModuleManager: Shutting down and abandoning module HeadMountedDisplay (194)
[2024.02.27-04.09.22:242][ 42]LogModuleManager: Shutting down and abandoning module XAudio2 (192)
[2024.02.27-04.09.22:242][ 42]LogModuleManager: Shutting down and abandoning module Networking (190)
[2024.02.27-04.09.22:242][ 42]LogModuleManager: Shutting down and abandoning module Core (188)
[2024.02.27-04.09.22:242][ 42]LogModuleManager: Shutting down and abandoning module LevelSequence (186)
[2024.02.27-04.09.22:242][ 42]LogModuleManager: Shutting down and abandoning module KismetCompiler (184)
[2024.02.27-04.09.22:242][ 42]LogModuleManager: Shutting down and abandoning module MeshUtilities (182)
[2024.02.27-04.09.22:242][ 42]LogModuleManager: Shutting down and abandoning module MeshMergeUtilities (181)
[2024.02.27-04.09.22:242][ 42]LogModuleManager: Shutting down and abandoning module MeshReductionInterface (180)
[2024.02.27-04.09.22:242][ 42]LogModuleManager: Shutting down and abandoning module SimplygonSwarm (179)
[2024.02.27-04.09.22:242][ 42]LogModuleManager: Shutting down and abandoning module ProxyLODMeshReduction (177)
[2024.02.27-04.09.22:242][ 42]LogModuleManager: Shutting down and abandoning module SimplygonMeshReduction (175)
[2024.02.27-04.09.22:242][ 42]LogModuleManager: Shutting down and abandoning module QuadricMeshReduction (173)
[2024.02.27-04.09.22:242][ 42]LogModuleManager: Shutting down and abandoning module MaterialBaking (169)
[2024.02.27-04.09.22:242][ 42]LogModuleManager: Shutting down and abandoning module DirectoryWatcher (165)
[2024.02.27-04.09.22:242][ 42]LogModuleManager: Shutting down and abandoning module DerivedDataCache (162)
[2024.02.27-04.09.22:379][ 42]LogDerivedDataCache: Shutdown
[2024.02.27-04.09.22:379][ 42]LogModuleManager: Shutting down and abandoning module XGEController (160)
[2024.02.27-04.09.22:379][ 42]LogXGEController: Cleaning working directory: C:/Users/Teika/AppData/Local/Temp/UnrealXGEWorkingDir/
[2024.02.27-04.09.22:380][ 42]LogModuleManager: Shutting down and abandoning module TargetPlatform (158)
[2024.02.27-04.09.22:380][ 42]LogModuleManager: Shutting down and abandoning module VulkanShaderFormat (157)
[2024.02.27-04.09.22:380][ 42]LogModuleManager: Shutting down and abandoning module ShaderFormatVectorVM (155)
[2024.02.27-04.09.22:380][ 42]LogModuleManager: Shutting down and abandoning module ShaderFormatOpenGL (153)
[2024.02.27-04.09.22:380][ 42]LogModuleManager: Shutting down and abandoning module ShaderFormatD3D (151)
[2024.02.27-04.09.22:380][ 42]LogModuleManager: Shutting down and abandoning module MetalShaderFormat (149)
[2024.02.27-04.09.22:380][ 42]LogModuleManager: Shutting down and abandoning module TextureFormatUncompressed (147)
[2024.02.27-04.09.22:380][ 42]LogModuleManager: Shutting down and abandoning module TextureFormatPVR (145)
[2024.02.27-04.09.22:380][ 42]LogModuleManager: Shutting down and abandoning module TextureFormatDXT (143)
[2024.02.27-04.09.22:380][ 42]LogModuleManager: Shutting down and abandoning module TextureFormatIntelISPCTexComp (141)
[2024.02.27-04.09.22:380][ 42]LogModuleManager: Shutting down and abandoning module TextureFormatASTC (139)
[2024.02.27-04.09.22:380][ 42]LogModuleManager: Shutting down and abandoning module ImageWrapper (138)
[2024.02.27-04.09.22:380][ 42]LogModuleManager: Shutting down and abandoning module TextureFormatAndroid (135)
[2024.02.27-04.09.22:380][ 42]LogModuleManager: Shutting down and abandoning module AudioFormatOpus (133)
[2024.02.27-04.09.22:380][ 42]LogModuleManager: Shutting down and abandoning module AudioFormatOgg (131)
[2024.02.27-04.09.22:380][ 42]LogModuleManager: Shutting down and abandoning module AudioFormatADPCM (129)
[2024.02.27-04.09.22:380][ 42]LogModuleManager: Shutting down and abandoning module LuminTargetPlatform (127)
[2024.02.27-04.09.22:380][ 42]LogModuleManager: Shutting down and abandoning module LinuxTargetPlatform (125)
[2024.02.27-04.09.22:380][ 42]LogModuleManager: Shutting down and abandoning module LinuxServerTargetPlatform (123)
[2024.02.27-04.09.22:380][ 42]LogModuleManager: Shutting down and abandoning module LinuxNoEditorTargetPlatform (121)
[2024.02.27-04.09.22:380][ 42]LogModuleManager: Shutting down and abandoning module LinuxClientTargetPlatform (119)
[2024.02.27-04.09.22:380][ 42]LogModuleManager: Shutting down and abandoning module TVOSTargetPlatform (117)
[2024.02.27-04.09.22:380][ 42]LogModuleManager: Shutting down and abandoning module Messaging (115)
[2024.02.27-04.09.22:380][ 42]LogModuleManager: Shutting down and abandoning module IOSTargetPlatform (113)
[2024.02.27-04.09.22:381][ 42]LogModuleManager: Shutting down and abandoning module HTML5TargetPlatform (111)
[2024.02.27-04.09.22:381][ 42]LogModuleManager: Shutting down and abandoning module AndroidTargetPlatform (109)
[2024.02.27-04.09.22:385][ 42]LogModuleManager: Shutting down and abandoning module WindowsTargetPlatform (107)
[2024.02.27-04.09.22:385][ 42]LogModuleManager: Shutting down and abandoning module WindowsServerTargetPlatform (105)
[2024.02.27-04.09.22:385][ 42]LogModuleManager: Shutting down and abandoning module WindowsNoEditorTargetPlatform (103)
[2024.02.27-04.09.22:385][ 42]LogModuleManager: Shutting down and abandoning module WindowsClientTargetPlatform (101)
[2024.02.27-04.09.22:385][ 42]LogModuleManager: Shutting down and abandoning module MacTargetPlatform (99)
[2024.02.27-04.09.22:385][ 42]LogModuleManager: Shutting down and abandoning module MacServerTargetPlatform (97)
[2024.02.27-04.09.22:385][ 42]LogModuleManager: Shutting down and abandoning module MacNoEditorTargetPlatform (95)
[2024.02.27-04.09.22:385][ 42]LogModuleManager: Shutting down and abandoning module MacClientTargetPlatform (93)
[2024.02.27-04.09.22:385][ 42]LogModuleManager: Shutting down and abandoning module AllDesktopTargetPlatform (91)
[2024.02.27-04.09.22:385][ 42]LogModuleManager: Shutting down and abandoning module InputCore (88)
[2024.02.27-04.09.22:385][ 42]LogModuleManager: Shutting down and abandoning module Settings (86)
[2024.02.27-04.09.22:385][ 42]LogModuleManager: Shutting down and abandoning module PhysXCooking (84)
[2024.02.27-04.09.22:385][ 42]LogModuleManager: Shutting down and abandoning module SteamVR (82)
[2024.02.27-04.09.22:385][ 42]LogModuleManager: Shutting down and abandoning module OculusHMD (80)
[2024.02.27-04.09.22:385][ 42]LogModuleManager: Shutting down and abandoning module ExampleDeviceProfileSelector (78)
[2024.02.27-04.09.22:385][ 42]LogModuleManager: Shutting down and abandoning module LauncherChunkInstaller (76)
[2024.02.27-04.09.22:385][ 42]LogModuleManager: Shutting down and abandoning module OnlineBlueprintSupport (74)
[2024.02.27-04.09.22:385][ 42]LogModuleManager: Shutting down and abandoning module OnlineSubsystem (70)
[2024.02.27-04.09.22:385][ 42]LogModuleManager: Shutting down and abandoning module XMPP (65)
[2024.02.27-04.09.22:385][ 42]LogModuleManager: Shutting down and abandoning module WebSockets (64)
[2024.02.27-04.09.22:418][ 42]LogModuleManager: Shutting down and abandoning module HTTP (61)
[2024.02.27-04.09.22:418][ 42]LogHttp: Display: Http module shutting down, but needs to wait on 1 outstanding Http requests:
[2024.02.27-04.09.22:418][ 42]LogHttp: Display: 	verb=[POST] url=[https://datarouter.ol.epicgames.com/datarouter/api/v1/public/data?SessionID=%7B08FC6805-4AEB-B253-CA6C-D5A97A0FC676%7D&AppID=UEEditor.Rocket.Release&AppVersion=4.20.3-4369336%2B%2B%2BUE4%2BRelease-4.20&UserID=06d1374d4b1e416f4d2ae2924a792f08%7C422e9c7ce01f49ebadcd6a44a0a170a0%7C7c161fbe-103b-41cb-8ff8-59c2d5305b5e&AppEnvironment=datacollector-binary&UploadType=eteventstream] status=Processing
[2024.02.27-04.09.22:424][ 42]LogModuleManager: Shutting down and abandoning module SSL (60)
[2024.02.27-04.09.22:425][ 42]LogModuleManager: Shutting down and abandoning module MagicLeapEmulator (56)
[2024.02.27-04.09.22:425][ 42]LogModuleManager: Shutting down and abandoning module MagicLeapPrivileges (54)
[2024.02.27-04.09.22:425][ 42]LogModuleManager: Shutting down and abandoning module MagicLeapIdentity (52)
[2024.02.27-04.09.22:425][ 42]LogModuleManager: Shutting down and abandoning module MagicLeapHelperVulkan (50)
[2024.02.27-04.09.22:425][ 42]LogModuleManager: Shutting down and abandoning module MagicLeapHelperOpenGL (48)
[2024.02.27-04.09.22:425][ 42]LogModuleManager: Shutting down and abandoning module MagicLeapSecureStorage (46)
[2024.02.27-04.09.22:425][ 42]LogModuleManager: Shutting down and abandoning module MagicLeapGestures (44)
[2024.02.27-04.09.22:425][ 42]LogModuleManager: Shutting down and abandoning module MagicLeapEyeTracker (42)
[2024.02.27-04.09.22:425][ 42]LogModuleManager: Shutting down and abandoning module MagicLeapController (40)
[2024.02.27-04.09.22:425][ 42]LogSlate: Slate User Destroyed.  User Index 0, Is Virtual User: 0
[2024.02.27-04.09.22:425][ 42]LogModuleManager: Shutting down and abandoning module MagicLeap (38)
[2024.02.27-04.09.22:425][ 42]LogModuleManager: Shutting down and abandoning module AnimationModifiers (36)
[2024.02.27-04.09.22:425][ 42]LogModuleManager: Shutting down and abandoning module PropertyEditor (35)
[2024.02.27-04.09.22:425][ 42]LogModuleManager: Shutting down and abandoning module AudioEditor (32)
[2024.02.27-04.09.22:425][ 42]LogModuleManager: Shutting down and abandoning module TextureCompressor (30)
[2024.02.27-04.09.22:425][ 42]LogModuleManager: Shutting down and abandoning module ShaderCore (28)
[2024.02.27-04.09.22:425][ 42]LogModuleManager: Shutting down and abandoning module Landscape (26)
[2024.02.27-04.09.22:425][ 42]LogModuleManager: Shutting down and abandoning module SlateRHIRenderer (24)
[2024.02.27-04.09.22:425][ 42]LogModuleManager: Shutting down and abandoning module OpenGLDrv (22)
[2024.02.27-04.09.22:425][ 42]LogModuleManager: Shutting down and abandoning module D3D11RHI (20)
[2024.02.27-04.09.22:425][ 42]LogModuleManager: Shutting down and abandoning module AnimGraphRuntime (18)
[2024.02.27-04.09.22:425][ 42]LogModuleManager: Shutting down and abandoning module Renderer (16)
[2024.02.27-04.09.22:425][ 42]LogModuleManager: Shutting down and abandoning module Engine (14)
[2024.02.27-04.09.22:425][ 42]LogModuleManager: Shutting down and abandoning module CoreUObject (12)
[2024.02.27-04.09.22:425][ 42]LogModuleManager: Shutting down and abandoning module NetworkFile (10)
[2024.02.27-04.09.22:425][ 42]LogModuleManager: Shutting down and abandoning module CookedIterativeFile (8)
[2024.02.27-04.09.22:425][ 42]LogModuleManager: Shutting down and abandoning module StreamingFile (6)
[2024.02.27-04.09.22:425][ 42]LogModuleManager: Shutting down and abandoning module SandboxFile (4)
[2024.02.27-04.09.22:425][ 42]LogModuleManager: Shutting down and abandoning module PakFile (2)
[2024.02.27-04.09.22:430][ 42]LogExit: Exiting.
[2024.02.27-04.09.22:443][ 42]Log file closed, 02/27/24 01:09:22
