Log file open, 06/23/19 19:52:59
LogWindows: Failed to load 'aqProf.dll' (GetLastError=126)
LogWindows: File 'aqProf.dll' does not exist
LogWindows: Failed to load 'VSPerf140.dll' (GetLastError=126)
LogWindows: File 'VSPerf140.dll' does not exist
LogWindows: Failed to load 'VtuneApi.dll' (GetLastError=126)
LogWindows: File 'VtuneApi.dll' does not exist
LogWindows: Failed to load 'VtuneApi32e.dll' (GetLastError=126)
LogWindows: File 'VtuneApi32e.dll' does not exist
LogInit: Display: Running engine for game: JogoNave
LogPlatformFile: Not using cached read wrapper
LogTaskGraph: Started task graph with 5 named threads and 23 total threads with 3 sets of task threads.
LogStats: Stats thread started at 0.269466
LogD3D11RHI: Loaded GFSDK_Aftermath_Lib.x64.dll
LogICUInternationalization: Display: ICU TimeZone Detection - Raw Offset: -3:00, Platform Override: ''
LogPluginManager: Mounting plugin Paper2D
LogPluginManager: Mounting plugin AISupport
LogPluginManager: Mounting plugin LightPropagationVolume
LogPluginManager: Mounting plugin CLionSourceCodeAccess
LogPluginManager: Mounting plugin CodeLiteSourceCodeAccess
LogPluginManager: Mounting plugin GitSourceControl
LogPluginManager: Mounting plugin KDevelopSourceCodeAccess
LogPluginManager: Mounting plugin NullSourceCodeAccess
LogPluginManager: Mounting plugin PerforceSourceControl
LogPluginManager: Mounting plugin SubversionSourceControl
LogPluginManager: Mounting plugin UObjectPlugin
LogPluginManager: Mounting plugin VisualStudioCodeSourceCodeAccess
LogPluginManager: Mounting plugin VisualStudioSourceCodeAccess
LogPluginManager: Mounting plugin XCodeSourceCodeAccess
LogPluginManager: Mounting plugin AssetManagerEditor
LogPluginManager: Mounting plugin CryptoKeys
LogPluginManager: Mounting plugin DataValidation
LogPluginManager: Mounting plugin FacialAnimation
LogPluginManager: Mounting plugin GameplayTagsEditor
LogPluginManager: Mounting plugin MacGraphicsSwitching
LogPluginManager: Mounting plugin MeshEditor
LogPluginManager: Mounting plugin MobileLauncherProfileWizard
LogPluginManager: Mounting plugin PluginBrowser
LogPluginManager: Mounting plugin SpeedTreeImporter
LogPluginManager: Mounting plugin DatasmithContent
LogPluginManager: Mounting plugin AlembicImporter
LogPluginManager: Mounting plugin AppleImageUtils
LogPluginManager: Mounting plugin AppleVision
LogPluginManager: Mounting plugin BackChannel
LogPluginManager: Mounting plugin CharacterAI
LogPluginManager: Mounting plugin GeometryCache
LogPluginManager: Mounting plugin HTML5Networking
LogPluginManager: Mounting plugin ProxyLODPlugin
LogPluginManager: Mounting plugin MagicLeap
LogPluginManager: Mounting plugin MagicLeapEmulator
LogPluginManager: Mounting plugin MagicLeapMedia
LogPluginManager: Mounting plugin AndroidMedia
LogPluginManager: Mounting plugin AvfMedia
LogPluginManager: Mounting plugin ImgMedia
LogPluginManager: Mounting plugin LinearTimecode
LogPluginManager: Mounting plugin MediaCompositing
LogPluginManager: Mounting plugin MediaPlayerEditor
LogPluginManager: Mounting plugin WmfMedia
LogPluginManager: Mounting plugin TcpMessaging
LogPluginManager: Mounting plugin UdpMessaging
LogPluginManager: Mounting plugin ActorSequence
LogPluginManager: Mounting plugin LevelSequenceEditor
LogPluginManager: Mounting plugin MatineeToLevelSequence
LogPluginManager: Mounting plugin NetcodeUnitTest
LogPluginManager: Mounting plugin NUTUnrealEngine4
LogPluginManager: Mounting plugin OnlineSubsystemGooglePlay
LogPluginManager: Mounting plugin OnlineSubsystemIOS
LogPluginManager: Mounting plugin OnlineSubsystem
LogPluginManager: Mounting plugin OnlineSubsystemNull
LogPluginManager: Mounting plugin OnlineSubsystemUtils
LogPluginManager: Mounting plugin LauncherChunkInstaller
LogPluginManager: Mounting plugin AndroidDeviceProfileSelector
LogPluginManager: Mounting plugin AndroidMoviePlayer
LogPluginManager: Mounting plugin AndroidPermission
LogPluginManager: Mounting plugin AppleMoviePlayer
LogPluginManager: Mounting plugin ArchVisCharacter
LogPluginManager: Mounting plugin AudioCapture
LogPluginManager: Mounting plugin CableComponent
LogPluginManager: Mounting plugin CustomMeshComponent
LogPluginManager: Mounting plugin EditableMesh
LogPluginManager: Mounting plugin ExampleDeviceProfileSelector
LogPluginManager: Mounting plugin GoogleCloudMessaging
LogPluginManager: Mounting plugin ImmediatePhysics
LogPluginManager: Mounting plugin IOSDeviceProfileSelector
LogPluginManager: Mounting plugin LinuxDeviceProfileSelector
LogPluginManager: Mounting plugin LocationServicesBPLibrary
LogPluginManager: Mounting plugin MobilePatchingUtils
LogPluginManager: Mounting plugin OculusVR
LogPluginManager: Plugin shader directory ../../../Engine/Plugins/Runtime/Oculus/OculusVR/Shaders found
LogPluginManager: Mapping shader source directory ../../../Engine/Plugins/Runtime/Oculus/OculusVR/Shaders to virtual directory /Plugin/OculusVR
LogPluginManager: Mounting plugin PhysXVehicles
LogPluginManager: Mounting plugin ProceduralMeshComponent
LogPluginManager: Mounting plugin RuntimePhysXCooking
LogPluginManager: Mounting plugin SteamVR
LogPluginManager: Mounting plugin WindowsMoviePlayer
LogStreaming: Display: Took  0.057s to configure plugins.
LogInit: Using libcurl 7.55.1-DEV
LogInit:  - built for x86_64-pc-win32
LogInit:  - supports SSL with OpenSSL/1.0.2h
LogInit:  - supports HTTP deflate (compression) using libz 1.2.8
LogInit:  - other features:
LogInit:      CURL_VERSION_SSL
LogInit:      CURL_VERSION_LIBZ
LogInit:      CURL_VERSION_IPV6
LogInit:      CURL_VERSION_ASYNCHDNS
LogInit:      CURL_VERSION_LARGEFILE
LogInit:      CURL_VERSION_IDN
LogInit:  CurlRequestOptions (configurable via config and command line):
LogInit:  - bVerifyPeer = false  - Libcurl will NOT verify peer certificate
LogInit:  - bUseHttpProxy = false  - Libcurl will NOT use HTTP proxy
LogInit:  - bDontReuseConnections = false  - Libcurl will reuse connections
LogInit:  - CertBundlePath = nullptr  - Libcurl will use whatever was configured at build time.
LogInit:  - MaxHostConnections = 16  - Libcurl will limit the number of connections to a host
LogInit:  - LocalHostAddr = Default
LogInit:  - BufferSize = 65536
LogInit: WinSock: version 1.1 (2.2), MaxSocks=32767, MaxUdp=65467
LogInit: Build: ++UE4+Release-4.20-CL-4369336
LogInit: Engine Version: 4.20.3-4369336+++UE4+Release-4.20
LogInit: Compatible Engine Version: 4.20.0-4212847+++UE4+Release-4.20
LogInit: Net CL: 4212847
LogInit: OS: Windows 10 (), CPU: Intel(R) Core(TM) i7-7700K CPU @ 4.20GHz, GPU: NVIDIA GeForce GTX 970
LogInit: Compiled (64-bit): Sep 17 2018 12:26:19
LogInit: Compiled with Visual C++: 19.13.26129.00
LogInit: Build Configuration: Development
LogInit: Branch Name: ++UE4+Release-4.20
LogInit: Command Line: 
LogInit: Base Directory: G:/Unreal Engine/UE_4.20/Engine/Binaries/Win64/
LogInit: Installed Engine Build: 1
LogDevObjectVersion: Number of dev versions registered: 20
LogDevObjectVersion:   Dev-Blueprints (B0D832E4-1F89-4F0D-ACCF-7EB736FD4AA2): 10
LogDevObjectVersion:   Dev-Build (E1C64328-A22C-4D53-A36C-8E866417BD8C): 0
LogDevObjectVersion:   Dev-Core (375EC13C-06E4-48FB-B500-84F0262A717E): 2
LogDevObjectVersion:   Dev-Editor (E4B068ED-F494-42E9-A231-DA0B2E46BB41): 24
LogDevObjectVersion:   Dev-Framework (CFFC743F-43B0-4480-9391-14DF171D2073): 34
LogDevObjectVersion:   Dev-Mobile (B02B49B5-BB20-44E9-A304-32B752E40360): 2
LogDevObjectVersion:   Dev-Networking (A4E4105C-59A1-49B5-A7C5-40C4547EDFEE): 0
LogDevObjectVersion:   Dev-Online (39C831C9-5AE6-47DC-9A44-9C173E1C8E7C): 0
LogDevObjectVersion:   Dev-Physics (78F01B33-EBEA-4F98-B9B4-84EACCB95AA2): 0
LogDevObjectVersion:   Dev-Platform (6631380F-2D4D-43E0-8009-CF276956A95A): 0
LogDevObjectVersion:   Dev-Rendering (12F88B9F-8875-4AFC-A67C-D90C383ABD29): 26
LogDevObjectVersion:   Dev-Sequencer (7B5AE74C-D270-4C10-A958-57980B212A5A): 9
LogDevObjectVersion:   Dev-VR (D7296918-1DD6-4BDD-9DE2-64A83CC13884): 2
LogDevObjectVersion:   Dev-LoadTimes (C2A15278-BFE7-4AFE-6C17-90FF531DF755): 1
LogDevObjectVersion:   Private-Geometry (6EACA3D4-40EC-4CC1-B786-8BED09428FC5): 3
LogDevObjectVersion:   Dev-AnimPhys (29E575DD-E0A3-4627-9D10-D276232CDCEA): 17
LogDevObjectVersion:   Dev-ReflectionCapture (6B266CEC-1EC7-4B8F-A30B-E4D90942FC07): 1
LogDevObjectVersion:   Dev-Automation (0DF73D61-A23F-47EA-B727-89E90C41499A): 1
LogDevObjectVersion:   FortniteMain (601D1886-AC64-4F84-AA16-D3DE0DEAC7D6): 12
LogDevObjectVersion:   Dev-Enterprise (9DFFBCD6-494F-0158-E221-12823C92A888): 1
LogStreaming: Display: Took  0.001s to delete old logs.
LogInit: Presizing for max 8388607 objects, including 0 objects not considered by GC, pre-allocating 0 bytes for permanent pool.
LogInit: Object subsystem initialized
[2019.06.23-22.52.59:280][  0]LogInit: Selected Device Profile: [Windows]
[2019.06.23-22.52.59:280][  0]LogInit: Applying CVar settings loaded from the selected device profile: [Windows]
[2019.06.23-22.52.59:291][  0]LogHAL: Display: Platform has ~ 16 GB [17136361472 / 17179869184 / 16], which maps to Larger [LargestMinGB=32, LargerMinGB=12, DefaultMinGB=8, SmallerMinGB=6, SmallestMinGB=0)
[2019.06.23-22.52.59:291][  0]LogInit: Setting Device Profile CVar: [[r.Vulkan.UseRealUBs:1]]
[2019.06.23-22.52.59:291][  0]LogInit: Going up to parent DeviceProfile []
[2019.06.23-22.52.59:292][  0]LogInit: Computer: DESKTOP-L18FRBP
[2019.06.23-22.52.59:292][  0]LogInit: User: Teika
[2019.06.23-22.52.59:292][  0]LogInit: CPU Page size=4096, Cores=4
[2019.06.23-22.52.59:292][  0]LogInit: High frequency timer resolution =4.101563 MHz
[2019.06.23-22.52.59:292][  0]LogMemory: Memory total: Physical=16.0GB (16GB approx)
[2019.06.23-22.52.59:292][  0]LogMemory: Platform Memory Stats for Windows
[2019.06.23-22.52.59:292][  0]LogMemory: Process Physical Memory: 101.02 MB used, 101.02 MB peak
[2019.06.23-22.52.59:292][  0]LogMemory: Process Virtual Memory: 89.49 MB used, 89.49 MB peak
[2019.06.23-22.52.59:292][  0]LogMemory: Physical Memory: 10575.89 MB used,  5766.62 MB free, 16342.51 MB total
[2019.06.23-22.52.59:292][  0]LogMemory: Virtual Memory: 4638.77 MB used,  5766.62 MB free, 134217728.00 MB total
[2019.06.23-22.52.59:307][  0]LogInit: Overriding language with editor language configuration option (en).
[2019.06.23-22.52.59:307][  0]LogInit: Overriding locale with editor locale configuration option (en).
[2019.06.23-22.52.59:589][  0]LogStreaming: Display: Took  0.281s to InitEngineTextLocalization.
[2019.06.23-22.52.59:589][  0]LogInit: Setting process to per monitor DPI aware
[2019.06.23-22.52.59:625][  0]LogSlate: New Slate User Created.  User Index 0, Is Virtual User: 0
[2019.06.23-22.52.59:625][  0]LogSlate: Slate User Registered.  User Index 0, Is Virtual User: 0
[2019.06.23-22.52.59:763][  0]LogHMD: Failed to initialize OpenVR with code 110
[2019.06.23-22.52.59:763][  0]LogD3D11RHI: D3D11 adapters:
[2019.06.23-22.52.59:819][  0]LogD3D11RHI:    0. 'NVIDIA GeForce GTX 970' (Feature Level 11_0)
[2019.06.23-22.52.59:819][  0]LogD3D11RHI:       4043/0/8171 MB DedicatedVideo/DedicatedSystem/SharedSystem, Outputs:2, VendorId:0x10de
[2019.06.23-22.52.59:820][  0]LogD3D11RHI:    1. 'Microsoft Basic Render Driver' (Feature Level 11_0)
[2019.06.23-22.52.59:820][  0]LogD3D11RHI:       0/0/8171 MB DedicatedVideo/DedicatedSystem/SharedSystem, Outputs:0, VendorId:0x1414
[2019.06.23-22.52.59:820][  0]LogD3D11RHI: Chosen D3D11 Adapter: 0
[2019.06.23-22.52.59:828][  0]LogD3D11RHI: Creating new Direct3DDevice
[2019.06.23-22.52.59:828][  0]LogD3D11RHI:     GPU DeviceId: 0x13c2 (for the marketing name, search the web for "GPU Device Id")
[2019.06.23-22.52.59:828][  0]LogWindows: EnumDisplayDevices:
[2019.06.23-22.52.59:828][  0]LogWindows:    0. 'NVIDIA GeForce GTX 970' (P:1 D:1)
[2019.06.23-22.52.59:828][  0]LogWindows:    1. 'NVIDIA GeForce GTX 970' (P:0 D:1)
[2019.06.23-22.52.59:828][  0]LogWindows:    2. 'NVIDIA GeForce GTX 970' (P:0 D:0)
[2019.06.23-22.52.59:828][  0]LogWindows:    3. 'NVIDIA GeForce GTX 970' (P:0 D:0)
[2019.06.23-22.52.59:828][  0]LogWindows: DebugString: FoundDriverCount:4 
[2019.06.23-22.52.59:828][  0]LogD3D11RHI:     Adapter Name: NVIDIA GeForce GTX 970
[2019.06.23-22.52.59:828][  0]LogD3D11RHI:   Driver Version: 430.86 (internal:26.21.14.3086, unified:430.86)
[2019.06.23-22.52.59:828][  0]LogD3D11RHI:      Driver Date: 5-22-2019
[2019.06.23-22.52.59:828][  0]LogRHI: Texture pool is 2830 MB (70% of 4043 MB)
[2019.06.23-22.52.59:860][  0]LogD3D11RHI: Async texture creation enabled
[2019.06.23-22.52.59:912][  0]LogD3D11RHI: GPU Timing Frequency: 1000.000000 (Debug: 2 1)
[2019.06.23-22.52.59:962][  0]LogShaderCompilers: Guid format shader working directory is 8 characters bigger than the processId version (../../../../Saga/APropostaAtualizado1/Intermediate/Shaders/WorkingDirectory/12484/).
[2019.06.23-22.52.59:963][  0]LogShaderCompilers: Cleaned the shader compiler working directory 'C:/Users/Teika/AppData/Local/Temp/UnrealShaderWorkingDir/52E0C0EB4EA2B3566F03F68115034DEB/'.
[2019.06.23-22.53.00:185][  0]LogTemp: Display: Loaded TP AllDesktopTargetPlatform
[2019.06.23-22.53.00:195][  0]LogTemp: Display: Loaded TP MacClientTargetPlatform
[2019.06.23-22.53.00:205][  0]LogTemp: Display: Loaded TP MacNoEditorTargetPlatform
[2019.06.23-22.53.00:215][  0]LogTemp: Display: Loaded TP MacServerTargetPlatform
[2019.06.23-22.53.00:225][  0]LogTemp: Display: Loaded TP MacTargetPlatform
[2019.06.23-22.53.00:236][  0]LogTemp: Display: Loaded TP WindowsClientTargetPlatform
[2019.06.23-22.53.00:247][  0]LogTemp: Display: Loaded TP WindowsNoEditorTargetPlatform
[2019.06.23-22.53.00:257][  0]LogTemp: Display: Loaded TP WindowsServerTargetPlatform
[2019.06.23-22.53.00:262][  0]LogTemp: Display: Loaded TP WindowsTargetPlatform
[2019.06.23-22.53.00:321][  0]LogTemp: Display: Loaded TP AndroidTargetPlatform
[2019.06.23-22.53.00:321][  0]LogTemp: Display: Loaded TP AndroidTargetPlatform
[2019.06.23-22.53.00:321][  0]LogTemp: Display: Loaded TP AndroidTargetPlatform
[2019.06.23-22.53.00:321][  0]LogTemp: Display: Loaded TP AndroidTargetPlatform
[2019.06.23-22.53.00:321][  0]LogTemp: Display: Loaded TP AndroidTargetPlatform
[2019.06.23-22.53.00:321][  0]LogTemp: Display: Loaded TP AndroidTargetPlatform
[2019.06.23-22.53.00:321][  0]LogTemp: Display: Loaded TP AndroidTargetPlatform
[2019.06.23-22.53.00:321][  0]LogTemp: Display: Loaded TP AndroidTargetPlatform
[2019.06.23-22.53.00:321][  0]LogTemp: Display: Loaded TP AndroidTargetPlatform
[2019.06.23-22.53.00:321][  0]LogTemp: Display: Loaded TP AndroidTargetPlatform
[2019.06.23-22.53.00:321][  0]LogTemp: Display: Loaded TP AndroidTargetPlatform
[2019.06.23-22.53.00:321][  0]LogTemp: Display: Loaded TP AndroidTargetPlatform
[2019.06.23-22.53.00:321][  0]LogTemp: Display: Loaded TP AndroidTargetPlatform
[2019.06.23-22.53.00:321][  0]LogTemp: Display: Loaded TP AndroidTargetPlatform
[2019.06.23-22.53.00:321][  0]LogTemp: Display: Loaded TP AndroidTargetPlatform
[2019.06.23-22.53.00:321][  0]LogTemp: Display: Loaded TP AndroidTargetPlatform
[2019.06.23-22.53.00:321][  0]LogTemp: Display: Loaded TP AndroidTargetPlatform
[2019.06.23-22.53.00:321][  0]LogTemp: Display: Loaded TP AndroidTargetPlatform
[2019.06.23-22.53.00:322][  0]LogTemp: Display: Loaded TP HTML5TargetPlatform
[2019.06.23-22.53.00:377][  0]LogTemp: Display: Loaded TP IOSTargetPlatform
[2019.06.23-22.53.00:377][  0]LogTemp: Display: Loaded TP IOSTargetPlatform
[2019.06.23-22.53.00:396][  0]LogTemp: Display: Loaded TP TVOSTargetPlatform
[2019.06.23-22.53.00:396][  0]LogTemp: Display: Loaded TP TVOSTargetPlatform
[2019.06.23-22.53.00:408][  0]LogTemp: Display: Loaded TP LinuxClientTargetPlatform
[2019.06.23-22.53.00:417][  0]LogTemp: Display: Loaded TP LinuxNoEditorTargetPlatform
[2019.06.23-22.53.00:426][  0]LogTemp: Display: Loaded TP LinuxServerTargetPlatform
[2019.06.23-22.53.00:436][  0]LogTemp: Display: Loaded TP LinuxTargetPlatform
[2019.06.23-22.53.00:442][  0]LogTemp: Display: Loaded TP LuminTargetPlatform
[2019.06.23-22.53.00:442][  0]LogTargetPlatformManager: Display: Building Assets For Windows
[2019.06.23-22.53.00:486][  0]LogXGEController: Cannot use XGE Controller as Incredibuild is not installed on this machine.
[2019.06.23-22.53.00:486][  0]LogShaderCompilers: Cannot use XGE Shader Compiler as Incredibuild is not installed on this machine.
[2019.06.23-22.53.00:486][  0]LogShaderCompilers: Display: Using Local Shader Compiler.
[2019.06.23-22.53.01:058][  0]LogDerivedDataCache: Display: Max Cache Size: 512 MB
[2019.06.23-22.53.01:104][  0]LogDerivedDataCache: Loaded boot cache 0.05s 71MB C:/Users/Teika/AppData/Local/UnrealEngine/4.20/DerivedDataCache/Boot.ddc.
[2019.06.23-22.53.01:104][  0]LogDerivedDataCache: Display: Loaded Boot cache: C:/Users/Teika/AppData/Local/UnrealEngine/4.20/DerivedDataCache/Boot.ddc
[2019.06.23-22.53.01:104][  0]LogDerivedDataCache: FDerivedDataBackendGraph:  Pak pak cache file ../../../../Saga/APropostaAtualizado1/DerivedDataCache/DDC.ddp not found, will not use a pak cache.
[2019.06.23-22.53.01:104][  0]LogDerivedDataCache: Unable to find inner node Pak for hierarchical cache Hierarchy.
[2019.06.23-22.53.01:104][  0]LogDerivedDataCache: FDerivedDataBackendGraph:  CompressedPak pak cache file ../../../../Saga/APropostaAtualizado1/DerivedDataCache/Compressed.ddp not found, will not use a pak cache.
[2019.06.23-22.53.01:105][  0]LogDerivedDataCache: Unable to find inner node CompressedPak for hierarchical cache Hierarchy.
[2019.06.23-22.53.01:116][  0]LogDerivedDataCache: Display: Pak cache opened for reading ../../../Engine/DerivedDataCache/Compressed.ddp.
[2019.06.23-22.53.01:129][  0]LogDerivedDataCache: Using Local data cache path C:/Users/Teika/AppData/Local/UnrealEngine/Common/DerivedDataCache: Writable
[2019.06.23-22.53.01:129][  0]LogDerivedDataCache: Shared data cache path not found in *engine.ini, will not use an Shared cache.
[2019.06.23-22.53.01:129][  0]LogDerivedDataCache: Unable to find inner node Shared for hierarchical cache Hierarchy.
[2019.06.23-22.53.01:143][  0]LogMaterial: Verifying Global Shaders for PCD3D_SM5
[2019.06.23-22.53.01:144][  0]LogSlate: Using FreeType 2.6.0
[2019.06.23-22.53.01:145][  0]LogSlate: SlateFontServices - WITH_FREETYPE: 1, WITH_HARFBUZZ: 1
[2019.06.23-22.53.01:205][  0]LogAssetRegistry: FAssetRegistry took 0.0247 seconds to start up
[2019.06.23-22.53.01:460][  0]LogInit: Selected Device Profile: [Windows]
[2019.06.23-22.53.01:561][  0]LogSimplygon: Simplygon DLL not present - disabling.
[2019.06.23-22.53.01:563][  0]LogMeshReduction: Using SimplygonSwarm for distributed automatic mesh merging
[2019.06.23-22.53.01:563][  0]LogMeshReduction: Using ProxyLODMeshReduction for automatic mesh merging
[2019.06.23-22.53.01:564][  0]LogMeshReduction: Using QuadricMeshReduction for automatic static mesh reduction
[2019.06.23-22.53.01:564][  0]LogMeshReduction: No automatic skeletal mesh reduction module available
[2019.06.23-22.53.01:579][  0]LogNetVersion: JogoNave 1.0.0, NetCL: 4212847, EngineNetVer: 5, GameNetVer: 0 (Checksum: 1379061360)
[2019.06.23-22.53.01:936][  0]LogPackageLocalizationCache: Processed 11 localized package path(s) for 1 prioritized culture(s) in 0.040387 seconds
[2019.06.23-22.53.01:941][  0]LogUObjectArray: 38425 objects as part of root set at end of initial load.
[2019.06.23-22.53.01:941][  0]LogUObjectAllocator: 6690864 out of 0 bytes used by permanent object pool.
[2019.06.23-22.53.01:941][  0]LogUObjectArray: CloseDisregardForGC: 0/0 objects in disregard for GC pool
[2019.06.23-22.53.02:582][  0]LogTcpMessaging: Initializing TcpMessaging bridge
[2019.06.23-22.53.02:594][  0]LogUdpMessaging: Initializing bridge on interface 0.0.0.0:0 to multicast group 230.0.0.1:6666.
[2019.06.23-22.53.02:718][  0]SourceControl: Source control is disabled
[2019.06.23-22.53.03:183][  0]LogAndroidPermission: UAndroidPermissionCallbackProxy::GetInstance
[2019.06.23-22.53.03:251][  0]LogOcInput: OculusInput pre-init called
[2019.06.23-22.53.03:311][  0]LogEngine: Initializing Engine...
[2019.06.23-22.53.03:312][  0]LogHMD: Failed to initialize OpenVR with code 110
[2019.06.23-22.53.03:313][  0]LogStats: UGameplayTagsManager::ConstructGameplayTagTree: ImportINI prefixes -  0.000 s
[2019.06.23-22.53.03:313][  0]LogStats: UGameplayTagsManager::ConstructGameplayTagTree: Construct from data asset -  0.000 s
[2019.06.23-22.53.03:313][  0]LogStats: UGameplayTagsManager::ConstructGameplayTagTree: ImportINI -  0.000 s
[2019.06.23-22.53.03:313][  0]LogStats: UGameplayTagsManager::ConstructGameplayTagTree: GameplayTagTreeChangedEvent.Broadcast -  0.000 s
[2019.06.23-22.53.03:485][  0]LogInit: Initializing FReadOnlyCVARCache
[2019.06.23-22.53.03:499][  0]LogAIModule: Creating AISystem for world Untitled
[2019.06.23-22.53.03:519][  0]LogInit: XAudio2 using 'Alto-falantes (Realtek High Definition Audio)' : 2 channels at 48 kHz using 32 bits per sample (channel mask 0x3)
[2019.06.23-22.53.03:535][  0]LogInit: FAudioDevice initialized.
[2019.06.23-22.53.03:535][  0]LogNetVersion: Set ProjectVersion to 1.0.0.0. Version Checksum will be recalculated on next use.
[2019.06.23-22.53.03:651][  0]LogDerivedDataCache: Saved boot cache 0.12s 71MB C:/Users/Teika/AppData/Local/UnrealEngine/4.20/DerivedDataCache/Boot.ddc.
[2019.06.23-22.53.03:657][  0]LogInit: Texture streaming: Enabled
[2019.06.23-22.53.03:669][  0]LogEngineSessionManager: EngineSessionManager initialized
[2019.06.23-22.53.03:680][  0]LogInit: Transaction tracking system initialized
[2019.06.23-22.53.03:696][  0]BlueprintLog: New page: Editor Load
[2019.06.23-22.53.03:765][  0]LocalizationService: Localization service is disabled
[2019.06.23-22.53.03:975][  0]LogCook: Display: Max memory allowance for cook 16384mb min free memory 0mb
[2019.06.23-22.53.03:975][  0]LogCook: Display: Mobile HDR setting 1
[2019.06.23-22.53.03:975][  0]LogGameplayTags: Display: UGameplayTagsManager::DoneAddingNativeTags. DelegateIsBound: 0
[2019.06.23-22.53.03:975][  0]LogStats: UGameplayTagsManager::ConstructGameplayTagTree: ImportINI prefixes -  0.000 s
[2019.06.23-22.53.03:975][  0]LogStats: UGameplayTagsManager::ConstructGameplayTagTree: Construct from data asset -  0.000 s
[2019.06.23-22.53.03:975][  0]LogStats: UGameplayTagsManager::ConstructGameplayTagTree: ImportINI -  0.000 s
[2019.06.23-22.53.03:975][  0]LogStats: UGameplayTagsManager::ConstructGameplayTagTree: GameplayTagTreeChangedEvent.Broadcast -  0.000 s
[2019.06.23-22.53.04:071][  0]LogFileCache: Scanning file cache for directory 'G:/Unreal Engine/Saga/APropostaAtualizado1/Content/' took 0.01s
[2019.06.23-22.53.04:071][  0]Cmd: MAP LOAD FILE="../../../../Saga/APropostaAtualizado1/Content/Map/Fase01.umap" TEMPLATE=0 SHOWPROGRESS=1 FEATURELEVEL=3
[2019.06.23-22.53.04:072][  0]LightingResults: New page: Lighting Build
[2019.06.23-22.53.04:074][  0]MapCheck: New page: Map Check
[2019.06.23-22.53.04:074][  0]LightingResults: New page: Lighting Build
[2019.06.23-22.53.04:688][  0]LogAIModule: Creating AISystem for world Fase01
[2019.06.23-22.53.04:698][  0]LogEditorServer: Finished looking for orphan Actors (0.000 secs)
[2019.06.23-22.53.04:721][  0]Cmd: MAP CHECKDEP NOCLEARLOG
[2019.06.23-22.53.04:765][  0]MapCheck: Map check complete: 0 Error(s), 0 Warning(s), took 43.578ms to complete.
[2019.06.23-22.53.04:765][  0]LogFileHelpers: Loading map 'Fase01' took 0.694
[2019.06.23-22.53.04:869][  0]LogSlate: Updating window title bar state: overlay mode, drag disabled, window buttons hidden, title bar hidden
[2019.06.23-22.53.04:876][  0]LogSlate: Updating window title bar state: overlay mode, drag disabled, window buttons hidden, title bar hidden
[2019.06.23-22.53.04:885][  0]LogSlate: Updating window title bar state: overlay mode, drag disabled, window buttons hidden, title bar hidden
[2019.06.23-22.53.04:894][  0]LogSlate: Updating window title bar state: overlay mode, drag disabled, window buttons hidden, title bar hidden
[2019.06.23-22.53.04:901][  0]LogCollectionManager: Loaded 0 collections in 0.001760 seconds
[2019.06.23-22.53.04:944][  0]LogFileCache: Scanning file cache for directory 'G:/Unreal Engine/Saga/APropostaAtualizado1/Saved/Collections/' took 0.01s
[2019.06.23-22.53.04:944][  0]LogFileCache: Scanning file cache for directory 'G:/Unreal Engine/Saga/APropostaAtualizado1/Content/Developers/Teika/Collections/' took 0.01s
[2019.06.23-22.53.04:944][  0]LogFileCache: Scanning file cache for directory 'G:/Unreal Engine/Saga/APropostaAtualizado1/Content/Collections/' took 0.01s
[2019.06.23-22.53.04:944][  0]LogCollectionManager: Rebuilt the GUID cache for 0 collections in 0.000000 seconds
[2019.06.23-22.53.04:956][  0]LogContentBrowser: Native class hierarchy populated in 0.0113 seconds. Added 2572 classes and 603 folders.
[2019.06.23-22.53.04:962][  0]LogContentBrowser: Native class hierarchy updated for 'WidgetCarousel' in 0.0002 seconds. Added 0 classes and 0 folders.
[2019.06.23-22.53.04:997][  0]LogContentBrowser: Native class hierarchy updated for 'AddContentDialog' in 0.0002 seconds. Added 0 classes and 0 folders.
[2019.06.23-22.53.05:001][  0]LogContentBrowser: Native class hierarchy updated for 'SceneOutliner' in 0.0003 seconds. Added 1 classes and 2 folders.
[2019.06.23-22.53.05:016][  0]LogSlate: Took 0.000157 seconds to synchronously load lazily loaded font '../../../Engine/Content/Slate/Fonts/Roboto-Regular.ttf' (155K)
[2019.06.23-22.53.05:018][  0]LogSlate: Took 0.000171 seconds to synchronously load lazily loaded font '../../../Engine/Content/Slate/Fonts/Roboto-Bold.ttf' (160K)
[2019.06.23-22.53.05:023][  0]LogSlate: Took 0.000246 seconds to synchronously load lazily loaded font '../../../Engine/Content/Editor/Slate/Fonts/FontAwesome.ttf' (139K)
[2019.06.23-22.53.05:107][  0]LogRenderer: Reallocating scene render targets to support 1176x540 Format 10 NumSamples 1 (Frame:1).
[2019.06.23-22.53.05:273][  0]LogContentBrowser: Native class hierarchy updated for 'HierarchicalLODOutliner' in 0.0002 seconds. Added 0 classes and 0 folders.
[2019.06.23-22.53.05:273][  0]LogLoad: (Engine Initialization) Total time: 7.27 seconds
[2019.06.23-22.53.05:273][  0]LogLoad: (Engine Initialization) Total Blueprint compile time: 0.00 seconds
[2019.06.23-22.53.05:282][  0]LogWindowsTextInputMethodSystem: Display: IME system now deactivated.
[2019.06.23-22.53.05:306][  0]LogContentStreaming: Texture pool size now 1000 MB
[2019.06.23-22.53.05:332][  0]LogSlate: Took 0.000153 seconds to synchronously load lazily loaded font '../../../Engine/Content/Slate/Fonts/Roboto-Light.ttf' (167K)
[2019.06.23-22.53.05:361][  1]LogAssetRegistry: Asset discovery search completed in 4.1785 seconds
[2019.06.23-22.53.05:363][  1]LogCollectionManager: Rebuilt the object cache for 0 collections in 0.000000 seconds (found 0 objects)
[2019.06.23-22.53.05:363][  1]LogCollectionManager: Fixed up redirectors for 0 collections in 0.000072 seconds (updated 0 objects)
[2019.06.23-22.53.06:307][100]LogSlate: Took 0.000184 seconds to synchronously load lazily loaded font '../../../Engine/Content/Slate/Fonts/Roboto-Light.ttf' (167K)
[2019.06.23-22.53.19:448][316]LogSlate: FSceneViewport::OnFocusLost() reason 0
[2019.06.23-22.53.28:954][398]LogAssetEditorManager: Opening Asset editor for Blueprint /Game/Inimigos/Boss/Boss_BP.Boss_BP
[2019.06.23-22.53.29:323][398]LogContentBrowser: Native class hierarchy updated for 'BlueprintGraph' in 0.0004 seconds. Added 116 classes and 0 folders.
[2019.06.23-22.53.29:988][398]LogSlate: Took 0.000150 seconds to synchronously load lazily loaded font '../../../Engine/Content/Slate/Fonts/Roboto-BoldCondensed.ttf' (158K)
[2019.06.23-22.53.30:227][399]LogSlate: Took 0.000169 seconds to synchronously load lazily loaded font '../../../Engine/Content/Slate/Fonts/Roboto-Italic.ttf' (157K)
[2019.06.23-22.53.43:481][771]LogAssetEditorManager: Opening Asset editor for Blueprint /Game/NAVE_PROPOSTA/BP_Nave_Proposta2.BP_Nave_Proposta2
[2019.06.23-22.53.45:436][917]LogSlate: Window 'BP_Nave_Proposta2' being destroyed
[2019.06.23-22.56.33:039][257]Cmd: OBJ SAVEPACKAGE PACKAGE="/Game/NAVE_PROPOSTA/BP_Nave_Proposta2" FILE="../../../../Saga/APropostaAtualizado1/Content/NAVE_PROPOSTA/BP_Nave_Proposta2.uasset" SILENT=true
[2019.06.23-22.56.33:148][257]LogSavePackage: Moving '../../../../Saga/APropostaAtualizado1/Saved/BP_Nave_Proposta203FD4D274B6439F7DFF30888C1BF5935.tmp' to '../../../../Saga/APropostaAtualizado1/Content/NAVE_PROPOSTA/BP_Nave_Proposta2.uasset'
[2019.06.23-22.56.37:583][760]LogAssetEditorManager: Opening Asset editor for Blueprint /Game/PicksUps/MachineGun/PicksUP_MachineGun2.PicksUP_MachineGun2
[2019.06.23-22.59.21:099][102]BlueprintLog: New page: Compile PicksUP_MachineGun2
[2019.06.23-22.59.30:278][169]LogTemp: Repeating last play command: Selected Viewport
[2019.06.23-22.59.30:303][169]LogBlueprintUserMessages: Early PlayInEditor Detection: Level '/Game/Map/Fase01.Fase01:PersistentLevel' has LevelScriptBlueprint '/Game/Map/Fase01.Fase01:PersistentLevel.Fase01' with GeneratedClass '/Game/Map/Fase01.Fase01_C' with ClassGeneratedBy '/Game/Map/Fase01.Fase01:PersistentLevel.Fase01'
[2019.06.23-22.59.30:303][169]LogPlayLevel: PlayLevel: No blueprints needed recompiling
[2019.06.23-22.59.30:315][169]PIE: New page: PIE session: Fase01 (Jun 23, 2019, 4:59:30 PM)
[2019.06.23-22.59.30:315][169]LogPlayLevel: Creating play world package: /Game/Map/UEDPIE_0_Fase01
[2019.06.23-22.59.30:319][169]LogPlayLevel: PIE: StaticDuplicateObject took: (0.003499s)
[2019.06.23-22.59.30:319][169]LogAIModule: Creating AISystem for world Fase01
[2019.06.23-22.59.30:320][169]LogPlayLevel: PIE: World Init took: (0.000549s)
[2019.06.23-22.59.30:320][169]LogPlayLevel: PIE: Created PIE world by copying editor world from /Game/Map/Fase01.Fase01 to /Game/Map/UEDPIE_0_Fase01.Fase01 (0.004162s)
[2019.06.23-22.59.30:351][169]LogInit: XAudio2 using 'Alto-falantes (Realtek High Definition Audio)' : 2 channels at 48 kHz using 32 bits per sample (channel mask 0x3)
[2019.06.23-22.59.30:363][169]LogInit: FAudioDevice initialized.
[2019.06.23-22.59.30:407][169]LogLoad: Game class is 'GameMode_BP_C'
[2019.06.23-22.59.30:409][169]LogWorld: Bringing World /Game/Map/UEDPIE_0_Fase01.Fase01 up for play (max tick rate 0) at 2019.06.23-19.59.30
[2019.06.23-22.59.30:410][169]LogWorld: Bringing up level for play took: 0.001228
[2019.06.23-22.59.30:428][169]LogContentBrowser: Native class hierarchy updated for 'MovieSceneCapture' in 0.0002 seconds. Added 10 classes and 0 folders.
[2019.06.23-22.59.30:429][169]PIE: Play in editor start time for /Game/Map/UEDPIE_0_Fase01 -0.583
[2019.06.23-22.59.30:429][169]LogBlueprintUserMessages: Late PlayInEditor Detection: Level '/Game/Map/Fase01.Fase01:PersistentLevel' has LevelScriptBlueprint '/Game/Map/Fase01.Fase01:PersistentLevel.Fase01' with GeneratedClass '/Game/Map/Fase01.Fase01_C' with ClassGeneratedBy '/Game/Map/Fase01.Fase01:PersistentLevel.Fase01'
[2019.06.23-22.59.45:049][813]LogBlueprintUserMessages: [PicksUP_MachineGun2_3] 1
[2019.06.23-22.59.53:283][788]LogBlueprintUserMessages: [PicksUP_MachineGun3_5] 1
[2019.06.23-22.59.56:113][123]LogBlueprintUserMessages: [PicksUP_MachineGun4_7] 1
[2019.06.23-23.00.01:007][701]LogBlueprintUserMessages: Early EndPlayMap Detection: Level '/Game/Map/Fase01.Fase01:PersistentLevel' has LevelScriptBlueprint '/Game/Map/Fase01.Fase01:PersistentLevel.Fase01' with GeneratedClass '/Game/Map/Fase01.Fase01_C' with ClassGeneratedBy '/Game/Map/Fase01.Fase01:PersistentLevel.Fase01'
[2019.06.23-23.00.01:007][701]LogSlate: Updating window title bar state: overlay mode, drag disabled, window buttons hidden, title bar hidden
[2019.06.23-23.00.01:069][701]LogPlayLevel: Display: Shutting down PIE online subsystems
[2019.06.23-23.00.01:069][701]LogBlueprintUserMessages: Late EndPlayMap Detection: Level '/Game/Map/Fase01.Fase01:PersistentLevel' has LevelScriptBlueprint '/Game/Map/Fase01.Fase01:PersistentLevel.Fase01' with GeneratedClass '/Game/Map/Fase01.Fase01_C' with ClassGeneratedBy '/Game/Map/Fase01.Fase01:PersistentLevel.Fase01'
[2019.06.23-23.00.01:098][701]LogSlate: Updating window title bar state: overlay mode, drag disabled, window buttons hidden, title bar hidden
[2019.06.23-23.00.01:125][702]LogPlayLevel: Display: Destroying online subsystem :Context_15
[2019.06.23-23.00.05:016][132]LogSlate: FSceneViewport::OnFocusLost() reason 0
[2019.06.23-23.00.26:666][406]Cmd: OBJ SAVEPACKAGE PACKAGE="/Game/PicksUps/MachineGun/PicksUP_MachineGun3" FILE="../../../../Saga/APropostaAtualizado1/Content/PicksUps/MachineGun/PicksUP_MachineGun3.uasset" SILENT=true
[2019.06.23-23.00.26:697][406]LogSavePackage: Moving '../../../../Saga/APropostaAtualizado1/Saved/PicksUP_MachineGun3F1A457CF403085A058F582BF4A9D5418.tmp' to '../../../../Saga/APropostaAtualizado1/Content/PicksUps/MachineGun/PicksUP_MachineGun3.uasset'
[2019.06.23-23.00.31:940][840]LogMetaData: Removing '/Game/PicksUps/PicksUP_MachineGun3.SKEL_PicksUP_MachineGun3_C:UserConstructionScript' ref from Metadata '/Game/PicksUps/MachineGun/PicksUP_MachineGun3.PackageMetaData'
[2019.06.23-23.00.31:940][840]LogMetaData: Removing '/Game/PicksUps/PicksUP_MachineGun3.SKEL_PicksUP_MachineGun3_C:PickUp' ref from Metadata '/Game/PicksUps/MachineGun/PicksUP_MachineGun3.PackageMetaData'
[2019.06.23-23.00.31:940][840]LogMetaData: Removing '/Game/PicksUps/PicksUP_MachineGun3.SKEL_PicksUP_MachineGun3_C:Box' ref from Metadata '/Game/PicksUps/MachineGun/PicksUP_MachineGun3.PackageMetaData'
[2019.06.23-23.00.31:940][840]LogMetaData: Removing '/Game/PicksUps/PicksUP_MachineGun3.SKEL_PicksUP_MachineGun3_C:ReceiveTick' ref from Metadata '/Game/PicksUps/MachineGun/PicksUP_MachineGun3.PackageMetaData'
[2019.06.23-23.00.31:940][840]LogMetaData: Removing '/Game/PicksUps/PicksUP_MachineGun3.SKEL_PicksUP_MachineGun3_C:ReceiveActorBeginOverlap' ref from Metadata '/Game/PicksUps/MachineGun/PicksUP_MachineGun3.PackageMetaData'
[2019.06.23-23.00.31:940][840]LogMetaData: Removing '/Game/PicksUps/PicksUP_MachineGun3.SKEL_PicksUP_MachineGun3_C:ReceiveBeginPlay' ref from Metadata '/Game/PicksUps/MachineGun/PicksUP_MachineGun3.PackageMetaData'
[2019.06.23-23.00.31:940][840]LogMetaData: Removing '/Game/PicksUps/PicksUP_MachineGun3.SKEL_PicksUP_MachineGun3_C' ref from Metadata '/Game/PicksUps/MachineGun/PicksUP_MachineGun3.PackageMetaData'
[2019.06.23-23.00.31:940][840]LogMetaData: Removing '/Game/PicksUps/PicksUP_MachineGun3.PicksUP_MachineGun3_C' ref from Metadata '/Game/PicksUps/MachineGun/PicksUP_MachineGun3.PackageMetaData'
[2019.06.23-23.00.31:941][840]LogMetaData: Removing '/Game/PicksUps/PicksUP_MachineGun3.PicksUP_MachineGun3_C:Box' ref from Metadata '/Game/PicksUps/MachineGun/PicksUP_MachineGun3.PackageMetaData'
[2019.06.23-23.00.31:941][840]LogMetaData: Removing '/Game/PicksUps/PicksUP_MachineGun3.PicksUP_MachineGun3_C:PickUp' ref from Metadata '/Game/PicksUps/MachineGun/PicksUP_MachineGun3.PackageMetaData'
[2019.06.23-23.00.31:941][840]LogMetaData: Removing '/Game/PicksUps/PicksUP_MachineGun3.PicksUP_MachineGun3_C:ReceiveTick' ref from Metadata '/Game/PicksUps/MachineGun/PicksUP_MachineGun3.PackageMetaData'
[2019.06.23-23.00.31:941][840]LogMetaData: Removing '/Game/PicksUps/PicksUP_MachineGun3.PicksUP_MachineGun3_C:ReceiveActorBeginOverlap' ref from Metadata '/Game/PicksUps/MachineGun/PicksUP_MachineGun3.PackageMetaData'
[2019.06.23-23.00.31:941][840]LogMetaData: Removing '/Game/PicksUps/PicksUP_MachineGun3.PicksUP_MachineGun3_C:ReceiveBeginPlay' ref from Metadata '/Game/PicksUps/MachineGun/PicksUP_MachineGun3.PackageMetaData'
[2019.06.23-23.00.31:941][840]LogMetaData: Removing '/Game/PicksUps/PicksUP_MachineGun3.PicksUP_MachineGun3_C:UserConstructionScript' ref from Metadata '/Game/PicksUps/MachineGun/PicksUP_MachineGun3.PackageMetaData'
[2019.06.23-23.00.31:970][840]Cmd: OBJ SAVEPACKAGE PACKAGE="/Game/PicksUps/PicksUP_MachineGun3" FILE="../../../../Saga/APropostaAtualizado1/Content/PicksUps/PicksUP_MachineGun3.uasset" SILENT=true
[2019.06.23-23.00.32:007][840]LogSavePackage: Moving '../../../../Saga/APropostaAtualizado1/Saved/PicksUP_MachineGun3C1E00A1D457422BECA5603AEC3DBAD4B.tmp' to '../../../../Saga/APropostaAtualizado1/Content/PicksUps/PicksUP_MachineGun3.uasset'
[2019.06.23-23.00.32:659][840]SourceControl: rm 'Content/PicksUps/MachineGun/PicksUP_MachineGun3.uasset'
[2019.06.23-23.00.46:665][249]LogMetaData: Removing '/Game/PicksUps/PicksUP_SpreadGun.PicksUP_SpreadGun_C' ref from Metadata '/Game/PicksUps/PicksUP_MachineGun3.PackageMetaData'
[2019.06.23-23.00.46:665][249]LogMetaData: Removing '/Game/PicksUps/PicksUP_SpreadGun.SKEL_PicksUP_SpreadGun_C' ref from Metadata '/Game/PicksUps/PicksUP_MachineGun3.PackageMetaData'
[2019.06.23-23.00.46:721][249]Cmd: OBJ SAVEPACKAGE PACKAGE="/Game/PicksUps/PicksUP_SpreadGun" FILE="../../../../Saga/APropostaAtualizado1/Content/PicksUps/PicksUP_SpreadGun.uasset" SILENT=true
[2019.06.23-23.00.46:753][249]LogSavePackage: Moving '../../../../Saga/APropostaAtualizado1/Saved/PicksUP_SpreadGun18E2E6DB4D2F28B9179A519ACFCDEC4E.tmp' to '../../../../Saga/APropostaAtualizado1/Content/PicksUps/PicksUP_SpreadGun.uasset'
[2019.06.23-23.00.47:415][249]SourceControl: rm 'Content/PicksUps/PicksUP_MachineGun3.uasset'
[2019.06.23-23.00.50:364][490]LogMetaData: Removing '/Game/PicksUps/PicksUP_SpreadGun2.PicksUP_SpreadGun2_C' ref from Metadata '/Game/PicksUps/PicksUP_SpreadGun.PackageMetaData'
[2019.06.23-23.00.50:364][490]LogMetaData: Removing '/Game/PicksUps/PicksUP_SpreadGun2.SKEL_PicksUP_SpreadGun2_C' ref from Metadata '/Game/PicksUps/PicksUP_SpreadGun.PackageMetaData'
[2019.06.23-23.00.50:430][490]Cmd: OBJ SAVEPACKAGE PACKAGE="/Game/PicksUps/PicksUP_SpreadGun2" FILE="../../../../Saga/APropostaAtualizado1/Content/PicksUps/PicksUP_SpreadGun2.uasset" SILENT=true
[2019.06.23-23.00.50:454][490]LogSavePackage: Moving '../../../../Saga/APropostaAtualizado1/Saved/PicksUP_SpreadGun228F458E048C7299E0B842EB96286883A.tmp' to '../../../../Saga/APropostaAtualizado1/Content/PicksUps/PicksUP_SpreadGun2.uasset'
[2019.06.23-23.00.51:109][490]SourceControl: rm 'Content/PicksUps/PicksUP_SpreadGun.uasset'
[2019.06.23-23.00.53:408][729]LogAssetEditorManager: Opening Asset editor for Blueprint /Game/PicksUps/PicksUP_SpreadGun2.PicksUP_SpreadGun2
[2019.06.23-23.01.09:319][502]BlueprintLog: New page: Compile PicksUP_SpreadGun2
[2019.06.23-23.01.09:975][559]LogTemp: Repeating last play command: Selected Viewport
[2019.06.23-23.01.10:000][559]LogBlueprintUserMessages: Early PlayInEditor Detection: Level '/Game/Map/Fase01.Fase01:PersistentLevel' has LevelScriptBlueprint '/Game/Map/Fase01.Fase01:PersistentLevel.Fase01' with GeneratedClass '/Game/Map/Fase01.Fase01_C' with ClassGeneratedBy '/Game/Map/Fase01.Fase01:PersistentLevel.Fase01'
[2019.06.23-23.01.10:001][559]BlueprintLog: New page: Pre-Play auto-recompile
[2019.06.23-23.01.10:005][559]LogPlayLevel: [PlayLevel] Compiling PicksUP_MachineGun2 before play...
[2019.06.23-23.01.10:119][559]LogPlayLevel: [PlayLevel] Compiling Fase01 before play...
[2019.06.23-23.01.10:263][559]LogPlayLevel: PlayLevel: Blueprint regeneration took 262 ms (2 blueprints)
[2019.06.23-23.01.10:263][559]PIE: New page: PIE session: Fase01 (Jun 23, 2019, 5:01:10 PM)
[2019.06.23-23.01.10:263][559]LogPlayLevel: Creating play world package: /Game/Map/UEDPIE_0_Fase01
[2019.06.23-23.01.10:269][559]LogPlayLevel: PIE: StaticDuplicateObject took: (0.005332s)
[2019.06.23-23.01.10:270][559]LogAIModule: Creating AISystem for world Fase01
[2019.06.23-23.01.10:270][559]LogPlayLevel: PIE: World Init took: (0.001043s)
[2019.06.23-23.01.10:270][559]LogPlayLevel: PIE: Created PIE world by copying editor world from /Game/Map/Fase01.Fase01 to /Game/Map/UEDPIE_0_Fase01.Fase01 (0.006555s)
[2019.06.23-23.01.10:307][559]LogInit: XAudio2 using 'Alto-falantes (Realtek High Definition Audio)' : 2 channels at 48 kHz using 32 bits per sample (channel mask 0x3)
[2019.06.23-23.01.10:319][559]LogInit: FAudioDevice initialized.
[2019.06.23-23.01.10:330][559]LogSlate: Updating window title bar state: overlay mode, drag disabled, window buttons hidden, title bar hidden
[2019.06.23-23.01.10:371][559]LogLoad: Game class is 'GameMode_BP_C'
[2019.06.23-23.01.10:373][559]LogWorld: Bringing World /Game/Map/UEDPIE_0_Fase01.Fase01 up for play (max tick rate 0) at 2019.06.23-20.01.10
[2019.06.23-23.01.10:374][559]LogWorld: Bringing up level for play took: 0.001518
[2019.06.23-23.01.10:386][559]LogGameMode: FindPlayerStart: PATHS NOT DEFINED or NO PLAYERSTART with positive rating
[2019.06.23-23.01.10:389][559]PIE: Play in editor start time for /Game/Map/UEDPIE_0_Fase01 1.378
[2019.06.23-23.01.10:390][559]LogBlueprintUserMessages: Late PlayInEditor Detection: Level '/Game/Map/Fase01.Fase01:PersistentLevel' has LevelScriptBlueprint '/Game/Map/Fase01.Fase01:PersistentLevel.Fase01' with GeneratedClass '/Game/Map/Fase01.Fase01_C' with ClassGeneratedBy '/Game/Map/Fase01.Fase01:PersistentLevel.Fase01'
[2019.06.23-23.01.10:410][559]LogRenderer: Reallocating scene render targets to support 1292x756 Format 10 NumSamples 1 (Frame:1).
[2019.06.23-23.01.11:158][632]LogBlueprintUserMessages: Early EndPlayMap Detection: Level '/Game/Map/Fase01.Fase01:PersistentLevel' has LevelScriptBlueprint '/Game/Map/Fase01.Fase01:PersistentLevel.Fase01' with GeneratedClass '/Game/Map/Fase01.Fase01_C' with ClassGeneratedBy '/Game/Map/Fase01.Fase01:PersistentLevel.Fase01'
[2019.06.23-23.01.11:158][632]LogSlate: Updating window title bar state: overlay mode, drag disabled, window buttons hidden, title bar hidden
[2019.06.23-23.01.11:180][632]LogSlate: Window 'JogoNave Game Preview Standalone (64-bit/PCD3D_SM5)' being destroyed
[2019.06.23-23.01.11:213][632]LogPlayLevel: Display: Shutting down PIE online subsystems
[2019.06.23-23.01.11:214][632]LogBlueprintUserMessages: Late EndPlayMap Detection: Level '/Game/Map/Fase01.Fase01:PersistentLevel' has LevelScriptBlueprint '/Game/Map/Fase01.Fase01:PersistentLevel.Fase01' with GeneratedClass '/Game/Map/Fase01.Fase01_C' with ClassGeneratedBy '/Game/Map/Fase01.Fase01:PersistentLevel.Fase01'
[2019.06.23-23.01.11:264][633]LogPlayLevel: Display: Destroying online subsystem :Context_20
[2019.06.23-23.01.14:783][973]LogEditorViewport: Clicking on Actor (LMB): SpreadGun_C (SpreadGun)
[2019.06.23-23.01.15:307][ 27]Cmd: DELETE
[2019.06.23-23.01.15:307][ 27]Cmd: ACTOR DELETE
[2019.06.23-23.01.15:311][ 27]LogEditorActor: Deleted Actor: SpreadGun_C
[2019.06.23-23.01.15:344][ 27]LogEditorActor: Deleted 1 Actors (0.037 secs)
[2019.06.23-23.01.15:853][ 84]LogEditorViewport: Clicking on Actor (LMB): BOMB_PICKUP_C (BOMB_PICKUP)
[2019.06.23-23.01.16:003][ 97]Cmd: DELETE
[2019.06.23-23.01.16:003][ 97]Cmd: ACTOR DELETE
[2019.06.23-23.01.16:007][ 97]LogEditorActor: Deleted Actor: BOMB_PICKUP_C
[2019.06.23-23.01.16:035][ 97]LogEditorActor: Deleted 1 Actors (0.031 secs)
[2019.06.23-23.01.16:604][161]LogEditorViewport: Clicking on Actor (LMB): PicksUP_SpreadGun2_C (PicksUP_SpreadGun2)
[2019.06.23-23.01.27:649][308]LogSlate: FSceneViewport::OnFocusLost() reason 0
[2019.06.23-23.01.27:734][318]LogTemp: Repeating last play command: Selected Viewport
[2019.06.23-23.01.27:758][318]LogBlueprintUserMessages: Early PlayInEditor Detection: Level '/Game/Map/Fase01.Fase01:PersistentLevel' has LevelScriptBlueprint '/Game/Map/Fase01.Fase01:PersistentLevel.Fase01' with GeneratedClass '/Game/Map/Fase01.Fase01_C' with ClassGeneratedBy '/Game/Map/Fase01.Fase01:PersistentLevel.Fase01'
[2019.06.23-23.01.27:758][318]LogPlayLevel: PlayLevel: No blueprints needed recompiling
[2019.06.23-23.01.27:758][318]PIE: New page: PIE session: Fase01 (Jun 23, 2019, 5:01:27 PM)
[2019.06.23-23.01.27:758][318]LogPlayLevel: Creating play world package: /Game/Map/UEDPIE_0_Fase01
[2019.06.23-23.01.27:763][318]LogPlayLevel: PIE: StaticDuplicateObject took: (0.004796s)
[2019.06.23-23.01.27:764][318]LogAIModule: Creating AISystem for world Fase01
[2019.06.23-23.01.27:764][318]LogPlayLevel: PIE: World Init took: (0.000535s)
[2019.06.23-23.01.27:764][318]LogPlayLevel: PIE: Created PIE world by copying editor world from /Game/Map/Fase01.Fase01 to /Game/Map/UEDPIE_0_Fase01.Fase01 (0.005437s)
[2019.06.23-23.01.27:797][318]LogInit: XAudio2 using 'Alto-falantes (Realtek High Definition Audio)' : 2 channels at 48 kHz using 32 bits per sample (channel mask 0x3)
[2019.06.23-23.01.27:814][318]LogInit: FAudioDevice initialized.
[2019.06.23-23.01.27:850][318]LogLoad: Game class is 'GameMode_BP_C'
[2019.06.23-23.01.27:852][318]LogWorld: Bringing World /Game/Map/UEDPIE_0_Fase01.Fase01 up for play (max tick rate 0) at 2019.06.23-20.01.27
[2019.06.23-23.01.27:852][318]LogWorld: Bringing up level for play took: 0.001677
[2019.06.23-23.01.27:865][318]PIE: Play in editor start time for /Game/Map/UEDPIE_0_Fase01 0.853
[2019.06.23-23.01.27:865][318]LogBlueprintUserMessages: Late PlayInEditor Detection: Level '/Game/Map/Fase01.Fase01:PersistentLevel' has LevelScriptBlueprint '/Game/Map/Fase01.Fase01:PersistentLevel.Fase01' with GeneratedClass '/Game/Map/Fase01.Fase01_C' with ClassGeneratedBy '/Game/Map/Fase01.Fase01:PersistentLevel.Fase01'
[2019.06.23-23.01.29:343][489]LogBlueprintUserMessages: [PicksUP_SpreadGun2_2] 2
[2019.06.23-23.01.30:772][657]LogBlueprintUserMessages: [PicksUP_MachineGun2_3] 1
[2019.06.23-23.01.31:512][745]LogBlueprintUserMessages: [PicksUP_MachineGun3_5] 1
[2019.06.23-23.01.32:553][869]LogBlueprintUserMessages: [PicksUP_SpreadGun3] 2
[2019.06.23-23.01.34:459][ 95]LogBlueprintUserMessages: [PicksUP_SpreadGun4] 2
[2019.06.23-23.01.35:245][188]LogBlueprintUserMessages: [PicksUP_MachineGun4_7] 1
[2019.06.23-23.01.38:098][526]LogBlueprintUserMessages: Early EndPlayMap Detection: Level '/Game/Map/Fase01.Fase01:PersistentLevel' has LevelScriptBlueprint '/Game/Map/Fase01.Fase01:PersistentLevel.Fase01' with GeneratedClass '/Game/Map/Fase01.Fase01_C' with ClassGeneratedBy '/Game/Map/Fase01.Fase01:PersistentLevel.Fase01'
[2019.06.23-23.01.38:098][526]LogSlate: Updating window title bar state: overlay mode, drag disabled, window buttons hidden, title bar hidden
[2019.06.23-23.01.38:135][526]LogPlayLevel: Display: Shutting down PIE online subsystems
[2019.06.23-23.01.38:135][526]LogBlueprintUserMessages: Late EndPlayMap Detection: Level '/Game/Map/Fase01.Fase01:PersistentLevel' has LevelScriptBlueprint '/Game/Map/Fase01.Fase01:PersistentLevel.Fase01' with GeneratedClass '/Game/Map/Fase01.Fase01_C' with ClassGeneratedBy '/Game/Map/Fase01.Fase01:PersistentLevel.Fase01'
[2019.06.23-23.01.38:171][526]LogSlate: Updating window title bar state: overlay mode, drag disabled, window buttons hidden, title bar hidden
[2019.06.23-23.01.38:198][527]LogPlayLevel: Display: Destroying online subsystem :Context_21
[2019.06.23-23.01.39:356][661]LogSlate: FSceneViewport::OnFocusLost() reason 0
[2019.06.23-23.01.40:826][803]Cmd: OBJ SAVEPACKAGE PACKAGE="/Game/Map/Fase01" FILE="../../../../Saga/APropostaAtualizado1/Content/Map/Fase01.umap" SILENT=true AUTOSAVING=false KEEPDIRTY=false
[2019.06.23-23.01.41:002][803]LogSavePackage: Moving '../../../../Saga/APropostaAtualizado1/Saved/Fase0159DDFBEB4D7568E6E4EEE79A5A63D836.tmp' to '../../../../Saga/APropostaAtualizado1/Content/Map/Fase01.umap'
[2019.06.23-23.01.41:127][803]Cmd: OBJ SAVEPACKAGE PACKAGE="/Game/Map/FaseTest_BuiltData" FILE="../../../../Saga/APropostaAtualizado1/Content/Map/FaseTest_BuiltData.uasset" SILENT=true
[2019.06.23-23.01.41:193][803]LogSavePackage: Moving '../../../../Saga/APropostaAtualizado1/Saved/FaseTest_BuiltDataAA340192472878F564F8E0BFC463B059.tmp' to '../../../../Saga/APropostaAtualizado1/Content/Map/FaseTest_BuiltData.uasset'
[2019.06.23-23.01.42:480][938]Cmd: OBJ SAVEPACKAGE PACKAGE="/Game/PicksUps/MachineGun/PicksUP_MachineGun2" FILE="../../../../Saga/APropostaAtualizado1/Content/PicksUps/MachineGun/PicksUP_MachineGun2.uasset" SILENT=true
[2019.06.23-23.01.42:549][938]LogSavePackage: Moving '../../../../Saga/APropostaAtualizado1/Saved/PicksUP_MachineGun2B34B60D84DEB124944C4B28CA66BE1BC.tmp' to '../../../../Saga/APropostaAtualizado1/Content/PicksUps/MachineGun/PicksUP_MachineGun2.uasset'
[2019.06.23-23.01.44:306][129]Cmd: OBJ SAVEPACKAGE PACKAGE="/Game/PicksUps/PicksUP_SpreadGun2" FILE="../../../../Saga/APropostaAtualizado1/Content/PicksUps/PicksUP_SpreadGun2.uasset" SILENT=true
[2019.06.23-23.01.44:345][129]LogSavePackage: Moving '../../../../Saga/APropostaAtualizado1/Saved/PicksUP_SpreadGun2A0A9D80C4B64C92F2BD929A5A69E2E60.tmp' to '../../../../Saga/APropostaAtualizado1/Content/PicksUps/PicksUP_SpreadGun2.uasset'
[2019.06.23-23.02.48:857][824]LogAssetEditorManager: Opening Asset editor for Blueprint /Game/NAVE_PROPOSTA/Tiros/Tiro_Spread01.Tiro_Spread01
[2019.06.23-23.02.50:886][ 12]LogPhysics: Warning: Initialising Body : Scale3D is (nearly) zero: Component: '/Engine/Transient.World_24:PersistentLevel.Tiro_Spread01_C_0.Tiro' 
[2019.06.23-23.02.50:887][ 12]LogPhysics: Warning: Initialising Body : Scale3D is (nearly) zero: Component: '/Engine/Transient.World_24:PersistentLevel.Tiro_Spread01_C_0.Tiro' 
[2019.06.23-23.02.50:931][ 13]LogRenderer: Reallocating scene render targets to support 1292x812 Format 10 NumSamples 1 (Frame:1).
[2019.06.23-23.02.55:320][498]LogSlate: FSceneViewport::OnFocusLost() reason 0
[2019.06.23-23.02.57:801][681]LogAssetEditorManager: Opening Asset editor for Blueprint /Game/NAVE_PROPOSTA/Tiros/Tiro_Spread02.Tiro_Spread02
[2019.06.23-23.02.59:977][892]LogPhysics: Warning: Initialising Body : Scale3D is (nearly) zero: Component: '/Engine/Transient.World_25:PersistentLevel.Tiro_Spread02_C_0.Tiro' 
[2019.06.23-23.02.59:978][892]LogPhysics: Warning: Initialising Body : Scale3D is (nearly) zero: Component: '/Engine/Transient.World_25:PersistentLevel.Tiro_Spread02_C_0.Tiro' 
[2019.06.23-23.03.05:789][549]LogSlate: FSceneViewport::OnFocusLost() reason 0
[2019.06.23-23.05.50:858][906]LogTemp: Repeating last play command: Selected Viewport
[2019.06.23-23.05.50:883][906]LogBlueprintUserMessages: Early PlayInEditor Detection: Level '/Game/Map/Fase01.Fase01:PersistentLevel' has LevelScriptBlueprint '/Game/Map/Fase01.Fase01:PersistentLevel.Fase01' with GeneratedClass '/Game/Map/Fase01.Fase01_C' with ClassGeneratedBy '/Game/Map/Fase01.Fase01:PersistentLevel.Fase01'
[2019.06.23-23.05.50:883][906]LogPlayLevel: PlayLevel: No blueprints needed recompiling
[2019.06.23-23.05.50:883][906]PIE: New page: PIE session: Fase01 (Jun 23, 2019, 5:05:50 PM)
[2019.06.23-23.05.50:883][906]LogPlayLevel: Creating play world package: /Game/Map/UEDPIE_0_Fase01
[2019.06.23-23.05.50:888][906]LogPlayLevel: PIE: StaticDuplicateObject took: (0.004809s)
[2019.06.23-23.05.50:889][906]LogAIModule: Creating AISystem for world Fase01
[2019.06.23-23.05.50:889][906]LogPlayLevel: PIE: World Init took: (0.001029s)
[2019.06.23-23.05.50:890][906]LogPlayLevel: PIE: Created PIE world by copying editor world from /Game/Map/Fase01.Fase01 to /Game/Map/UEDPIE_0_Fase01.Fase01 (0.005998s)
[2019.06.23-23.05.50:937][906]LogInit: XAudio2 using 'Alto-falantes (Realtek High Definition Audio)' : 2 channels at 48 kHz using 32 bits per sample (channel mask 0x3)
[2019.06.23-23.05.50:949][906]LogInit: FAudioDevice initialized.
[2019.06.23-23.05.50:980][906]LogLoad: Game class is 'GameMode_BP_C'
[2019.06.23-23.05.50:981][906]LogWorld: Bringing World /Game/Map/UEDPIE_0_Fase01.Fase01 up for play (max tick rate 0) at 2019.06.23-20.05.50
[2019.06.23-23.05.50:981][906]LogWorld: Bringing up level for play took: 0.001120
[2019.06.23-23.05.50:994][906]PIE: Play in editor start time for /Game/Map/UEDPIE_0_Fase01 -0.017
[2019.06.23-23.05.50:994][906]LogBlueprintUserMessages: Late PlayInEditor Detection: Level '/Game/Map/Fase01.Fase01:PersistentLevel' has LevelScriptBlueprint '/Game/Map/Fase01.Fase01:PersistentLevel.Fase01' with GeneratedClass '/Game/Map/Fase01.Fase01_C' with ClassGeneratedBy '/Game/Map/Fase01.Fase01:PersistentLevel.Fase01'
[2019.06.23-23.05.52:261][ 52]LogBlueprintUserMessages: [PicksUP_MachineGun2_3] 1
[2019.06.23-23.05.53:433][188]LogBlueprintUserMessages: [PicksUP_MachineGun3_5] 1
[2019.06.23-23.05.54:069][261]LogBlueprintUserMessages: [PicksUP_MachineGun4_7] 1
[2019.06.23-23.05.57:417][645]LogBlueprintUserMessages: [PicksUP_SpreadGun4] 2
[2019.06.23-23.05.58:470][768]LogBlueprintUserMessages: [PicksUP_SpreadGun3] 2
[2019.06.23-23.05.59:703][913]LogBlueprintUserMessages: [PicksUP_SpreadGun2_2] 2
[2019.06.23-23.06.01:122][ 81]LogBlueprintUserMessages: Early EndPlayMap Detection: Level '/Game/Map/Fase01.Fase01:PersistentLevel' has LevelScriptBlueprint '/Game/Map/Fase01.Fase01:PersistentLevel.Fase01' with GeneratedClass '/Game/Map/Fase01.Fase01_C' with ClassGeneratedBy '/Game/Map/Fase01.Fase01:PersistentLevel.Fase01'
[2019.06.23-23.06.01:122][ 81]LogSlate: Updating window title bar state: overlay mode, drag disabled, window buttons hidden, title bar hidden
[2019.06.23-23.06.01:178][ 81]LogPlayLevel: Display: Shutting down PIE online subsystems
[2019.06.23-23.06.01:179][ 81]LogBlueprintUserMessages: Late EndPlayMap Detection: Level '/Game/Map/Fase01.Fase01:PersistentLevel' has LevelScriptBlueprint '/Game/Map/Fase01.Fase01:PersistentLevel.Fase01' with GeneratedClass '/Game/Map/Fase01.Fase01_C' with ClassGeneratedBy '/Game/Map/Fase01.Fase01:PersistentLevel.Fase01'
[2019.06.23-23.06.01:207][ 81]LogSlate: Updating window title bar state: overlay mode, drag disabled, window buttons hidden, title bar hidden
[2019.06.23-23.06.01:230][ 82]LogPlayLevel: Display: Destroying online subsystem :Context_30
[2019.06.23-23.06.03:369][328]LogSlate: FSceneViewport::OnFocusLost() reason 0
[2019.06.23-23.09.19:143][184]BlueprintLog: New page: Compile BP_Nave_Proposta2
[2019.06.23-23.09.20:514][287]LogTemp: Repeating last play command: Selected Viewport
[2019.06.23-23.09.20:579][287]LogBlueprintUserMessages: Early PlayInEditor Detection: Level '/Game/Map/Fase01.Fase01:PersistentLevel' has LevelScriptBlueprint '/Game/Map/Fase01.Fase01:PersistentLevel.Fase01' with GeneratedClass '/Game/Map/Fase01.Fase01_C' with ClassGeneratedBy '/Game/Map/Fase01.Fase01:PersistentLevel.Fase01'
[2019.06.23-23.09.20:579][287]LogPlayLevel: PlayLevel: No blueprints needed recompiling
[2019.06.23-23.09.20:579][287]PIE: New page: PIE session: Fase01 (Jun 23, 2019, 5:09:20 PM)
[2019.06.23-23.09.20:579][287]LogPlayLevel: Creating play world package: /Game/Map/UEDPIE_0_Fase01
[2019.06.23-23.09.20:586][287]LogPlayLevel: PIE: StaticDuplicateObject took: (0.007350s)
[2019.06.23-23.09.20:587][287]LogAIModule: Creating AISystem for world Fase01
[2019.06.23-23.09.20:587][287]LogPlayLevel: PIE: World Init took: (0.000997s)
[2019.06.23-23.09.20:588][287]LogPlayLevel: PIE: Created PIE world by copying editor world from /Game/Map/Fase01.Fase01 to /Game/Map/UEDPIE_0_Fase01.Fase01 (0.008536s)
[2019.06.23-23.09.20:630][287]LogInit: XAudio2 using 'Alto-falantes (Realtek High Definition Audio)' : 2 channels at 48 kHz using 32 bits per sample (channel mask 0x3)
[2019.06.23-23.09.20:643][287]LogInit: FAudioDevice initialized.
[2019.06.23-23.09.20:675][287]LogLoad: Game class is 'GameMode_BP_C'
[2019.06.23-23.09.20:676][287]LogWorld: Bringing World /Game/Map/UEDPIE_0_Fase01.Fase01 up for play (max tick rate 0) at 2019.06.23-20.09.20
[2019.06.23-23.09.20:677][287]LogWorld: Bringing up level for play took: 0.001450
[2019.06.23-23.09.20:691][287]PIE: Play in editor start time for /Game/Map/UEDPIE_0_Fase01 -0.321
[2019.06.23-23.09.20:691][287]LogBlueprintUserMessages: Late PlayInEditor Detection: Level '/Game/Map/Fase01.Fase01:PersistentLevel' has LevelScriptBlueprint '/Game/Map/Fase01.Fase01:PersistentLevel.Fase01' with GeneratedClass '/Game/Map/Fase01.Fase01_C' with ClassGeneratedBy '/Game/Map/Fase01.Fase01:PersistentLevel.Fase01'
[2019.06.23-23.09.22:057][444]LogBlueprintUserMessages: [PicksUP_MachineGun2_3] 1
[2019.06.23-23.09.25:280][817]LogBlueprintUserMessages: Early EndPlayMap Detection: Level '/Game/Map/Fase01.Fase01:PersistentLevel' has LevelScriptBlueprint '/Game/Map/Fase01.Fase01:PersistentLevel.Fase01' with GeneratedClass '/Game/Map/Fase01.Fase01_C' with ClassGeneratedBy '/Game/Map/Fase01.Fase01:PersistentLevel.Fase01'
[2019.06.23-23.09.25:280][817]LogSlate: Updating window title bar state: overlay mode, drag disabled, window buttons hidden, title bar hidden
[2019.06.23-23.09.25:322][817]LogPlayLevel: Display: Shutting down PIE online subsystems
[2019.06.23-23.09.25:323][817]LogBlueprintUserMessages: Late EndPlayMap Detection: Level '/Game/Map/Fase01.Fase01:PersistentLevel' has LevelScriptBlueprint '/Game/Map/Fase01.Fase01:PersistentLevel.Fase01' with GeneratedClass '/Game/Map/Fase01.Fase01_C' with ClassGeneratedBy '/Game/Map/Fase01.Fase01:PersistentLevel.Fase01'
[2019.06.23-23.09.25:347][817]LogSlate: Updating window title bar state: overlay mode, drag disabled, window buttons hidden, title bar hidden
[2019.06.23-23.09.25:381][819]LogPlayLevel: Display: Destroying online subsystem :Context_31
[2019.06.23-23.09.26:433][938]LogSlate: FSceneViewport::OnFocusLost() reason 0
[2019.06.23-23.10.26:092][398]LogEditorTransaction: Undo Delete current selection
[2019.06.23-23.11.22:832][ 77]LogWindows: Windows GetLastError: A operação foi concluída com êxito. (0)
[2019.06.23-23.11.23:890][ 77]LogWindows: Error: === Critical error: ===
[2019.06.23-23.11.23:890][ 77]LogWindows: Error: 
[2019.06.23-23.11.23:890][ 77]LogWindows: Error: Assertion failed: Graph [File:D:\Build\++UE4\Sync\Engine\Source\Editor\Kismet\Private\BPFunctionDragDropAction.cpp] [Line: 227] 
[2019.06.23-23.11.23:890][ 77]LogWindows: Error: 
[2019.06.23-23.11.23:890][ 77]LogWindows: Error: 
[2019.06.23-23.11.23:890][ 77]LogWindows: Error: 
[2019.06.23-23.11.23:890][ 77]LogWindows: Error: [Callstack] 0x00007ff8dcf1a388 KERNELBASE.dll!UnknownFunction []
[2019.06.23-23.11.23:890][ 77]LogWindows: Error: [Callstack] 0x00007ff8b6036850 UE4Editor-ApplicationCore.dll!UnknownFunction []
[2019.06.23-23.11.23:890][ 77]LogWindows: Error: [Callstack] 0x00007ff8ace562fc UE4Editor-Core.dll!UnknownFunction []
[2019.06.23-23.11.23:890][ 77]LogWindows: Error: [Callstack] 0x00007ff8acde51db UE4Editor-Core.dll!UnknownFunction []
[2019.06.23-23.11.23:890][ 77]LogWindows: Error: [Callstack] 0x00007ff8a6386f38 UE4Editor-Kismet.dll!UnknownFunction []
[2019.06.23-23.11.23:890][ 77]LogWindows: Error: [Callstack] 0x00007ff8a6385c2e UE4Editor-Kismet.dll!UnknownFunction []
[2019.06.23-23.11.23:890][ 77]LogWindows: Error: [Callstack] 0x00007ff8a752f60a UE4Editor-GraphEditor.dll!UnknownFunction []
[2019.06.23-23.11.23:890][ 77]LogWindows: Error: [Callstack] 0x00007ff8ac6c8a9e UE4Editor-Slate.dll!UnknownFunction []
[2019.06.23-23.11.23:891][ 77]LogWindows: Error: [Callstack] 0x00007ff8ac761ff8 UE4Editor-Slate.dll!UnknownFunction []
[2019.06.23-23.11.23:891][ 77]LogWindows: Error: [Callstack] 0x00007ff8ac747c7a UE4Editor-Slate.dll!UnknownFunction []
[2019.06.23-23.11.23:891][ 77]LogWindows: Error: [Callstack] 0x00007ff8ac73b25c UE4Editor-Slate.dll!UnknownFunction []
[2019.06.23-23.11.23:891][ 77]LogWindows: Error: [Callstack] 0x00007ff8b602d1c7 UE4Editor-ApplicationCore.dll!UnknownFunction []
[2019.06.23-23.11.23:891][ 77]LogWindows: Error: [Callstack] 0x00007ff8b6020270 UE4Editor-ApplicationCore.dll!UnknownFunction []
[2019.06.23-23.11.23:891][ 77]LogWindows: Error: [Callstack] 0x00007ff8b602f4c5 UE4Editor-ApplicationCore.dll!UnknownFunction []
[2019.06.23-23.11.23:891][ 77]LogWindows: Error: [Callstack] 0x00007ff8b601c209 UE4Editor-ApplicationCore.dll!UnknownFunction []
[2019.06.23-23.11.23:891][ 77]LogWindows: Error: [Callstack] 0x00007ff8dde06d41 USER32.dll!UnknownFunction []
[2019.06.23-23.11.23:891][ 77]LogWindows: Error: [Callstack] 0x00007ff8dde06713 USER32.dll!UnknownFunction []
[2019.06.23-23.11.23:891][ 77]LogWindows: Error: [Callstack] 0x00007ff8b6030646 UE4Editor-ApplicationCore.dll!UnknownFunction []
[2019.06.23-23.11.23:891][ 77]LogWindows: Error: [Callstack] 0x00007ff6fe6054e5 UE4Editor.exe!UnknownFunction []
[2019.06.23-23.11.23:891][ 77]LogWindows: Error: [Callstack] 0x00007ff6fe615b3c UE4Editor.exe!UnknownFunction []
[2019.06.23-23.11.23:891][ 77]LogWindows: Error: [Callstack] 0x00007ff6fe615bba UE4Editor.exe!UnknownFunction []
[2019.06.23-23.11.23:891][ 77]LogWindows: Error: [Callstack] 0x00007ff6fe623dac UE4Editor.exe!UnknownFunction []
[2019.06.23-23.11.23:891][ 77]LogWindows: Error: [Callstack] 0x00007ff6fe625aaa UE4Editor.exe!UnknownFunction []
[2019.06.23-23.11.23:891][ 77]LogWindows: Error: [Callstack] 0x00007ff8de8d4034 KERNEL32.DLL!UnknownFunction []
[2019.06.23-23.11.23:891][ 77]LogWindows: Error: [Callstack] 0x00007ff8e08c3691 ntdll.dll!UnknownFunction []
[2019.06.23-23.11.23:891][ 77]LogWindows: Error: 
[2019.06.23-23.11.23:900][ 77]LogExit: Executing StaticShutdownAfterError
[2019.06.23-23.11.23:903][ 77]LogWindows: FPlatformMisc::RequestExit(1)
[2019.06.23-23.11.23:904][ 77]Log file closed, 06/23/19 20:11:23
